#
# There is insufficient memory for the Java Runtime Environment to continue.
# Native memory allocation (malloc) failed to allocate 586976 bytes for Chunk::new
# Possible reasons:
#   The system is out of physical RAM or swap space
#   The process is running with CompressedOops enabled, and the Java Heap may be blocking the growth of the native heap
# Possible solutions:
#   Reduce memory load on the system
#   Increase physical memory or swap space
#   Check if swap backing store is full
#   Decrease Java heap size (-Xmx/-Xms)
#   Decrease number of Java threads
#   Decrease Java thread stack sizes (-Xss)
#   Set larger code cache with -XX:ReservedCodeCacheSize=
#   JVM is running with Unscaled Compressed Oops mode in which the Java heap is
#     placed in the first 4GB address space. The Java Heap base address is the
#     maximum limit for the native heap growth. Please use -XX:HeapBaseMinAddress
#     to set the Java Heap base and to place the Java Heap above 4GB virtual address.
# This output file may be truncated or incomplete.
#
#  Out of Memory Error (arena.cpp:189), pid=14524, tid=12684
#
# JRE version: OpenJDK Runtime Environment Temurin-17.0.7+7 (17.0.7+7) (build 17.0.7+7)
# Java VM: OpenJDK 64-Bit Server VM Temurin-17.0.7+7 (17.0.7+7, mixed mode, tiered, compressed oops, compressed class ptrs, parallel gc, windows-amd64)
# No core dump will be written. Minidumps are not enabled by default on client versions of Windows
#

---------------  S U M M A R Y ------------

Command Line: --add-modules=ALL-SYSTEM --add-opens=java.base/java.util=ALL-UNNAMED --add-opens=java.base/java.lang=ALL-UNNAMED --add-opens=java.base/sun.nio.fs=ALL-UNNAMED -Declipse.application=org.eclipse.jdt.ls.core.id1 -Dosgi.bundles.defaultStartLevel=4 -Declipse.product=org.eclipse.jdt.ls.core.product -Djava.import.generatesMetadataFilesAtProjectRoot=false -Dfile.encoding=utf8 -XX:+UseParallelGC -XX:GCTimeRatio=4 -XX:AdaptiveSizePolicyWeight=90 -Dsun.zip.disableMemoryMapping=true -Xmx1G -Xms100m -Xlog:disable -javaagent:c:\Users\Lenovo X395\.vscode\extensions\redhat.java-1.19.0-win32-x64\lombok\lombok-1.18.28.jar -XX:+HeapDumpOnOutOfMemoryError -XX:HeapDumpPath=c:\Users\Lenovo X395\AppData\Roaming\Code\User\workspaceStorage\285a490a55f3f95498b4f89d341d63b4\redhat.java -Daether.dependencyCollector.impl=bf c:\Users\Lenovo X395\.vscode\extensions\redhat.java-1.19.0-win32-x64\server\plugins\org.eclipse.equinox.launcher_1.6.400.v20210924-0641.jar -configuration c:\Users\Lenovo X395\AppData\Roaming\Code\User\globalStorage\redhat.java\1.19.0\config_win -data c:\Users\Lenovo X395\AppData\Roaming\Code\User\workspaceStorage\285a490a55f3f95498b4f89d341d63b4\redhat.java\jdt_ws

Host: AMD Ryzen 5 PRO 3500U w/ Radeon Vega Mobile Gfx, 8 cores, 5G,  Windows 11 , 64 bit Build 22621 (10.0.22621.1635)
Time: Fri Jun  9 19:56:55 2023 Paris, Madrid (heure duild 22621 (10.0.22621.1635) elapsed time: 5.898505 seconds (0d 0h 0m 5s)

---------------  T H R E A D  ---------------

Current thread (0x00000255f98ed4f0):  JavaThread "C2 CompilerThread0" daemon [_thread_in_native, id=12684, stack(0x000000e64a200000,0x000000e64a300000)]


Current CompileTask:
C2:   5898 2430   !   4       java.util.jar.Attributes::read (498 bytes)

Stack: [0x000000e64a200000,0x000000e64a300000]
Native frames: (J=compiled Java code, j=interpreted, Vv=VM code, C=native code)
V  [jvm.dll+0x67754a]
V  [jvm.dll+0x834304]
V  [jvm.dll+0x835aae]
V  [jvm.dll+0x836113]
V  [jvm.dll+0x24696f]
V  [jvm.dll+0xac0ac]
V  [jvm.dll+0xac67c]
V  [jvm.dll+0x364e37]
V  [jvm.dll+0x32f6b1]
V  [jvm.dll+0x32eb5a]
V  [jvm.dll+0x219641]
V  [jvm.dll+0x218a61]
V  [jvm.dll+0x1a4d8d]
V  [jvm.dll+0x2284da]
V  [jvm.dll+0x226615]
V  [jvm.dll+0x7ea90b]
V  [jvm.dll+0x7e4e7a]
V  [jvm.dll+0x676395]
C  [ucrtbase.dll+0x29363]
C  [KERNEL32.DLL+0x126ad]
C  [ntdll.dll+0x5a9f8]


---------------  P R O C E S S  ---------------

Threads class SMR info:
_java_thread_list=0x00000255fb3c9fa0, length=20, elements={
0x00000255e07e62d0, 0x00000255e089d870, 0x00000255f46575c0, 0x00000255f98cc1b0,
0x00000255f98e1550, 0x00000255f98e1f10, 0x00000255f98e27d0, 0x00000255f98ed4f0,
0x00000255f465e310, 0x00000255f9950c80, 0x00000255f99d6c60, 0x00000255fa8d8ba0,
0x00000255fadc2df0, 0x00000255fafb17d0, 0x00000255fade2d40, 0x00000255fb013f50,
0x00000255fb011cd0, 0x00000255faef2700, 0x00000255faf126e0, 0x00000255faf13080
}

Java Threads: ( => current thread )
  0x00000255e07e62d0 JavaThread "main" [_thread_blocked, id=18380, stack(0x000000e649900000,0x000000e649a00000)]
  0x00000255e089d870 JavaThread "Reference Handler" daemon [_thread_blocked, id=21752, stack(0x000000e649c00000,0x000000e649d00000)]
  0x00000255f46575c0 JavaThread "Finalizer" daemon [_thread_blocked, id=25344, stack(0x000000e649d00000,0x000000e649e00000)]
  0x00000255f98cc1b0 JavaThread "Signal Dispatcher" daemon [_thread_blocked, id=22616, stack(0x000000e649e00000,0x000000e649f00000)]
  0x00000255f98e1550 JavaThread "Attach Listener" daemon [_thread_blocked, id=9492, stack(0x000000e649f00000,0x000000e64a000000)]
  0x00000255f98e1f10 JavaThread "Service Thread" daemon [_thread_blocked, id=13432, stack(0x000000e64a000000,0x000000e64a100000)]
  0x00000255f98e27d0 JavaThread "Monitor Deflation Thread" daemon [_thread_blocked, id=5700, stack(0x000000e64a100000,0x000000e64a200000)]
=>0x00000255f98ed4f0 JavaThread "C2 CompilerThread0" daemon [_thread_in_native, id=12684, stack(0x000000e64a200000,0x000000e64a300000)]
  0x00000255f465e310 JavaThread "C1 CompilerThread0" daemon [_thread_blocked, id=3736, stack(0x000000e64a300000,0x000000e64a400000)]
  0x00000255f9950c80 JavaThread "Sweeper thread" daemon [_thread_blocked, id=1600, stack(0x000000e64a400000,0x000000e64a500000)]
  0x00000255f99d6c60 JavaThread "Common-Cleaner" daemon [_thread_blocked, id=3912, stack(0x000000e64a500000,0x000000e64a600000)]
  0x00000255fa8d8ba0 JavaThread "Notification Thread" daemon [_thread_blocked, id=3776, stack(0x000000e64a600000,0x000000e64a700000)]
  0x00000255fadc2df0 JavaThread "Active Thread: Equinox Container: 1fd76340-7b92-49ba-a701-40d757762576" [_thread_blocked, id=16292, stack(0x000000e64ae00000,0x000000e64af00000)]
  0x00000255fafb17d0 JavaThread "Framework Event Dispatcher: Equinox Container: 1fd76340-7b92-49ba-a701-40d757762576" daemon [_thread_blocked, id=25276, stack(0x000000e64af00000,0x000000e64b000000)]
  0x00000255fade2d40 JavaThread "Start Level: Equinox Container: 1fd76340-7b92-49ba-a701-40d757762576" daemon [_thread_in_native, id=25412, stack(0x000000e64b000000,0x000000e64b100000)]
  0x00000255fb013f50 JavaThread "SCR Component Actor" daemon [_thread_blocked, id=6920, stack(0x000000e64b100000,0x000000e64b200000)]
  0x00000255fb011cd0 JavaThread "SCR Component Registry" daemon [_thread_blocked, id=13380, stack(0x000000e64b300000,0x000000e64b400000)]
  0x00000255faef2700 JavaThread "Worker-JM" [_thread_blocked, id=13272, stack(0x000000e64b400000,0x000000e64b500000)]
  0x00000255faf126e0 JavaThread "Worker-0: Checking project encoding" [_thread_blocked, id=7520, stack(0x000000e64b500000,0x000000e64b600000)]
  0x00000255faf13080 JavaThread "Worker-1" [_thread_blocked, id=23384, stack(0x000000e64b600000,0x000000e64b700000)]

Other Threads:
  0x00000255f98a1c30 VMThread "VM Thread" [stack: 0x000000e649b00000,0x000000e649c00000] [id=3020]
  0x00000255f9c7e5b0 WatcherThread [stack: 0x000000e64a700000,0x000000e64a800000] [id=21348]
  0x00000255e07f3ce0 GCTaskThread "GC Thread#0" [stack: 0x000000e649a00000,0x000000e649b00000] [id=25044]
  0x00000255faca6430 GCTaskThread "GC Thread#1" [stack: 0x000000e64a800000,0x000000e64a900000] [id=4284]
  0x00000255faca66e0 GCTaskThread "GC Thread#2" [stack: 0x000000e64a900000,0x000000e64aa00000] [id=12952]
  0x00000255faca6990 GCTaskThread "GC Thread#3" [stack: 0x000000e64aa00000,0x000000e64ab00000] [id=16772]
  0x00000255fad32900 GCTaskThread "GC Thread#4" [stack: 0x000000e64ab00000,0x000000e64ac00000] [id=6392]
  0x00000255fad32bb0 GCTaskThread "GC Thread#5" [stack: 0x000000e64ac00000,0x000000e64ad00000] [id=15868]
  0x00000255fad32e60 GCTaskThread "GC Thread#6" [stack: 0x000000e64ad00000,0x000000e64ae00000] [id=24688]
  0x00000255faf34dc0 GCTaskThread "GC Thread#7" [stack: 0x000000e64b200000,0x000000e64b300000] [id=14900]

Threads with active compile tasks:
C2 CompilerThread0     5944 2430   !   4       java.util.jar.Attributes::read (498 bytes)

VM state: not at safepoint (normal execution)

VM Mutex/Monitor currently owned by a thread: None

Heap address: 0x00000000c0000000, size: 1024 MB, Compressed Oops mode: 32-bit

CDS archive(s) not mapped
Compressed class space mapped at: 0x0000000100000000-0x0000000140000000, reserved size: 1073741824
Narrow klass base: 0x0000000000000000, Narrow klass shift: 3, Narrow klass range: 0x140000000

GC Precious Log:
 CPUs: 8 total, 8 available
 Memory: 6056M
 Large Page Support: Disabled
 NUMA Support: Disabled
 Compressed Oops: Enabled (32-bit)
 Alignments: Space 512K, Generation 512K, Heap 2M
 Heap Min Capacity: 100M
 Heap Initial Capacity: 100M
 Heap Max Capacity: 1G
 Pre-touch: Disabled
 Parallel Workers: 8

Heap:
 PSYoungGen      total 29696K, used 16157K [0x00000000eab00000, 0x00000000ecc00000, 0x0000000100000000)
  eden space 25600K, 63% used [0x00000000eab00000,0x00000000ebac77e8,0x00000000ec400000)
  from space 4096K, 0% used [0x00000000ec800000,0x00000000ec800000,0x00000000ecc00000)
  to   space 4096K, 0% used [0x00000000ec400000,0x00000000ec400000,0x00000000ec800000)
 ParOldGen       total 68608K, used 7870K [0x00000000c0000000, 0x00000000c4300000, 0x00000000eab00000)
  object space 68608K, 11% used [0x00000000c0000000,0x00000000c07af8a0,0x00000000c4300000)
 Metaspace       used 22563K, committed 23104K, reserved 1114112K
  class space    used 2325K, committed 2560K, reserved 1048576K

Card table byte_map: [0x00000255e0180000,0x00000255e0390000] _byte_map_base: 0x00000255dfb80000

Marking Bits: (ParMarkBitMap*) 0x00007ffc0dff52c0
 Begin Bits: [0x00000255f2460000, 0x00000255f3460000)
 End Bits:   [0x00000255f3460000, 0x00000255f4460000)

Polling page: 0x00000255de7a0000

Metaspace:

Usage:
  Non-class:     19.76 MB used.
      Class:      2.27 MB used.
       Both:     22.03 MB used.

Virtual space:
  Non-class space:       64.00 MB reserved,      20.06 MB ( 31%) committed,  1 nodes.
      Class space:        1.00 GB reserved,       2.50 MB ( <1%) committed,  1 nodes.
             Both:        1.06 GB reserved,      22.56 MB (  2%) committed. 

Chunk freelists:
   Non-Class:  11.73 MB
       Class:  13.56 MB
        Both:  25.29 MB

MaxMetaspaceSize: unlimited
CompressedClassSpaceSize: 1.00 GB
Initial GC threshold: 21.00 MB
Current GC threshold: 35.00 MB
CDS: off
MetaspaceReclaimPolicy: balanced
 - commit_granule_bytes: 65536.
 - commit_granule_words: 8192.
 - virtual_space_node_default_size: 8388608.
 - enlarge_chunks_in_place: 1.
 - new_chunks_are_fully_committed: 0.
 - uncommit_free_chunks: 1.
 - use_allocation_guard: 0.
 - handle_deallocations: 1.


Internal statistics:

num_allocs_failed_limit: 3.
num_arena_births: 208.
num_arena_deaths: 14.
num_vsnodes_births: 2.
num_vsnodes_deaths: 0.
num_space_committed: 361.
num_space_uncommitted: 0.
num_chunks_returned_to_freelist: 17.
num_chunks_taken_from_freelist: 758.
num_chunk_merges: 4.
num_chunk_splits: 490.
num_chunks_enlarged: 357.
num_inconsistent_stats: 0.

CodeHeap 'non-profiled nmethods': size=120000Kb used=913Kb max_used=913Kb free=119086Kb
 bounds [0x00000255eaf30000, 0x00000255eb1a0000, 0x00000255f2460000]
CodeHeap 'profiled nmethods': size=120000Kb used=4865Kb max_used=4865Kb free=115134Kb
 bounds [0x00000255e3460000, 0x00000255e3930000, 0x00000255ea990000]
CodeHeap 'non-nmethods': size=5760Kb used=1195Kb max_used=1215Kb free=4564Kb
 bounds [0x00000255ea990000, 0x00000255eac00000, 0x00000255eaf30000]
 total_blobs=2970 nmethods=2475 adapters=409
 compilation: enabled
              stopped_count=0, restarted_count=0
 full_count=0

Compilation events (20 events):
Event: 5.859 Thread 0x00000255f465e310 nmethod 2455 0x00000255e390b190 code [0x00000255e390b340, 0x00000255e390b5c8]
Event: 5.860 Thread 0x00000255f465e310 2457       3       java.util.stream.AbstractPipeline::wrapSink (37 bytes)
Event: 5.861 Thread 0x00000255f465e310 nmethod 2457 0x00000255e390b710 code [0x00000255e390b8e0, 0x00000255e390bcd8]
Event: 5.861 Thread 0x00000255f465e310 2456       3       java.util.stream.AbstractPipeline::sourceSpliterator (265 bytes)
Event: 5.862 Thread 0x00000255f465e310 nmethod 2456 0x00000255e390be90 code [0x00000255e390c120, 0x00000255e390d048]
Event: 5.862 Thread 0x00000255f465e310 2458       3       java.util.concurrent.CountDownLatch::countDown (10 bytes)
Event: 5.863 Thread 0x00000255f465e310 nmethod 2458 0x00000255e390d590 code [0x00000255e390d760, 0x00000255e390d9b8]
Event: 5.863 Thread 0x00000255f465e310 2459       3       jdk.internal.reflect.ReflectionFactory::copyMethod (11 bytes)
Event: 5.864 Thread 0x00000255f465e310 nmethod 2459 0x00000255e390db10 code [0x00000255e390dcc0, 0x00000255e390dea8]
Event: 5.864 Thread 0x00000255f465e310 2460       3       java.lang.reflect.ReflectAccess::copyMethod (5 bytes)
Event: 5.864 Thread 0x00000255f465e310 nmethod 2460 0x00000255e390e010 code [0x00000255e390e1c0, 0x00000255e390e308]
Event: 5.865 Thread 0x00000255f465e310 2461       1       java.util.concurrent.CopyOnWriteArrayList::getArray (5 bytes)
Event: 5.866 Thread 0x00000255f465e310 nmethod 2461 0x00000255eb013810 code [0x00000255eb0139a0, 0x00000255eb013a78]
Event: 5.866 Thread 0x00000255f465e310 2462       1       org.apache.felix.scr.impl.inject.BaseParameter::getComponentContext (5 bytes)
Event: 5.866 Thread 0x00000255f465e310 nmethod 2462 0x00000255eb013b10 code [0x00000255eb013ca0, 0x00000255eb013d78]
Event: 5.873 Thread 0x00000255f465e310 2463       1       org.apache.felix.scr.impl.metadata.ReferenceMetadata::isMultiple (5 bytes)
Event: 5.874 Thread 0x00000255f465e310 nmethod 2463 0x00000255eb013e10 code [0x00000255eb013fa0, 0x00000255eb014078]
Event: 5.894 Thread 0x00000255f465e310 2464       3       sun.util.locale.LanguageTag::getExtensions (24 bytes)
Event: 5.894 Thread 0x00000255f465e310 nmethod 2464 0x00000255e390e410 code [0x00000255e390e5e0, 0x00000255e390e8b8]
Event: 5.895 Thread 0x00000255f465e310 2473       3       sun.util.locale.LocaleObjectCache::get (126 bytes)

GC Heap History (10 events):
Event: 2.444 GC heap before
{Heap before GC invocations=1 (full 0):
 PSYoungGen      total 29696K, used 25600K [0x00000000eab00000, 0x00000000ecc00000, 0x0000000100000000)
  eden space 25600K, 100% used [0x00000000eab00000,0x00000000ec400000,0x00000000ec400000)
  from space 4096K, 0% used [0x00000000ec800000,0x00000000ec800000,0x00000000ecc00000)
  to   space 4096K, 0% used [0x00000000ec400000,0x00000000ec400000,0x00000000ec800000)
 ParOldGen       total 68608K, used 0K [0x00000000c0000000, 0x00000000c4300000, 0x00000000eab00000)
  object space 68608K, 0% used [0x00000000c0000000,0x00000000c0000000,0x00000000c4300000)
 Metaspace       used 11190K, committed 11328K, reserved 1114112K
  class space    used 1119K, committed 1216K, reserved 1048576K
}
Event: 2.452 GC heap after
{Heap after GC invocations=1 (full 0):
 PSYoungGen      total 29696K, used 3208K [0x00000000eab00000, 0x00000000ecc00000, 0x0000000100000000)
  eden space 25600K, 0% used [0x00000000eab00000,0x00000000eab00000,0x00000000ec400000)
  from space 4096K, 78% used [0x00000000ec400000,0x00000000ec7223c8,0x00000000ec800000)
  to   space 4096K, 0% used [0x00000000ec800000,0x00000000ec800000,0x00000000ecc00000)
 ParOldGen       total 68608K, used 16K [0x00000000c0000000, 0x00000000c4300000, 0x00000000eab00000)
  object space 68608K, 0% used [0x00000000c0000000,0x00000000c0004000,0x00000000c4300000)
 Metaspace       used 11190K, committed 11328K, reserved 1114112K
  class space    used 1119K, committed 1216K, reserved 1048576K
}
Event: 3.715 GC heap before
{Heap before GC invocations=2 (full 0):
 PSYoungGen      total 29696K, used 28808K [0x00000000eab00000, 0x00000000ecc00000, 0x0000000100000000)
  eden space 25600K, 100% used [0x00000000eab00000,0x00000000ec400000,0x00000000ec400000)
  from space 4096K, 78% used [0x00000000ec400000,0x00000000ec7223c8,0x00000000ec800000)
  to   space 4096K, 0% used [0x00000000ec800000,0x00000000ec800000,0x00000000ecc00000)
 ParOldGen       total 68608K, used 16K [0x00000000c0000000, 0x00000000c4300000, 0x00000000eab00000)
  object space 68608K, 0% used [0x00000000c0000000,0x00000000c0004000,0x00000000c4300000)
 Metaspace       used 14904K, committed 15168K, reserved 1114112K
  class space    used 1512K, committed 1664K, reserved 1048576K
}
Event: 3.723 GC heap after
{Heap after GC invocations=2 (full 0):
 PSYoungGen      total 29696K, used 4072K [0x00000000eab00000, 0x00000000ecc00000, 0x0000000100000000)
  eden space 25600K, 0% used [0x00000000eab00000,0x00000000eab00000,0x00000000ec400000)
  from space 4096K, 99% used [0x00000000ec800000,0x00000000ecbfa3a8,0x00000000ecc00000)
  to   space 4096K, 0% used [0x00000000ec400000,0x00000000ec400000,0x00000000ec800000)
 ParOldGen       total 68608K, used 1402K [0x00000000c0000000, 0x00000000c4300000, 0x00000000eab00000)
  object space 68608K, 2% used [0x00000000c0000000,0x00000000c015e840,0x00000000c4300000)
 Metaspace       used 14904K, committed 15168K, reserved 1114112K
  class space    used 1512K, committed 1664K, reserved 1048576K
}
Event: 5.220 GC heap before
{Heap before GC invocations=3 (full 0):
 PSYoungGen      total 29696K, used 29672K [0x00000000eab00000, 0x00000000ecc00000, 0x0000000100000000)
  eden space 25600K, 100% used [0x00000000eab00000,0x00000000ec400000,0x00000000ec400000)
  from space 4096K, 99% used [0x00000000ec800000,0x00000000ecbfa3a8,0x00000000ecc00000)
  to   space 4096K, 0% used [0x00000000ec400000,0x00000000ec400000,0x00000000ec800000)
 ParOldGen       total 68608K, used 1402K [0x00000000c0000000, 0x00000000c4300000, 0x00000000eab00000)
  object space 68608K, 2% used [0x00000000c0000000,0x00000000c015e840,0x00000000c4300000)
 Metaspace       used 19895K, committed 20224K, reserved 1114112K
  class space    used 2015K, committed 2176K, reserved 1048576K
}
Event: 5.225 GC heap after
{Heap after GC invocations=3 (full 0):
 PSYoungGen      total 29696K, used 4066K [0x00000000eab00000, 0x00000000ecc00000, 0x0000000100000000)
  eden space 25600K, 0% used [0x00000000eab00000,0x00000000eab00000,0x00000000ec400000)
  from space 4096K, 99% used [0x00000000ec400000,0x00000000ec7f8ae8,0x00000000ec800000)
  to   space 4096K, 0% used [0x00000000ec800000,0x00000000ec800000,0x00000000ecc00000)
 ParOldGen       total 68608K, used 3747K [0x00000000c0000000, 0x00000000c4300000, 0x00000000eab00000)
  object space 68608K, 5% used [0x00000000c0000000,0x00000000c03a8ce8,0x00000000c4300000)
 Metaspace       used 19895K, committed 20224K, reserved 1114112K
  class space    used 2015K, committed 2176K, reserved 1048576K
}
Event: 5.457 GC heap before
{Heap before GC invocations=4 (full 0):
 PSYoungGen      total 29696K, used 10527K [0x00000000eab00000, 0x00000000ecc00000, 0x0000000100000000)
  eden space 25600K, 25% used [0x00000000eab00000,0x00000000eb14f450,0x00000000ec400000)
  from space 4096K, 99% used [0x00000000ec400000,0x00000000ec7f8ae8,0x00000000ec800000)
  to   space 4096K, 0% used [0x00000000ec800000,0x00000000ec800000,0x00000000ecc00000)
 ParOldGen       total 68608K, used 3747K [0x00000000c0000000, 0x00000000c4300000, 0x00000000eab00000)
  object space 68608K, 5% used [0x00000000c0000000,0x00000000c03a8ce8,0x00000000c4300000)
 Metaspace       used 21042K, committed 21504K, reserved 1114112K
  class space    used 2134K, committed 2368K, reserved 1048576K
}
Event: 5.460 GC heap after
{Heap after GC invocations=4 (full 0):
 PSYoungGen      total 29696K, used 4089K [0x00000000eab00000, 0x00000000ecc00000, 0x0000000100000000)
  eden space 25600K, 0% used [0x00000000eab00000,0x00000000eab00000,0x00000000ec400000)
  from space 4096K, 99% used [0x00000000ec800000,0x00000000ecbfe690,0x00000000ecc00000)
  to   space 4096K, 0% used [0x00000000ec400000,0x00000000ec400000,0x00000000ec800000)
 ParOldGen       total 68608K, used 3984K [0x00000000c0000000, 0x00000000c4300000, 0x00000000eab00000)
  object space 68608K, 5% used [0x00000000c0000000,0x00000000c03e4278,0x00000000c4300000)
 Metaspace       used 21042K, committed 21504K, reserved 1114112K
  class space    used 2134K, committed 2368K, reserved 1048576K
}
Event: 5.460 GC heap before
{Heap before GC invocations=5 (full 1):
 PSYoungGen      total 29696K, used 4089K [0x00000000eab00000, 0x00000000ecc00000, 0x0000000100000000)
  eden space 25600K, 0% used [0x00000000eab00000,0x00000000eab00000,0x00000000ec400000)
  from space 4096K, 99% used [0x00000000ec800000,0x00000000ecbfe690,0x00000000ecc00000)
  to   space 4096K, 0% used [0x00000000ec400000,0x00000000ec400000,0x00000000ec800000)
 ParOldGen       total 68608K, used 3984K [0x00000000c0000000, 0x00000000c4300000, 0x00000000eab00000)
  object space 68608K, 5% used [0x00000000c0000000,0x00000000c03e4278,0x00000000c4300000)
 Metaspace       used 21042K, committed 21504K, reserved 1114112K
  class space    used 2134K, committed 2368K, reserved 1048576K
}
Event: 5.488 GC heap after
{Heap after GC invocations=5 (full 1):
 PSYoungGen      total 29696K, used 0K [0x00000000eab00000, 0x00000000ecc00000, 0x0000000100000000)
  eden space 25600K, 0% used [0x00000000eab00000,0x00000000eab00000,0x00000000ec400000)
  from space 4096K, 0% used [0x00000000ec800000,0x00000000ec800000,0x00000000ecc00000)
  to   space 4096K, 0% used [0x00000000ec400000,0x00000000ec400000,0x00000000ec800000)
 ParOldGen       total 68608K, used 7870K [0x00000000c0000000, 0x00000000c4300000, 0x00000000eab00000)
  object space 68608K, 11% used [0x00000000c0000000,0x00000000c07af8a0,0x00000000c4300000)
 Metaspace       used 21029K, committed 21504K, reserved 1114112K
  class space    used 2131K, committed 2368K, reserved 1048576K
}

Dll operation events (9 events):
Event: 0.076 Loaded shared library c:\Users\Lenovo X395\.vscode\extensions\redhat.java-1.19.0-win32-x64\jre\17.0.7-win32-x86_64\bin\java.dll
Event: 0.662 Loaded shared library c:\Users\Lenovo X395\.vscode\extensions\redhat.java-1.19.0-win32-x64\jre\17.0.7-win32-x86_64\bin\zip.dll
Event: 0.667 Loaded shared library C:\Users\Lenovo X395\.vscode\extensions\redhat.java-1.19.0-win32-x64\jre\17.0.7-win32-x86_64\bin\instrument.dll
Event: 0.701 Loaded shared library C:\Users\Lenovo X395\.vscode\extensions\redhat.java-1.19.0-win32-x64\jre\17.0.7-win32-x86_64\bin\net.dll
Event: 0.716 Loaded shared library C:\Users\Lenovo X395\.vscode\extensions\redhat.java-1.19.0-win32-x64\jre\17.0.7-win32-x86_64\bin\nio.dll
Event: 0.743 Loaded shared library C:\Users\Lenovo X395\.vscode\extensions\redhat.java-1.19.0-win32-x64\jre\17.0.7-win32-x86_64\bin\zip.dll
Event: 0.790 Loaded shared library C:\Users\Lenovo X395\.vscode\extensions\redhat.java-1.19.0-win32-x64\jre\17.0.7-win32-x86_64\bin\jimage.dll
Event: 0.952 Loaded shared library c:\Users\Lenovo X395\.vscode\extensions\redhat.java-1.19.0-win32-x64\jre\17.0.7-win32-x86_64\bin\verify.dll
Event: 3.500 Loaded shared library C:\Users\Lenovo X395\AppData\Roaming\Code\User\globalStorage\redhat.java\1.19.0\config_win\org.eclipse.equinox.launcher\org.eclipse.equinox.launcher.win32.win32.x86_64_1.2.700.v20221108-1024\eclipse_11801.dll

Deoptimization events (20 events):
Event: 5.830 Thread 0x00000255fade2d40 DEOPT PACKING pc=0x00000255e3567909 sp=0x000000e64b0f13a0
Event: 5.830 Thread 0x00000255fade2d40 DEOPT UNPACKING pc=0x00000255ea9e6e43 sp=0x000000e64b0f0828 mode 0
Event: 5.831 Thread 0x00000255fade2d40 DEOPT PACKING pc=0x00000255e35679e1 sp=0x000000e64b0f13a0
Event: 5.831 Thread 0x00000255fade2d40 DEOPT UNPACKING pc=0x00000255ea9e6e43 sp=0x000000e64b0f0828 mode 0
Event: 5.831 Thread 0x00000255fade2d40 DEOPT PACKING pc=0x00000255e35679e1 sp=0x000000e64b0f13a0
Event: 5.831 Thread 0x00000255fade2d40 DEOPT UNPACKING pc=0x00000255ea9e6e43 sp=0x000000e64b0f0828 mode 0
Event: 5.834 Thread 0x00000255fade2d40 DEOPT PACKING pc=0x00000255e35679e1 sp=0x000000e64b0f13a0
Event: 5.834 Thread 0x00000255fade2d40 DEOPT UNPACKING pc=0x00000255ea9e6e43 sp=0x000000e64b0f0828 mode 0
Event: 5.835 Thread 0x00000255fade2d40 DEOPT PACKING pc=0x00000255e35679e1 sp=0x000000e64b0f13a0
Event: 5.835 Thread 0x00000255fade2d40 DEOPT UNPACKING pc=0x00000255ea9e6e43 sp=0x000000e64b0f0828 mode 0
Event: 5.835 Thread 0x00000255fade2d40 DEOPT PACKING pc=0x00000255e35679e1 sp=0x000000e64b0f13a0
Event: 5.835 Thread 0x00000255fade2d40 DEOPT UNPACKING pc=0x00000255ea9e6e43 sp=0x000000e64b0f0828 mode 0
Event: 5.836 Thread 0x00000255fade2d40 DEOPT PACKING pc=0x00000255e3567909 sp=0x000000e64b0f13a0
Event: 5.836 Thread 0x00000255fade2d40 DEOPT UNPACKING pc=0x00000255ea9e6e43 sp=0x000000e64b0f0828 mode 0
Event: 5.836 Thread 0x00000255fade2d40 DEOPT PACKING pc=0x00000255e3567909 sp=0x000000e64b0f13a0
Event: 5.836 Thread 0x00000255fade2d40 DEOPT UNPACKING pc=0x00000255ea9e6e43 sp=0x000000e64b0f0828 mode 0
Event: 5.836 Thread 0x00000255fade2d40 DEOPT PACKING pc=0x00000255e3567909 sp=0x000000e64b0f13a0
Event: 5.836 Thread 0x00000255fade2d40 DEOPT UNPACKING pc=0x00000255ea9e6e43 sp=0x000000e64b0f0828 mode 0
Event: 5.842 Thread 0x00000255fade2d40 DEOPT PACKING pc=0x00000255e35ad09e sp=0x000000e64b0f1d80
Event: 5.842 Thread 0x00000255fade2d40 DEOPT UNPACKING pc=0x00000255ea9e6e43 sp=0x000000e64b0f1278 mode 0

Classes unloaded (7 events):
Event: 5.464 Thread 0x00000255f98a1c30 Unloading class 0x0000000100215400 'java/lang/invoke/LambdaForm$MH+0x0000000100215400'
Event: 5.464 Thread 0x00000255f98a1c30 Unloading class 0x0000000100215000 'java/lang/invoke/LambdaForm$MH+0x0000000100215000'
Event: 5.464 Thread 0x00000255f98a1c30 Unloading class 0x0000000100214c00 'java/lang/invoke/LambdaForm$MH+0x0000000100214c00'
Event: 5.464 Thread 0x00000255f98a1c30 Unloading class 0x0000000100214800 'java/lang/invoke/LambdaForm$MH+0x0000000100214800'
Event: 5.464 Thread 0x00000255f98a1c30 Unloading class 0x0000000100214000 'java/lang/invoke/LambdaForm$BMH+0x0000000100214000'
Event: 5.464 Thread 0x00000255f98a1c30 Unloading class 0x0000000100213c00 'java/lang/invoke/LambdaForm$DMH+0x0000000100213c00'
Event: 5.464 Thread 0x00000255f98a1c30 Unloading class 0x0000000100211000 'java/lang/invoke/LambdaForm$DMH+0x0000000100211000'

Classes redefined (0 events):
No events

Internal exceptions (20 events):
Event: 5.109 Thread 0x00000255fade2d40 Exception <a 'java/lang/NoSuchMethodError'{0x00000000ec20da08}: 'void java.lang.invoke.DelegatingMethodHandle$Holder.delegate(java.lang.Object, java.lang.Object, int, java.lang.Object)'> (0x00000000ec20da08) 
thrown [s\src\hotspot\share\interpreter\linkResolver.cpp, line 759]
Event: 5.109 Thread 0x00000255fade2d40 Exception <a 'java/lang/NoSuchMethodError'{0x00000000ec211df0}: 'int java.lang.invoke.DirectMethodHandle$Holder.invokeSpecial(java.lang.Object, java.lang.Object, java.lang.Object)'> (0x00000000ec211df0) 
thrown [s\src\hotspot\share\interpreter\linkResolver.cpp, line 759]
Event: 5.112 Thread 0x00000255fade2d40 Exception <a 'java/lang/NoSuchMethodError'{0x00000000ec222720}: 'int java.lang.invoke.DirectMethodHandle$Holder.invokeStatic(java.lang.Object, java.lang.Object, int)'> (0x00000000ec222720) 
thrown [s\src\hotspot\share\interpreter\linkResolver.cpp, line 759]
Event: 5.112 Thread 0x00000255fade2d40 Exception <a 'java/lang/NoSuchMethodError'{0x00000000ec226b18}: 'int java.lang.invoke.DirectMethodHandle$Holder.invokeSpecial(java.lang.Object, java.lang.Object, java.lang.Object, int)'> (0x00000000ec226b18) 
thrown [s\src\hotspot\share\interpreter\linkResolver.cpp, line 759]
Event: 5.116 Thread 0x00000255fade2d40 Exception <a 'java/lang/NoSuchMethodError'{0x00000000ec241698}: 'java.lang.Object java.lang.invoke.DirectMethodHandle$Holder.invokeStatic(java.lang.Object, java.lang.Object, java.lang.Object, java.lang.Object, int)'> (0x00000000ec241698) 
thrown [s\src\hotspot\share\interpreter\linkResolver.cpp, line 759]
Event: 5.120 Thread 0x00000255fade2d40 Exception <a 'java/lang/NoSuchMethodError'{0x00000000ec24d910}: 'java.lang.Object java.lang.invoke.DelegatingMethodHandle$Holder.reinvoke_L(java.lang.Object, java.lang.Object, java.lang.Object, java.lang.Object, int, int)'> (0x00000000ec24d910) 
thrown [s\src\hotspot\share\interpreter\linkResolver.cpp, line 759]
Event: 5.124 Thread 0x00000255fade2d40 Exception <a 'java/lang/NoSuchMethodError'{0x00000000ec2651f8}: 'java.lang.Object java.lang.invoke.Invokers$Holder.invokeExact_MT(java.lang.Object, java.lang.Object, java.lang.Object, java.lang.Object)'> (0x00000000ec2651f8) 
thrown [s\src\hotspot\share\interpreter\linkResolver.cpp, line 759]
Event: 5.315 Thread 0x00000255fade2d40 Exception <a 'java/lang/NoSuchMethodError'{0x00000000eae31138}: 'java.lang.Object java.lang.invoke.DirectMethodHandle$Holder.newInvokeSpecial(java.lang.Object, java.lang.Object, java.lang.Object, java.lang.Object, java.lang.Object)'> (0x00000000eae31138) 
thrown [s\src\hotspot\share\interpreter\linkResolver.cpp, line 759]
Event: 5.454 Thread 0x00000255fade2d40 Exception <a 'java/lang/NoSuchMethodError'{0x00000000eb13aea0}: 'java.lang.Object java.lang.invoke.DirectMethodHandle$Holder.invokeSpecial(java.lang.Object, java.lang.Object, java.lang.Object, long, java.lang.Object)'> (0x00000000eb13aea0) 
thrown [s\src\hotspot\share\interpreter\linkResolver.cpp, line 759]
Event: 5.455 Thread 0x00000255fade2d40 Exception <a 'java/lang/NoSuchMethodError'{0x00000000eb143058}: 'java.lang.Object java.lang.invoke.DirectMethodHandle$Holder.newInvokeSpecial(java.lang.Object, java.lang.Object, java.lang.Object, long)'> (0x00000000eb143058) 
thrown [s\src\hotspot\share\interpreter\linkResolver.cpp, line 759]
Event: 5.456 Thread 0x00000255fade2d40 Exception <a 'java/lang/NoSuchMethodError'{0x00000000eb1475f8}: 'java.lang.Object java.lang.invoke.DirectMethodHandle$Holder.invokeSpecial(java.lang.Object, java.lang.Object, java.lang.Object, java.lang.Object, long)'> (0x00000000eb1475f8) 
thrown [s\src\hotspot\share\interpreter\linkResolver.cpp, line 759]
Event: 5.501 Thread 0x00000255fade2d40 Exception <a 'java/lang/NoSuchMethodError'{0x00000000eabd1588}: 'int java.lang.invoke.DirectMethodHandle$Holder.invokeStaticInit(java.lang.Object, java.lang.Object, java.lang.Object)'> (0x00000000eabd1588) 
thrown [s\src\hotspot\share\interpreter\linkResolver.cpp, line 759]
Event: 5.513 Thread 0x00000255fade2d40 Exception <a 'java/lang/IncompatibleClassChangeError'{0x00000000eac38648}: Found class java.lang.Object, but interface was expected> (0x00000000eac38648) 
thrown [s\src\hotspot\share\interpreter\linkResolver.cpp, line 826]
Event: 5.528 Thread 0x00000255fade2d40 Exception <a 'java/lang/NoSuchMethodError'{0x00000000eac58d98}: 'java.lang.Object java.lang.invoke.DirectMethodHandle$Holder.invokeSpecial(java.lang.Object, java.lang.Object, java.lang.Object, int, java.lang.Object, java.lang.Object)'> (0x00000000eac58d98) 
thrown [s\src\hotspot\share\interpreter\linkResolver.cpp, line 759]
Event: 5.529 Thread 0x00000255fade2d40 Exception <a 'java/lang/NoSuchMethodError'{0x00000000eac61770}: 'java.lang.Object java.lang.invoke.DirectMethodHandle$Holder.newInvokeSpecial(java.lang.Object, java.lang.Object, java.lang.Object, int, java.lang.Object)'> (0x00000000eac61770) 
thrown [s\src\hotspot\share\interpreter\linkResolver.cpp, line 759]
Event: 5.530 Thread 0x00000255fade2d40 Exception <a 'java/lang/NoSuchMethodError'{0x00000000eac65bc8}: 'java.lang.Object java.lang.invoke.DirectMethodHandle$Holder.invokeSpecial(java.lang.Object, java.lang.Object, java.lang.Object, java.lang.Object, int, java.lang.Object)'> (0x00000000eac65bc8) 
thrown [s\src\hotspot\share\interpreter\linkResolver.cpp, line 759]
Event: 5.531 Thread 0x00000255faf126e0 Exception <a 'java/lang/NoSuchMethodError'{0x00000000eabaedd8}: 'java.lang.Object java.lang.invoke.DirectMethodHandle$Holder.invokeSpecial(java.lang.Object, java.lang.Object, int, java.lang.Object, java.lang.Object)'> (0x00000000eabaedd8) 
thrown [s\src\hotspot\share\interpreter\linkResolver.cpp, line 759]
Event: 5.533 Thread 0x00000255faf126e0 Exception <a 'java/lang/NoSuchMethodError'{0x00000000eabb64a8}: 'java.lang.Object java.lang.invoke.DirectMethodHandle$Holder.newInvokeSpecial(java.lang.Object, java.lang.Object, int, java.lang.Object)'> (0x00000000eabb64a8) 
thrown [s\src\hotspot\share\interpreter\linkResolver.cpp, line 759]
Event: 5.534 Thread 0x00000255faf126e0 Exception <a 'java/lang/NoSuchMethodError'{0x00000000eabb9fb8}: 'java.lang.Object java.lang.invoke.DirectMethodHandle$Holder.invokeSpecial(java.lang.Object, java.lang.Object, java.lang.Object, int, java.lang.Object)'> (0x00000000eabb9fb8) 
thrown [s\src\hotspot\share\interpreter\linkResolver.cpp, line 759]
Event: 5.856 Thread 0x00000255fade2d40 Exception <a 'java/io/FileNotFoundException'{0x00000000eb702fb0}> (0x00000000eb702fb0) 
thrown [s\src\hotspot\share\prims\jni.cpp, line 516]

VM Operations (20 events):
Event: 3.715 Executing VM operation: ParallelGCFailedAllocation
Event: 3.723 Executing VM operation: ParallelGCFailedAllocation done
Event: 4.695 Executing VM operation: HandshakeAllThreads
Event: 4.695 Executing VM operation: HandshakeAllThreads done
Event: 4.781 Executing VM operation: HandshakeAllThreads
Event: 4.782 Executing VM operation: HandshakeAllThreads done
Event: 4.782 Executing VM operation: Cleanup
Event: 4.783 Executing VM operation: Cleanup done
Event: 4.794 Executing VM operation: HandshakeAllThreads
Event: 4.794 Executing VM operation: HandshakeAllThreads done
Event: 5.105 Executing VM operation: HandshakeAllThreads
Event: 5.105 Executing VM operation: HandshakeAllThreads done
Event: 5.219 Executing VM operation: ParallelGCFailedAllocation
Event: 5.225 Executing VM operation: ParallelGCFailedAllocation done
Event: 5.457 Executing VM operation: CollectForMetadataAllocation
Event: 5.489 Executing VM operation: CollectForMetadataAllocation done
Event: 5.551 Executing VM operation: HandshakeAllThreads
Event: 5.551 Executing VM operation: HandshakeAllThreads done
Event: 5.743 Executing VM operation: HandshakeAllThreads
Event: 5.743 Executing VM operation: HandshakeAllThreads done

Events (20 events):
Event: 5.554 loading class jdk/internal/util/random/RandomSupport
Event: 5.554 loading class jdk/internal/util/random/RandomSupport done
Event: 5.555 loading class java/lang/invoke/VarHandleLongs$FieldInstanceReadWrite
Event: 5.555 loading class java/lang/invoke/VarHandleLongs$FieldInstanceReadOnly
Event: 5.555 loading class java/lang/invoke/VarHandleLongs$FieldInstanceReadOnly done
Event: 5.555 loading class java/lang/invoke/VarHandleLongs$FieldInstanceReadWrite done
Event: 5.556 loading class java/util/concurrent/atomic/Striped64$1
Event: 5.556 loading class java/util/concurrent/atomic/Striped64$1 done
Event: 5.609 loading class java/security/Policy$UnsupportedEmptyCollection
Event: 5.609 loading class java/security/Policy$UnsupportedEmptyCollection done
Event: 5.609 loading class java/security/Policy$PolicyInfo
Event: 5.609 loading class java/security/Policy$PolicyInfo done
Event: 5.845 loading class java/text/MessageFormat
Event: 5.846 loading class java/text/MessageFormat done
Event: 5.846 loading class java/text/MessageFormat$Field
Event: 5.846 loading class java/text/MessageFormat$Field done
Event: 5.847 loading class java/lang/StackTraceElement$HashedModules
Event: 5.847 loading class java/lang/StackTraceElement$HashedModules done
Event: 5.893 loading class java/text/ParseException
Event: 5.894 loading class java/text/ParseException done


Dynamic libraries:
0x00007ff7edcb0000 - 0x00007ff7edcbe000 	c:\Users\Lenovo X395\.vscode\extensions\redhat.java-1.19.0-win32-x64\jre\17.0.7-win32-x86_64\bin\java.exe
0x00007ffca0bb0000 - 0x00007ffca0dc4000 	C:\WINDOWS\SYSTEM32\ntdll.dll
0x00007ffc57ca0000 - 0x00007ffc57cb9000 	C:\Program Files\Avast Software\Avast\aswhook.dll
0x00007ffca0540000 - 0x00007ffca0602000 	C:\WINDOWS\System32\KERNEL32.DLL
0x00007ffc9e320000 - 0x00007ffc9e6c3000 	C:\WINDOWS\System32\KERNELBASE.dll
0x00007ffc9e860000 - 0x00007ffc9e971000 	C:\WINDOWS\System32\ucrtbase.dll
0x00007ffc88700000 - 0x00007ffc88717000 	c:\Users\Lenovo X395\.vscode\extensions\redhat.java-1.19.0-win32-x64\jre\17.0.7-win32-x86_64\bin\jli.dll
0x00007ffca0940000 - 0x00007ffca0aeb000 	C:\WINDOWS\System32\USER32.dll
0x00007ffc9e980000 - 0x00007ffc9e9a6000 	C:\WINDOWS\System32\win32u.dll
0x00007ffc9fe80000 - 0x00007ffc9fea9000 	C:\WINDOWS\System32\GDI32.dll
0x00007ffc9e740000 - 0x00007ffc9e858000 	C:\WINDOWS\System32\gdi32full.dll
0x00007ffc9e1c0000 - 0x00007ffc9e25a000 	C:\WINDOWS\System32\msvcp_win.dll
0x00007ffc88430000 - 0x00007ffc88449000 	c:\Users\Lenovo X395\.vscode\extensions\redhat.java-1.19.0-win32-x64\jre\17.0.7-win32-x86_64\bin\VCRUNTIME140.dll
0x00007ffc845e0000 - 0x00007ffc8486e000 	C:\WINDOWS\WinSxS\amd64_microsoft.windows.common-controls_6595b64144ccf1df_6.0.22621.1635_none_270f70857386168e\COMCTL32.dll
0x00007ffc9ebd0000 - 0x00007ffc9ec77000 	C:\WINDOWS\System32\msvcrt.dll
0x00007ffca0900000 - 0x00007ffca0931000 	C:\WINDOWS\System32\IMM32.DLL
0x00007ffc91cb0000 - 0x00007ffc91cbc000 	c:\Users\Lenovo X395\.vscode\extensions\redhat.java-1.19.0-win32-x64\jre\17.0.7-win32-x86_64\bin\vcruntime140_1.dll
0x00007ffc68610000 - 0x00007ffc686a1000 	c:\Users\Lenovo X395\.vscode\extensions\redhat.java-1.19.0-win32-x64\jre\17.0.7-win32-x86_64\bin\msvcp140.dll
0x00007ffc0d470000 - 0x00007ffc0e0b8000 	c:\Users\Lenovo X395\.vscode\extensions\redhat.java-1.19.0-win32-x64\jre\17.0.7-win32-x86_64\bin\server\jvm.dll
0x00007ffca0690000 - 0x00007ffca073e000 	C:\WINDOWS\System32\ADVAPI32.dll
0x00007ffc9ef40000 - 0x00007ffc9efe4000 	C:\WINDOWS\System32\sechost.dll
0x00007ffc9eab0000 - 0x00007ffc9ebc7000 	C:\WINDOWS\System32\RPCRT4.dll
0x00007ffc8b0d0000 - 0x00007ffc8b0d9000 	C:\WINDOWS\SYSTEM32\WSOCK32.dll
0x00007ffca0af0000 - 0x00007ffca0b61000 	C:\WINDOWS\System32\WS2_32.dll
0x00007ffc95080000 - 0x00007ffc950b4000 	C:\WINDOWS\SYSTEM32\WINMM.dll
0x00007ffc94030000 - 0x00007ffc9403a000 	C:\WINDOWS\SYSTEM32\VERSION.dll
0x00007ffc9d020000 - 0x00007ffc9d038000 	C:\WINDOWS\SYSTEM32\kernel.appcore.dll
0x00007ffc91c80000 - 0x00007ffc91c8a000 	c:\Users\Lenovo X395\.vscode\extensions\redhat.java-1.19.0-win32-x64\jre\17.0.7-win32-x86_64\bin\jimage.dll
0x00007ffc9b890000 - 0x00007ffc9babe000 	C:\WINDOWS\SYSTEM32\DBGHELP.DLL
0x00007ffc9fec0000 - 0x00007ffca0249000 	C:\WINDOWS\System32\combase.dll
0x00007ffca0460000 - 0x00007ffca0537000 	C:\WINDOWS\System32\OLEAUT32.dll
0x00007ffc927b0000 - 0x00007ffc927e2000 	C:\WINDOWS\SYSTEM32\dbgcore.DLL
0x00007ffc9dfd0000 - 0x00007ffc9e04b000 	C:\WINDOWS\System32\bcryptPrimitives.dll
0x00007ffc91bf0000 - 0x00007ffc91bfe000 	c:\Users\Lenovo X395\.vscode\extensions\redhat.java-1.19.0-win32-x64\jre\17.0.7-win32-x86_64\bin\instrument.dll
0x00007ffc855c0000 - 0x00007ffc855e5000 	c:\Users\Lenovo X395\.vscode\extensions\redhat.java-1.19.0-win32-x64\jre\17.0.7-win32-x86_64\bin\java.dll
0x00007ffc87450000 - 0x00007ffc87468000 	c:\Users\Lenovo X395\.vscode\extensions\redhat.java-1.19.0-win32-x64\jre\17.0.7-win32-x86_64\bin\zip.dll
0x00007ffc9f680000 - 0x00007ffc9fe7a000 	C:\WINDOWS\System32\SHELL32.dll
0x00007ffc9bfd0000 - 0x00007ffc9c89e000 	C:\WINDOWS\SYSTEM32\windows.storage.dll
0x00007ffc9be90000 - 0x00007ffc9bfce000 	C:\WINDOWS\SYSTEM32\wintypes.dll
0x00007ffc9e9b0000 - 0x00007ffc9eaa1000 	C:\WINDOWS\System32\SHCORE.dll
0x00007ffc9f520000 - 0x00007ffc9f57e000 	C:\WINDOWS\System32\shlwapi.dll
0x00007ffc9df00000 - 0x00007ffc9df21000 	C:\WINDOWS\SYSTEM32\profapi.dll
0x00007ffc86880000 - 0x00007ffc86899000 	C:\Users\Lenovo X395\.vscode\extensions\redhat.java-1.19.0-win32-x64\jre\17.0.7-win32-x86_64\bin\net.dll
0x00007ffc957f0000 - 0x00007ffc95927000 	C:\WINDOWS\SYSTEM32\WINHTTP.dll
0x00007ffc9d490000 - 0x00007ffc9d4f9000 	C:\WINDOWS\system32\mswsock.dll
0x00007ffc85c70000 - 0x00007ffc85c85000 	C:\Users\Lenovo X395\.vscode\extensions\redhat.java-1.19.0-win32-x64\jre\17.0.7-win32-x86_64\bin\nio.dll
0x00007ffc8ac80000 - 0x00007ffc8ac90000 	c:\Users\Lenovo X395\.vscode\extensions\redhat.java-1.19.0-win32-x64\jre\17.0.7-win32-x86_64\bin\verify.dll
0x00007ffc69010000 - 0x00007ffc6904e000 	C:\Users\Lenovo X395\AppData\Roaming\Code\User\globalStorage\redhat.java\1.19.0\config_win\org.eclipse.equinox.launcher\org.eclipse.equinox.launcher.win32.win32.x86_64_1.2.700.v20221108-1024\eclipse_11801.dll
0x00007ffc9eca0000 - 0x00007ffc9ee3c000 	C:\WINDOWS\System32\ole32.dll

dbghelp: loaded successfully - version: 4.0.5 - missing functions: none
symbol engine: initialized successfully - sym options: 0x614 - pdb path: .;c:\Users\Lenovo X395\.vscode\extensions\redhat.java-1.19.0-win32-x64\jre\17.0.7-win32-x86_64\bin;C:\WINDOWS\SYSTEM32;C:\Program Files\Avast Software\Avast;C:\WINDOWS\WinSxS\amd64_microsoft.windows.common-controls_6595b64144ccf1df_6.0.22621.1635_none_270f70857386168e;c:\Users\Lenovo X395\.vscode\extensions\redhat.java-1.19.0-win32-x64\jre\17.0.7-win32-x86_64\bin\server;C:\Users\Lenovo X395\AppData\Roaming\Code\User\globalStorage\redhat.java\1.19.0\config_win\org.eclipse.equinox.launcher\org.eclipse.equinox.launcher.win32.win32.x86_64_1.2.700.v20221108-1024

VM Arguments:
jvm_args: --add-modules=ALL-SYSTEM --add-opens=java.base/java.util=ALL-UNNAMED --add-opens=java.base/java.lang=ALL-UNNAMED --add-opens=java.base/sun.nio.fs=ALL-UNNAMED -Declipse.application=org.eclipse.jdt.ls.core.id1 -Dosgi.bundles.defaultStartLevel=4 -Declipse.product=org.eclipse.jdt.ls.core.product -Djava.import.generatesMetadataFilesAtProjectRoot=false -Dfile.encoding=utf8 -XX:+UseParallelGC -XX:GCTimeRatio=4 -XX:AdaptiveSizePolicyWeight=90 -Dsun.zip.disableMemoryMapping=true -Xmx1G -Xms100m -Xlog:disable -javaagent:c:\Users\Lenovo X395\.vscode\extensions\redhat.java-1.19.0-win32-x64\lombok\lombok-1.18.28.jar -XX:+HeapDumpOnOutOfMemoryError -XX:HeapDumpPath=c:\Users\Lenovo X395\AppData\Roaming\Code\User\workspaceStorage\285a490a55f3f95498b4f89d341d63b4\redhat.java -Daether.dependencyCollector.impl=bf 
java_command: c:\Users\Lenovo X395\.vscode\extensions\redhat.java-1.19.0-win32-x64\server\plugins\org.eclipse.equinox.launcher_1.6.400.v20210924-0641.jar -configuration c:\Users\Lenovo X395\AppData\Roaming\Code\User\globalStorage\redhat.java\1.19.0\config_win -data c:\Users\Lenovo X395\AppData\Roaming\Code\User\workspaceStorage\285a490a55f3f95498b4f89d341d63b4\redhat.java\jdt_ws
java_class_path (initial): c:\Users\Lenovo X395\.vscode\extensions\redhat.java-1.19.0-win32-x64\server\plugins\org.eclipse.equinox.launcher_1.6.400.v20210924-0641.jar
Launcher Type: SUN_STANDARD

[Global flags]
    uintx AdaptiveSizePolicyWeight                 = 90                                        {product} {command line}
     intx CICompilerCount                          = 4                                         {product} {ergonomic}
    uintx GCTimeRatio                              = 4                                         {product} {command line}
     bool HeapDumpOnOutOfMemoryError               = true                                   {manageable} {command line}
    ccstr HeapDumpPath                             = c:\Users\Lenovo X395\AppData\Roaming\Code\User\workspaceStorage\285a490a55f3f95498b4f89d341d63b4\redhat.java         {manageable} {command line}
   size_t InitialHeapSize                          = 104857600                                 {product} {command line}
   size_t MaxHeapSize                              = 1073741824                                {product} {command line}
   size_t MaxNewSize                               = 357564416                                 {product} {ergonomic}
   size_t MinHeapDeltaBytes                        = 524288                                    {product} {ergonomic}
   size_t MinHeapSize                              = 104857600                                 {product} {command line}
   size_t NewSize                                  = 34603008                                  {product} {ergonomic}
    uintx NonNMethodCodeHeapSize                   = 5839372                                {pd product} {ergonomic}
    uintx NonProfiledCodeHeapSize                  = 122909434                              {pd product} {ergonomic}
   size_t OldSize                                  = 70254592                                  {product} {ergonomic}
    uintx ProfiledCodeHeapSize                     = 122909434                              {pd product} {ergonomic}
    uintx ReservedCodeCacheSize                    = 251658240                              {pd product} {ergonomic}
     bool SegmentedCodeCache                       = true                                      {product} {ergonomic}
   size_t SoftMaxHeapSize                          = 1073741824                             {manageable} {ergonomic}
     bool UseCompressedClassPointers               = true                           {product lp64_product} {ergonomic}
     bool UseCompressedOops                        = true                           {product lp64_product} {ergonomic}
     bool UseLargePagesIndividualAllocation        = false                                  {pd product} {ergonomic}
     bool UseParallelGC                            = true                                      {product} {command line}

Logging:
Log output configuration:
 #0: stdout all=off uptime,level,tags
 #1: stderr all=off uptime,level,tags

Environment Variables:
JAVA_HOME=C:\Program Files\Java\jdk1.8.0_251
PATH=C:\Program Files\Common Files\Oracle\Java\javapath;C:\Oracle\App\product\DBHome_19\bin;C:\Program Files (x86)\VMware\VMware Workstation\bin\;C:\Program Files (x86)\Common Files\Oracle\Java\javapath;C:\Windows\system32;C:\Windows;C:\Windows\System32\Wbem;C:\Windows\System32\WindowsPowerShell\v1.0\;C:\Windows\System32\OpenSSH\;C:\xampp\php;C:\Program Files\Microsoft SQL Server\150\Tools\Binn\;C:\Program Files\Microsoft SQL Server\Client SDK\ODBC\170\Tools\Binn\;C:\Program Files\Microsoft SQL Server\Client SDK\ODBC\130\Tools\Binn\;C:\Program Files (x86)\Microsoft SQL Server\130\Tools\Binn\;C:\Program Files\Microsoft SQL Server\130\Tools\Binn\;C:\Program Files\Microsoft SQL Server\130\DTS\Binn\;C:\Program Files (x86)\Microsoft SQL Server\Client SDK\ODBC\130\Tools\Binn\;C:\Program Files (x86)\Microsoft SQL Server\140\Tools\Binn\;C:\Program Files (x86)\Microsoft SQL Server\140\DTS\Binn\;C:\Program Files (x86)\Microsoft SQL Server\140\Tools\Binn\ManagementStudio\;C:\Program Files\dotnet\;C:\ProgramData\ComposerSetup\bin;C:\WINDOWS\system32;C:\WINDOWS;C:\WINDOWS\System32\Wbem;C:\WINDOWS\System32\WindowsPowerShell\v1.0\;C:\WINDOWS\System32\OpenSSH\;C:\Program Files\nodejs\;C:\ProgramData\chocolatey\bin;C:\Program Files (x86)\dotnet\;C:\Program Files\Git\cmd;C:\Python311\Scripts\;C:\Python311\;C:\Users\Lenovo X395\scoop\shims;C:\Users\Lenovo X395\AppData\Local\Microsoft\WindowsApps;C:\Users\Lenovo X395\AppData\Local\Programs\Microsoft VS Code\bin;C:\Users\Lenovo X395\AppData\Roaming\Composer\vendor\bin;C:\Program Files\Java\jdk1.8.0_251bin;C:\Users\Lenovo X395\Downloads\TPSSL\install;C:\OpenSSL\bin;C:\Users\Lenovo X395\.dotnet\tools;C:\src\flutter\bin;;C:\Users\Lenovo X395\AppData\Local\Microsoft\WindowsApps;C:\Users\Lenovo X395\AppData\Roaming\npm
USERNAME=Lenovo X395
OS=Windows_NT
PROCESSOR_IDENTIFIER=AMD64 Family 23 Model 24 Stepping 1, AuthenticAMD
TMP=C:\Users\LENOVO~1\AppData\Local\Temp
TEMP=C:\Users\LENOVO~1\AppData\Local\Temp



---------------  S Y S T E M  ---------------

OS:
 Windows 11 , 64 bit Build 22621 (10.0.22621.1635)
OS uptime: 0 days 15:55 hours

CPU: total 8 (initial active 8) (8 cores per cpu, 2 threads per core) family 23 model 24 stepping 1 microcode 0x0, cx8, cmov, fxsr, ht, mmx, 3dnowpref, sse, sse2, sse3, ssse3, sse4a, sse4.1, sse4.2, popcnt, lzcnt, tsc, tscinvbit, avx, avx2, aes, clmul, bmi1, bmi2, adx, sha, fma, vzeroupper, clflush, clflushopt

Memory: 4k page, system-wide physical 6056M (233M free)
TotalPageFile size 24488M (AvailPageFile size 10M)
current process WorkingSet (physical memory assigned to process): 113M, peak: 113M
current process commit charge ("private bytes"): 220M, peak: 220M

vm_info: OpenJDK 64-Bit Server VM (17.0.7+7) for windows-amd64 JRE (17.0.7+7), built on Apr 18 2023 22:10:42 by "temurin" with MS VC++ 16.7 (VS2019)

END.
