#
# There is insufficient memory for the Java Runtime Environment to continue.
# Native memory allocation (malloc) failed to allocate 32744 bytes for ChunkPool::allocate
# Possible reasons:
#   The system is out of physical RAM or swap space
#   The process is running with CompressedOops enabled, and the Java Heap may be blocking the growth of the native heap
# Possible solutions:
#   Reduce memory load on the system
#   Increase physical memory or swap space
#   Check if swap backing store is full
#   Decrease Java heap size (-Xmx/-Xms)
#   Decrease number of Java threads
#   Decrease Java thread stack sizes (-Xss)
#   Set larger code cache with -XX:ReservedCodeCacheSize=
#   JVM is running with Unscaled Compressed Oops mode in which the Java heap is
#     placed in the first 4GB address space. The Java Heap base address is the
#     maximum limit for the native heap growth. Please use -XX:HeapBaseMinAddress
#     to set the Java Heap base and to place the Java Heap above 4GB virtual address.
# This output file may be truncated or incomplete.
#
#  Out of Memory Error (arena.cpp:78), pid=22568, tid=10880
#
# JRE version: OpenJDK Runtime Environment Temurin-17.0.7+7 (17.0.7+7) (build 17.0.7+7)
# Java VM: OpenJDK 64-Bit Server VM Temurin-17.0.7+7 (17.0.7+7, mixed mode, tiered, compressed oops, compressed class ptrs, parallel gc, windows-amd64)
# No core dump will be written. Minidumps are not enabled by default on client versions of Windows
#

---------------  S U M M A R Y ------------

Command Line: --add-modules=ALL-SYSTEM --add-opens=java.base/java.util=ALL-UNNAMED --add-opens=java.base/java.lang=ALL-UNNAMED --add-opens=java.base/sun.nio.fs=ALL-UNNAMED -Declipse.application=org.eclipse.jdt.ls.core.id1 -Dosgi.bundles.defaultStartLevel=4 -Declipse.product=org.eclipse.jdt.ls.core.product -Djava.import.generatesMetadataFilesAtProjectRoot=false -Dfile.encoding=utf8 -XX:+UseParallelGC -XX:GCTimeRatio=4 -XX:AdaptiveSizePolicyWeight=90 -Dsun.zip.disableMemoryMapping=true -Xmx1G -Xms100m -Xlog:disable -javaagent:c:\Users\Lenovo X395\.vscode\extensions\redhat.java-1.19.0-win32-x64\lombok\lombok-1.18.28.jar c:\Users\Lenovo X395\.vscode\extensions\redhat.java-1.19.0-win32-x64\server\plugins\org.eclipse.equinox.launcher_1.6.400.v20210924-0641.jar -configuration c:\Users\Lenovo X395\AppData\Roaming\Code\User\globalStorage\redhat.java\1.19.0\config_ss_win -data c:\Users\Lenovo X395\AppData\Roaming\Code\User\workspaceStorage\285a490a55f3f95498b4f89d341d63b4\redhat.java\ss_ws

Host: AMD Ryzen 5 PRO 3500U w/ Radeon Vega Mobile Gfx, 8 cores, 5G,  Windows 11 , 64 bit Build 22621 (10.0.22621.1635)
Time: Fri Jun  9 19:56:56 2023 Paris, Madrid (heure duild 22621 (10.0.22621.1635) elapsed time: 0.754505 seconds (0d 0h 0m 0s)

---------------  T H R E A D  ---------------

Current thread (0x000001c847b341a0):  JavaThread "C1 CompilerThread0" daemon [_thread_in_native, id=10880, stack(0x000000b176000000,0x000000b176100000)]


Current CompileTask:
C1:    754  544       3       sun.security.provider.ByteArrayAccess::b2iBig64 (231 bytes)

Stack: [0x000000b176000000,0x000000b176100000]
Native frames: (J=compiled Java code, j=interpreted, Vv=VM code, C=native code)
V  [jvm.dll+0x67754a]
V  [jvm.dll+0x834304]
V  [jvm.dll+0x835aae]
V  [jvm.dll+0x836113]
V  [jvm.dll+0x24696f]
V  [jvm.dll+0xac2cc]
V  [jvm.dll+0xac67c]
V  [jvm.dll+0x10dbcf]
V  [jvm.dll+0x16a941]
V  [jvm.dll+0x1648b2]
V  [jvm.dll+0x15eb4e]
V  [jvm.dll+0x14ce70]
V  [jvm.dll+0x135a57]
V  [jvm.dll+0x1353df]
V  [jvm.dll+0x135616]
V  [jvm.dll+0x134aaa]
V  [jvm.dll+0x136771]
V  [jvm.dll+0x2284da]
V  [jvm.dll+0x226615]
V  [jvm.dll+0x7ea90b]
V  [jvm.dll+0x7e4e7a]
V  [jvm.dll+0x676395]
C  [ucrtbase.dll+0x29363]
C  [KERNEL32.DLL+0x126ad]
C  [ntdll.dll+0x5a9f8]


---------------  P R O C E S S  ---------------

Threads class SMR info:
_java_thread_list=0x000001c847e213e0, length=12, elements={
0x000001c82ea06950, 0x000001c842873930, 0x000001c842877ab0, 0x000001c84287bfa0,
0x000001c84287ca60, 0x000001c84287d520, 0x000001c84287e780, 0x000001c847b20ba0,
0x000001c847b341a0, 0x000001c847b474b0, 0x000001c82ea68b10, 0x000001c847e37530
}

Java Threads: ( => current thread )
  0x000001c82ea06950 JavaThread "main" [_thread_in_vm, id=10524, stack(0x000000b175600000,0x000000b175700000)]
  0x000001c842873930 JavaThread "Reference Handler" daemon [_thread_blocked, id=8616, stack(0x000000b175900000,0x000000b175a00000)]
  0x000001c842877ab0 JavaThread "Finalizer" daemon [_thread_blocked, id=23624, stack(0x000000b175a00000,0x000000b175b00000)]
  0x000001c84287bfa0 JavaThread "Signal Dispatcher" daemon [_thread_blocked, id=14748, stack(0x000000b175b00000,0x000000b175c00000)]
  0x000001c84287ca60 JavaThread "Attach Listener" daemon [_thread_blocked, id=9636, stack(0x000000b175c00000,0x000000b175d00000)]
  0x000001c84287d520 JavaThread "Service Thread" daemon [_thread_blocked, id=18860, stack(0x000000b175d00000,0x000000b175e00000)]
  0x000001c84287e780 JavaThread "Monitor Deflation Thread" daemon [_thread_blocked, id=3796, stack(0x000000b175e00000,0x000000b175f00000)]
  0x000001c847b20ba0 JavaThread "C2 CompilerThread0" daemon [_thread_in_native, id=24736, stack(0x000000b175f00000,0x000000b176000000)]
=>0x000001c847b341a0 JavaThread "C1 CompilerThread0" daemon [_thread_in_native, id=10880, stack(0x000000b176000000,0x000000b176100000)]
  0x000001c847b474b0 JavaThread "Sweeper thread" daemon [_thread_blocked, id=23912, stack(0x000000b176100000,0x000000b176200000)]
  0x000001c82ea68b10 JavaThread "Common-Cleaner" daemon [_thread_blocked, id=9808, stack(0x000000b176200000,0x000000b176300000)]
  0x000001c847e37530 JavaThread "Notification Thread" daemon [_thread_blocked, id=9560, stack(0x000000b176300000,0x000000b176400000)]

Other Threads:
  0x000001c82ea8f210 VMThread "VM Thread" [stack: 0x000000b175800000,0x000000b175900000] [id=2252]
  0x000001c847e37a00 WatcherThread [stack: 0x000000b176400000,0x000000b176500000] [id=6484]
  0x000001c82ea1b7b0 GCTaskThread "GC Thread#0" [stack: 0x000000b175700000,0x000000b175800000] [id=15072]

Threads with active compile tasks:
C2 CompilerThread0      792  492       4       lombok.patcher.PatchScript::classMatches (41 bytes)
C1 CompilerThread0      792  544       3       sun.security.provider.ByteArrayAccess::b2iBig64 (231 bytes)

VM state: not at safepoint (normal execution)

VM Mutex/Monitor currently owned by a thread:  ([mutex/lock_event])
[0x000001c82ea010a0] Metaspace_lock - owner thread: 0x000001c82ea06950

Heap address: 0x00000000c0000000, size: 1024 MB, Compressed Oops mode: 32-bit

CDS archive(s) not mapped
Compressed class space mapped at: 0x0000000100000000-0x0000000140000000, reserved size: 1073741824
Narrow klass base: 0x0000000000000000, Narrow klass shift: 3, Narrow klass range: 0x140000000

GC Precious Log:
 CPUs: 8 total, 8 available
 Memory: 6056M
 Large Page Support: Disabled
 NUMA Support: Disabled
 Compressed Oops: Enabled (32-bit)
 Alignments: Space 512K, Generation 512K, Heap 2M
 Heap Min Capacity: 100M
 Heap Initial Capacity: 100M
 Heap Max Capacity: 1G
 Pre-touch: Disabled
 Parallel Workers: 8

Heap:
 PSYoungGen      total 29696K, used 13311K [0x00000000eab00000, 0x00000000ecc00000, 0x0000000100000000)
  eden space 25600K, 51% used [0x00000000eab00000,0x00000000eb7ffe20,0x00000000ec400000)
  from space 4096K, 0% used [0x00000000ec800000,0x00000000ec800000,0x00000000ecc00000)
  to   space 4096K, 0% used [0x00000000ec400000,0x00000000ec400000,0x00000000ec800000)
 ParOldGen       total 68608K, used 0K [0x00000000c0000000, 0x00000000c4300000, 0x00000000eab00000)
  object space 68608K, 0% used [0x00000000c0000000,0x00000000c0000000,0x00000000c4300000)
 Metaspace       used 8949K, committed 9088K, reserved 1114112K
  class space    used 882K, committed 960K, reserved 1048576K

Card table byte_map: [0x000001c82e3a0000,0x000001c82e5b0000] _byte_map_base: 0x000001c82dda0000

Marking Bits: (ParMarkBitMap*) 0x00007ffc0dff52c0
 Begin Bits: [0x000001c840680000, 0x000001c841680000)
 End Bits:   [0x000001c841680000, 0x000001c842680000)

Polling page: 0x000001c82c9a0000

Metaspace:

Usage:
  Non-class:      7.88 MB used.
      Class:    882.50 KB used.
       Both:      8.74 MB used.

Virtual space:
  Non-class space:       64.00 MB reserved,       7.94 MB ( 12%) committed,  1 nodes.
      Class space:        1.00 GB reserved,     960.00 KB ( <1%) committed,  1 nodes.
             Both:        1.06 GB reserved,       8.88 MB ( <1%) committed. 

Chunk freelists:
   Non-Class:  7.92 MB
       Class:  15.09 MB
        Both:  23.01 MB

MaxMetaspaceSize: unlimited
CompressedClassSpaceSize: 1.00 GB
Initial GC threshold: 21.00 MB
Current GC threshold: 21.00 MB
CDS: off
MetaspaceReclaimPolicy: balanced
 - commit_granule_bytes: 65536.
 - commit_granule_words: 8192.
 - virtual_space_node_default_size: 8388608.
 - enlarge_chunks_in_place: 1.
 - new_chunks_are_fully_committed: 0.
 - uncommit_free_chunks: 1.
 - use_allocation_guard: 0.
 - handle_deallocations: 1.


Internal statistics:

num_allocs_failed_limit: 0.
num_arena_births: 10.
num_arena_deaths: 0.
num_vsnodes_births: 2.
num_vsnodes_deaths: 0.
num_space_committed: 142.
num_space_uncommitted: 0.
num_chunks_returned_to_freelist: 0.
num_chunks_taken_from_freelist: 44.
num_chunk_merges: 0.
num_chunk_splits: 25.
num_chunks_enlarged: 19.
num_inconsistent_stats: 0.

CodeHeap 'non-profiled nmethods': size=120000Kb used=167Kb max_used=167Kb free=119832Kb
 bounds [0x000001c839150000, 0x000001c8393c0000, 0x000001c840680000]
CodeHeap 'profiled nmethods': size=120000Kb used=728Kb max_used=728Kb free=119272Kb
 bounds [0x000001c831680000, 0x000001c8318f0000, 0x000001c838bb0000]
CodeHeap 'non-nmethods': size=5760Kb used=1133Kb max_used=1143Kb free=4626Kb
 bounds [0x000001c838bb0000, 0x000001c838e20000, 0x000001c839150000]
 total_blobs=955 nmethods=533 adapters=337
 compilation: enabled
              stopped_count=0, restarted_count=0
 full_count=0

Compilation events (20 events):
Event: 0.741 Thread 0x000001c847b341a0 nmethod 533 0x000001c831732690 code [0x000001c831732840, 0x000001c831732aa8]
Event: 0.741 Thread 0x000001c847b341a0  535       3       java.util.HashMap$EntryIterator::next (5 bytes)
Event: 0.741 Thread 0x000001c847b341a0 nmethod 535 0x000001c831732b90 code [0x000001c831732d40, 0x000001c831732ec8]
Event: 0.742 Thread 0x000001c847b341a0  536       3       java.util.HashMap$EntryIterator::next (5 bytes)
Event: 0.742 Thread 0x000001c847b341a0 nmethod 536 0x000001c831732f90 code [0x000001c831733120, 0x000001c831733268]
Event: 0.742 Thread 0x000001c847b341a0  534       3       java.util.Arrays::copyOf (40 bytes)
Event: 0.742 Thread 0x000001c847b341a0 nmethod 534 0x000001c831733310 code [0x000001c831733500, 0x000001c831733ba8]
Event: 0.742 Thread 0x000001c847b341a0  538       3       java.security.Provider$ServiceKey::hashCode (19 bytes)
Event: 0.742 Thread 0x000001c847b341a0 nmethod 538 0x000001c831733d90 code [0x000001c831733f40, 0x000001c8317340d8]
Event: 0.742 Thread 0x000001c847b341a0  539       1       java.security.Provider$UString::toString (5 bytes)
Event: 0.742 Thread 0x000001c847b341a0 nmethod 539 0x000001c839179810 code [0x000001c8391799a0, 0x000001c839179a78]
Event: 0.742 Thread 0x000001c847b341a0  540       1       java.security.Provider$Service::getProvider (5 bytes)
Event: 0.742 Thread 0x000001c847b341a0 nmethod 540 0x000001c839179b10 code [0x000001c839179ca0, 0x000001c839179d78]
Event: 0.742 Thread 0x000001c847b341a0  541       3       sun.security.provider.SHA2::implCompress0 (490 bytes)
Event: 0.743 Thread 0x000001c847b341a0 nmethod 541 0x000001c831734210 code [0x000001c831734400, 0x000001c831734c68]
Event: 0.744 Thread 0x000001c847b341a0  542       3       sun.security.provider.SHA2::implCompress (13 bytes)
Event: 0.744 Thread 0x000001c847b341a0 nmethod 542 0x000001c831735110 code [0x000001c831735300, 0x000001c831735748]
Event: 0.744 Thread 0x000001c847b341a0  543       3       sun.security.provider.SHA2::implCompressCheck (27 bytes)
Event: 0.745 Thread 0x000001c847b341a0 nmethod 543 0x000001c831735910 code [0x000001c831735ae0, 0x000001c831735e98]
Event: 0.745 Thread 0x000001c847b341a0  544       3       sun.security.provider.ByteArrayAccess::b2iBig64 (231 bytes)

GC Heap History (0 events):
No events

Dll operation events (8 events):
Event: 0.018 Loaded shared library c:\Users\Lenovo X395\.vscode\extensions\redhat.java-1.19.0-win32-x64\jre\17.0.7-win32-x86_64\bin\java.dll
Event: 0.285 Loaded shared library c:\Users\Lenovo X395\.vscode\extensions\redhat.java-1.19.0-win32-x64\jre\17.0.7-win32-x86_64\bin\zip.dll
Event: 0.291 Loaded shared library C:\Users\Lenovo X395\.vscode\extensions\redhat.java-1.19.0-win32-x64\jre\17.0.7-win32-x86_64\bin\instrument.dll
Event: 0.310 Loaded shared library C:\Users\Lenovo X395\.vscode\extensions\redhat.java-1.19.0-win32-x64\jre\17.0.7-win32-x86_64\bin\net.dll
Event: 0.313 Loaded shared library C:\Users\Lenovo X395\.vscode\extensions\redhat.java-1.19.0-win32-x64\jre\17.0.7-win32-x86_64\bin\nio.dll
Event: 0.330 Loaded shared library C:\Users\Lenovo X395\.vscode\extensions\redhat.java-1.19.0-win32-x64\jre\17.0.7-win32-x86_64\bin\zip.dll
Event: 0.352 Loaded shared library C:\Users\Lenovo X395\.vscode\extensions\redhat.java-1.19.0-win32-x64\jre\17.0.7-win32-x86_64\bin\jimage.dll
Event: 0.426 Loaded shared library c:\Users\Lenovo X395\.vscode\extensions\redhat.java-1.19.0-win32-x64\jre\17.0.7-win32-x86_64\bin\verify.dll

Deoptimization events (20 events):
Event: 0.645 Thread 0x000001c82ea06950 Uncommon trap: trap_request=0xffffff45 fr.pc=0x000001c839165ba8 relative=0x00000000000000a8
Event: 0.645 Thread 0x000001c82ea06950 Uncommon trap: reason=unstable_if action=reinterpret pc=0x000001c839165ba8 method=java.net.URI.match(CJJ)Z @ 45 c2
Event: 0.645 Thread 0x000001c82ea06950 DEOPT PACKING pc=0x000001c839165ba8 sp=0x000000b1756fca50
Event: 0.645 Thread 0x000001c82ea06950 DEOPT UNPACKING pc=0x000001c838c066a3 sp=0x000000b1756fc9d8 mode 2
Event: 0.716 Thread 0x000001c82ea06950 Uncommon trap: trap_request=0xffffffde fr.pc=0x000001c839173024 relative=0x0000000000000104
Event: 0.716 Thread 0x000001c82ea06950 Uncommon trap: reason=class_check action=maybe_recompile pc=0x000001c839173024 method=jdk.internal.misc.Unsafe.allocateUninitializedArray(Ljava/lang/Class;I)Ljava/lang/Object; @ 51 c2
Event: 0.716 Thread 0x000001c82ea06950 DEOPT PACKING pc=0x000001c839173024 sp=0x000000b1756fd980
Event: 0.716 Thread 0x000001c82ea06950 DEOPT UNPACKING pc=0x000001c838c066a3 sp=0x000000b1756fd920 mode 2
Event: 0.716 Thread 0x000001c82ea06950 Uncommon trap: trap_request=0xffffffde fr.pc=0x000001c839173024 relative=0x0000000000000104
Event: 0.716 Thread 0x000001c82ea06950 Uncommon trap: reason=class_check action=maybe_recompile pc=0x000001c839173024 method=jdk.internal.misc.Unsafe.allocateUninitializedArray(Ljava/lang/Class;I)Ljava/lang/Object; @ 51 c2
Event: 0.716 Thread 0x000001c82ea06950 DEOPT PACKING pc=0x000001c839173024 sp=0x000000b1756fd980
Event: 0.716 Thread 0x000001c82ea06950 DEOPT UNPACKING pc=0x000001c838c066a3 sp=0x000000b1756fd920 mode 2
Event: 0.727 Thread 0x000001c82ea06950 Uncommon trap: trap_request=0xffffffde fr.pc=0x000001c839173024 relative=0x0000000000000104
Event: 0.727 Thread 0x000001c82ea06950 Uncommon trap: reason=class_check action=maybe_recompile pc=0x000001c839173024 method=jdk.internal.misc.Unsafe.allocateUninitializedArray(Ljava/lang/Class;I)Ljava/lang/Object; @ 51 c2
Event: 0.727 Thread 0x000001c82ea06950 DEOPT PACKING pc=0x000001c839173024 sp=0x000000b1756fdb10
Event: 0.727 Thread 0x000001c82ea06950 DEOPT UNPACKING pc=0x000001c838c066a3 sp=0x000000b1756fdab0 mode 2
Event: 0.727 Thread 0x000001c82ea06950 Uncommon trap: trap_request=0xffffffde fr.pc=0x000001c839173024 relative=0x0000000000000104
Event: 0.727 Thread 0x000001c82ea06950 Uncommon trap: reason=class_check action=maybe_recompile pc=0x000001c839173024 method=jdk.internal.misc.Unsafe.allocateUninitializedArray(Ljava/lang/Class;I)Ljava/lang/Object; @ 51 c2
Event: 0.727 Thread 0x000001c82ea06950 DEOPT PACKING pc=0x000001c839173024 sp=0x000000b1756fdb10
Event: 0.727 Thread 0x000001c82ea06950 DEOPT UNPACKING pc=0x000001c838c066a3 sp=0x000000b1756fdab0 mode 2

Classes unloaded (0 events):
No events

Classes redefined (0 events):
No events

Internal exceptions (2 events):
Event: 0.243 Thread 0x000001c82ea06950 Exception <a 'java/lang/NoSuchMethodError'{0x00000000eacb2880}: 'void java.lang.invoke.DirectMethodHandle$Holder.invokeStatic(java.lang.Object, java.lang.Object, java.lang.Object)'> (0x00000000eacb2880) 
thrown [s\src\hotspot\share\interpreter\linkResolver.cpp, line 759]
Event: 0.462 Thread 0x000001c82ea06950 Exception <a 'java/lang/reflect/InvocationTargetException'{0x00000000eaf87fa0}> (0x00000000eaf87fa0) 
thrown [s\src\hotspot\share\runtime\reflection.cpp, line 1121]

VM Operations (6 events):
Event: 0.252 Executing VM operation: HandshakeAllThreads
Event: 0.252 Executing VM operation: HandshakeAllThreads done
Event: 0.372 Executing VM operation: HandshakeAllThreads
Event: 0.372 Executing VM operation: HandshakeAllThreads done
Event: 0.738 Executing VM operation: HandshakeAllThreads
Event: 0.738 Executing VM operation: HandshakeAllThreads done

Events (20 events):
Event: 0.737 loading class sun/security/util/KeyUtil
Event: 0.737 loading class sun/security/util/KeyUtil done
Event: 0.737 loading class sun/security/util/Length
Event: 0.737 loading class sun/security/util/Length done
Event: 0.737 loading class javax/crypto/SecretKey
Event: 0.738 loading class javax/crypto/SecretKey done
Event: 0.738 loading class java/util/LinkedHashMap$LinkedEntrySet
Event: 0.738 loading class java/util/LinkedHashMap$LinkedEntrySet done
Event: 0.738 loading class java/util/LinkedHashMap$LinkedEntryIterator
Event: 0.738 loading class java/util/LinkedHashMap$LinkedEntryIterator done
Event: 0.739 loading class java/util/Base64
Event: 0.739 loading class java/util/Base64 done
Event: 0.739 loading class java/util/Base64$Decoder
Event: 0.739 loading class java/util/Base64$Decoder done
Event: 0.739 loading class java/util/Base64$Encoder
Event: 0.740 loading class java/util/Base64$Encoder done
Event: 0.740 loading class java/util/jar/JarVerifier$VerifierStream
Event: 0.740 loading class java/util/jar/JarVerifier$VerifierStream done
Event: 0.740 loading class sun/security/util/ManifestEntryVerifier$SunProviderHolder
Event: 0.740 loading class sun/security/util/ManifestEntryVerifier$SunProviderHolder done


Dynamic libraries:
0x00007ff7edcb0000 - 0x00007ff7edcbe000 	c:\Users\Lenovo X395\.vscode\extensions\redhat.java-1.19.0-win32-x64\jre\17.0.7-win32-x86_64\bin\java.exe
0x00007ffca0bb0000 - 0x00007ffca0dc4000 	C:\WINDOWS\SYSTEM32\ntdll.dll
0x00007ffc57ca0000 - 0x00007ffc57cb9000 	C:\Program Files\Avast Software\Avast\aswhook.dll
0x00007ffca0540000 - 0x00007ffca0602000 	C:\WINDOWS\System32\KERNEL32.DLL
0x00007ffc9e320000 - 0x00007ffc9e6c3000 	C:\WINDOWS\System32\KERNELBASE.dll
0x00007ffc9e860000 - 0x00007ffc9e971000 	C:\WINDOWS\System32\ucrtbase.dll
0x00007ffc88700000 - 0x00007ffc88717000 	c:\Users\Lenovo X395\.vscode\extensions\redhat.java-1.19.0-win32-x64\jre\17.0.7-win32-x86_64\bin\jli.dll
0x00007ffca0940000 - 0x00007ffca0aeb000 	C:\WINDOWS\System32\USER32.dll
0x00007ffc9e980000 - 0x00007ffc9e9a6000 	C:\WINDOWS\System32\win32u.dll
0x00007ffc9fe80000 - 0x00007ffc9fea9000 	C:\WINDOWS\System32\GDI32.dll
0x00007ffc9e740000 - 0x00007ffc9e858000 	C:\WINDOWS\System32\gdi32full.dll
0x00007ffc9e1c0000 - 0x00007ffc9e25a000 	C:\WINDOWS\System32\msvcp_win.dll
0x00007ffc88430000 - 0x00007ffc88449000 	c:\Users\Lenovo X395\.vscode\extensions\redhat.java-1.19.0-win32-x64\jre\17.0.7-win32-x86_64\bin\VCRUNTIME140.dll
0x00007ffc845e0000 - 0x00007ffc8486e000 	C:\WINDOWS\WinSxS\amd64_microsoft.windows.common-controls_6595b64144ccf1df_6.0.22621.1635_none_270f70857386168e\COMCTL32.dll
0x00007ffc9ebd0000 - 0x00007ffc9ec77000 	C:\WINDOWS\System32\msvcrt.dll
0x00007ffca0900000 - 0x00007ffca0931000 	C:\WINDOWS\System32\IMM32.DLL
0x00007ffc91cb0000 - 0x00007ffc91cbc000 	c:\Users\Lenovo X395\.vscode\extensions\redhat.java-1.19.0-win32-x64\jre\17.0.7-win32-x86_64\bin\vcruntime140_1.dll
0x00007ffc68610000 - 0x00007ffc686a1000 	c:\Users\Lenovo X395\.vscode\extensions\redhat.java-1.19.0-win32-x64\jre\17.0.7-win32-x86_64\bin\msvcp140.dll
0x00007ffc0d470000 - 0x00007ffc0e0b8000 	c:\Users\Lenovo X395\.vscode\extensions\redhat.java-1.19.0-win32-x64\jre\17.0.7-win32-x86_64\bin\server\jvm.dll
0x00007ffca0690000 - 0x00007ffca073e000 	C:\WINDOWS\System32\ADVAPI32.dll
0x00007ffc9ef40000 - 0x00007ffc9efe4000 	C:\WINDOWS\System32\sechost.dll
0x00007ffc9eab0000 - 0x00007ffc9ebc7000 	C:\WINDOWS\System32\RPCRT4.dll
0x00007ffc95080000 - 0x00007ffc950b4000 	C:\WINDOWS\SYSTEM32\WINMM.dll
0x00007ffc8b0d0000 - 0x00007ffc8b0d9000 	C:\WINDOWS\SYSTEM32\WSOCK32.dll
0x00007ffc94030000 - 0x00007ffc9403a000 	C:\WINDOWS\SYSTEM32\VERSION.dll
0x00007ffca0af0000 - 0x00007ffca0b61000 	C:\WINDOWS\System32\WS2_32.dll
0x00007ffc9d020000 - 0x00007ffc9d038000 	C:\WINDOWS\SYSTEM32\kernel.appcore.dll
0x00007ffc91c80000 - 0x00007ffc91c8a000 	c:\Users\Lenovo X395\.vscode\extensions\redhat.java-1.19.0-win32-x64\jre\17.0.7-win32-x86_64\bin\jimage.dll
0x00007ffc9b890000 - 0x00007ffc9babe000 	C:\WINDOWS\SYSTEM32\DBGHELP.DLL
0x00007ffc9fec0000 - 0x00007ffca0249000 	C:\WINDOWS\System32\combase.dll
0x00007ffca0460000 - 0x00007ffca0537000 	C:\WINDOWS\System32\OLEAUT32.dll
0x00007ffc927b0000 - 0x00007ffc927e2000 	C:\WINDOWS\SYSTEM32\dbgcore.DLL
0x00007ffc9dfd0000 - 0x00007ffc9e04b000 	C:\WINDOWS\System32\bcryptPrimitives.dll
0x00007ffc91bf0000 - 0x00007ffc91bfe000 	c:\Users\Lenovo X395\.vscode\extensions\redhat.java-1.19.0-win32-x64\jre\17.0.7-win32-x86_64\bin\instrument.dll
0x00007ffc855c0000 - 0x00007ffc855e5000 	c:\Users\Lenovo X395\.vscode\extensions\redhat.java-1.19.0-win32-x64\jre\17.0.7-win32-x86_64\bin\java.dll
0x00007ffc87450000 - 0x00007ffc87468000 	c:\Users\Lenovo X395\.vscode\extensions\redhat.java-1.19.0-win32-x64\jre\17.0.7-win32-x86_64\bin\zip.dll
0x00007ffc9f680000 - 0x00007ffc9fe7a000 	C:\WINDOWS\System32\SHELL32.dll
0x00007ffc9bfd0000 - 0x00007ffc9c89e000 	C:\WINDOWS\SYSTEM32\windows.storage.dll
0x00007ffc9be90000 - 0x00007ffc9bfce000 	C:\WINDOWS\SYSTEM32\wintypes.dll
0x00007ffc9e9b0000 - 0x00007ffc9eaa1000 	C:\WINDOWS\System32\SHCORE.dll
0x00007ffc9f520000 - 0x00007ffc9f57e000 	C:\WINDOWS\System32\shlwapi.dll
0x00007ffc9df00000 - 0x00007ffc9df21000 	C:\WINDOWS\SYSTEM32\profapi.dll
0x00007ffc86880000 - 0x00007ffc86899000 	C:\Users\Lenovo X395\.vscode\extensions\redhat.java-1.19.0-win32-x64\jre\17.0.7-win32-x86_64\bin\net.dll
0x00007ffc957f0000 - 0x00007ffc95927000 	C:\WINDOWS\SYSTEM32\WINHTTP.dll
0x00007ffc9d490000 - 0x00007ffc9d4f9000 	C:\WINDOWS\system32\mswsock.dll
0x00007ffc85c70000 - 0x00007ffc85c85000 	C:\Users\Lenovo X395\.vscode\extensions\redhat.java-1.19.0-win32-x64\jre\17.0.7-win32-x86_64\bin\nio.dll
0x00007ffc8ac80000 - 0x00007ffc8ac90000 	c:\Users\Lenovo X395\.vscode\extensions\redhat.java-1.19.0-win32-x64\jre\17.0.7-win32-x86_64\bin\verify.dll

dbghelp: loaded successfully - version: 4.0.5 - missing functions: none
symbol engine: initialized successfully - sym options: 0x614 - pdb path: .;c:\Users\Lenovo X395\.vscode\extensions\redhat.java-1.19.0-win32-x64\jre\17.0.7-win32-x86_64\bin;C:\WINDOWS\SYSTEM32;C:\Program Files\Avast Software\Avast;C:\WINDOWS\WinSxS\amd64_microsoft.windows.common-controls_6595b64144ccf1df_6.0.22621.1635_none_270f70857386168e;c:\Users\Lenovo X395\.vscode\extensions\redhat.java-1.19.0-win32-x64\jre\17.0.7-win32-x86_64\bin\server

VM Arguments:
jvm_args: --add-modules=ALL-SYSTEM --add-opens=java.base/java.util=ALL-UNNAMED --add-opens=java.base/java.lang=ALL-UNNAMED --add-opens=java.base/sun.nio.fs=ALL-UNNAMED -Declipse.application=org.eclipse.jdt.ls.core.id1 -Dosgi.bundles.defaultStartLevel=4 -Declipse.product=org.eclipse.jdt.ls.core.product -Djava.import.generatesMetadataFilesAtProjectRoot=false -Dfile.encoding=utf8 -XX:+UseParallelGC -XX:GCTimeRatio=4 -XX:AdaptiveSizePolicyWeight=90 -Dsun.zip.disableMemoryMapping=true -Xmx1G -Xms100m -Xlog:disable -javaagent:c:\Users\Lenovo X395\.vscode\extensions\redhat.java-1.19.0-win32-x64\lombok\lombok-1.18.28.jar 
java_command: c:\Users\Lenovo X395\.vscode\extensions\redhat.java-1.19.0-win32-x64\server\plugins\org.eclipse.equinox.launcher_1.6.400.v20210924-0641.jar -configuration c:\Users\Lenovo X395\AppData\Roaming\Code\User\globalStorage\redhat.java\1.19.0\config_ss_win -data c:\Users\Lenovo X395\AppData\Roaming\Code\User\workspaceStorage\285a490a55f3f95498b4f89d341d63b4\redhat.java\ss_ws
java_class_path (initial): c:\Users\Lenovo X395\.vscode\extensions\redhat.java-1.19.0-win32-x64\server\plugins\org.eclipse.equinox.launcher_1.6.400.v20210924-0641.jar
Launcher Type: SUN_STANDARD

[Global flags]
    uintx AdaptiveSizePolicyWeight                 = 90                                        {product} {command line}
     intx CICompilerCount                          = 4                                         {product} {ergonomic}
    uintx GCTimeRatio                              = 4                                         {product} {command line}
   size_t InitialHeapSize                          = 104857600                                 {product} {command line}
   size_t MaxHeapSize                              = 1073741824                                {product} {command line}
   size_t MaxNewSize                               = 357564416                                 {product} {ergonomic}
   size_t MinHeapDeltaBytes                        = 524288                                    {product} {ergonomic}
   size_t MinHeapSize                              = 104857600                                 {product} {command line}
   size_t NewSize                                  = 34603008                                  {product} {ergonomic}
    uintx NonNMethodCodeHeapSize                   = 5839372                                {pd product} {ergonomic}
    uintx NonProfiledCodeHeapSize                  = 122909434                              {pd product} {ergonomic}
   size_t OldSize                                  = 70254592                                  {product} {ergonomic}
    uintx ProfiledCodeHeapSize                     = 122909434                              {pd product} {ergonomic}
    uintx ReservedCodeCacheSize                    = 251658240                              {pd product} {ergonomic}
     bool SegmentedCodeCache                       = true                                      {product} {ergonomic}
   size_t SoftMaxHeapSize                          = 1073741824                             {manageable} {ergonomic}
     bool UseCompressedClassPointers               = true                           {product lp64_product} {ergonomic}
     bool UseCompressedOops                        = true                           {product lp64_product} {ergonomic}
     bool UseLargePagesIndividualAllocation        = false                                  {pd product} {ergonomic}
     bool UseParallelGC                            = true                                      {product} {command line}

Logging:
Log output configuration:
 #0: stdout all=off uptime,level,tags
 #1: stderr all=off uptime,level,tags

Environment Variables:
JAVA_HOME=C:\Program Files\Java\jdk1.8.0_251
PATH=C:\Program Files\Common Files\Oracle\Java\javapath;C:\Oracle\App\product\DBHome_19\bin;C:\Program Files (x86)\VMware\VMware Workstation\bin\;C:\Program Files (x86)\Common Files\Oracle\Java\javapath;C:\Windows\system32;C:\Windows;C:\Windows\System32\Wbem;C:\Windows\System32\WindowsPowerShell\v1.0\;C:\Windows\System32\OpenSSH\;C:\xampp\php;C:\Program Files\Microsoft SQL Server\150\Tools\Binn\;C:\Program Files\Microsoft SQL Server\Client SDK\ODBC\170\Tools\Binn\;C:\Program Files\Microsoft SQL Server\Client SDK\ODBC\130\Tools\Binn\;C:\Program Files (x86)\Microsoft SQL Server\130\Tools\Binn\;C:\Program Files\Microsoft SQL Server\130\Tools\Binn\;C:\Program Files\Microsoft SQL Server\130\DTS\Binn\;C:\Program Files (x86)\Microsoft SQL Server\Client SDK\ODBC\130\Tools\Binn\;C:\Program Files (x86)\Microsoft SQL Server\140\Tools\Binn\;C:\Program Files (x86)\Microsoft SQL Server\140\DTS\Binn\;C:\Program Files (x86)\Microsoft SQL Server\140\Tools\Binn\ManagementStudio\;C:\Program Files\dotnet\;C:\ProgramData\ComposerSetup\bin;C:\WINDOWS\system32;C:\WINDOWS;C:\WINDOWS\System32\Wbem;C:\WINDOWS\System32\WindowsPowerShell\v1.0\;C:\WINDOWS\System32\OpenSSH\;C:\Program Files\nodejs\;C:\ProgramData\chocolatey\bin;C:\Program Files (x86)\dotnet\;C:\Program Files\Git\cmd;C:\Python311\Scripts\;C:\Python311\;C:\Users\Lenovo X395\scoop\shims;C:\Users\Lenovo X395\AppData\Local\Microsoft\WindowsApps;C:\Users\Lenovo X395\AppData\Local\Programs\Microsoft VS Code\bin;C:\Users\Lenovo X395\AppData\Roaming\Composer\vendor\bin;C:\Program Files\Java\jdk1.8.0_251bin;C:\Users\Lenovo X395\Downloads\TPSSL\install;C:\OpenSSL\bin;C:\Users\Lenovo X395\.dotnet\tools;C:\src\flutter\bin;;C:\Users\Lenovo X395\AppData\Local\Microsoft\WindowsApps;C:\Users\Lenovo X395\AppData\Roaming\npm
USERNAME=Lenovo X395
OS=Windows_NT
PROCESSOR_IDENTIFIER=AMD64 Family 23 Model 24 Stepping 1, AuthenticAMD
TMP=C:\Users\LENOVO~1\AppData\Local\Temp
TEMP=C:\Users\LENOVO~1\AppData\Local\Temp



---------------  S Y S T E M  ---------------

OS:
 Windows 11 , 64 bit Build 22621 (10.0.22621.1635)
OS uptime: 0 days 15:55 hours

CPU: total 8 (initial active 8) (8 cores per cpu, 2 threads per core) family 23 model 24 stepping 1 microcode 0x0, cx8, cmov, fxsr, ht, mmx, 3dnowpref, sse, sse2, sse3, ssse3, sse4a, sse4.1, sse4.2, popcnt, lzcnt, tsc, tscinvbit, avx, avx2, aes, clmul, bmi1, bmi2, adx, sha, fma, vzeroupper, clflush, clflushopt

Memory: 4k page, system-wide physical 6056M (278M free)
TotalPageFile size 24488M (AvailPageFile size 10M)
current process WorkingSet (physical memory assigned to process): 54M, peak: 54M
current process commit charge ("private bytes"): 194M, peak: 194M

vm_info: OpenJDK 64-Bit Server VM (17.0.7+7) for windows-amd64 JRE (17.0.7+7), built on Apr 18 2023 22:10:42 by "temurin" with MS VC++ 16.7 (VS2019)

END.
