#
# There is insufficient memory for the Java Runtime Environment to continue.
# Native memory allocation (mmap) failed to map 65536 bytes for Failed to commit metaspace.
# Possible reasons:
#   The system is out of physical RAM or swap space
#   The process is running with CompressedOops enabled, and the Java Heap may be blocking the growth of the native heap
# Possible solutions:
#   Reduce memory load on the system
#   Increase physical memory or swap space
#   Check if swap backing store is full
#   Decrease Java heap size (-Xmx/-Xms)
#   Decrease number of Java threads
#   Decrease Java thread stack sizes (-Xss)
#   Set larger code cache with -XX:ReservedCodeCacheSize=
#   JVM is running with Unscaled Compressed Oops mode in which the Java heap is
#     placed in the first 4GB address space. The Java Heap base address is the
#     maximum limit for the native heap growth. Please use -XX:HeapBaseMinAddress
#     to set the Java Heap base and to place the Java Heap above 4GB virtual address.
# This output file may be truncated or incomplete.
#
#  Out of Memory Error (virtualSpaceNode.cpp:110), pid=17292, tid=11008
#
# JRE version: OpenJDK Runtime Environment Temurin-17.0.7+7 (17.0.7+7) (build 17.0.7+7)
# Java VM: OpenJDK 64-Bit Server VM Temurin-17.0.7+7 (17.0.7+7, mixed mode, tiered, compressed oops, compressed class ptrs, parallel gc, windows-amd64)
# No core dump will be written. Minidumps are not enabled by default on client versions of Windows
#

---------------  S U M M A R Y ------------

Command Line: --add-modules=ALL-SYSTEM --add-opens=java.base/java.util=ALL-UNNAMED --add-opens=java.base/java.lang=ALL-UNNAMED --add-opens=java.base/sun.nio.fs=ALL-UNNAMED -Declipse.application=org.eclipse.jdt.ls.core.id1 -Dosgi.bundles.defaultStartLevel=4 -Declipse.product=org.eclipse.jdt.ls.core.product -Djava.import.generatesMetadataFilesAtProjectRoot=false -Dfile.encoding=utf8 -XX:+UseParallelGC -XX:GCTimeRatio=4 -XX:AdaptiveSizePolicyWeight=90 -Dsun.zip.disableMemoryMapping=true -Xmx1G -Xms100m -Xlog:disable -javaagent:c:\Users\Lenovo X395\.vscode\extensions\redhat.java-1.19.0-win32-x64\lombok\lombok-1.18.28.jar c:\Users\Lenovo X395\.vscode\extensions\redhat.java-1.19.0-win32-x64\server\plugins\org.eclipse.equinox.launcher_1.6.400.v20210924-0641.jar -configuration c:\Users\Lenovo X395\AppData\Roaming\Code\User\globalStorage\redhat.java\1.19.0\config_ss_win -data c:\Users\Lenovo X395\AppData\Roaming\Code\User\workspaceStorage\285a490a55f3f95498b4f89d341d63b4\redhat.java\ss_ws

Host: AMD Ryzen 5 PRO 3500U w/ Radeon Vega Mobile Gfx, 8 cores, 5G,  Windows 11 , 64 bit Build 22621 (10.0.22621.1635)
Time: Fri Jun  9 19:56:54 2023 Paris, Madrid (heure duild 22621 (10.0.22621.1635) elapsed time: 6.006819 seconds (0d 0h 0m 6s)

---------------  T H R E A D  ---------------

Current thread (0x0000014d7fd06af0):  JavaThread "Start Level: Equinox Container: 4053a3fc-086f-4292-8860-479b9eaa1d88" daemon [_thread_in_vm, id=11008, stack(0x000000400e300000,0x000000400e400000)]

Stack: [0x000000400e300000,0x000000400e400000]
Native frames: (J=compiled Java code, j=interpreted, Vv=VM code, C=native code)
V  [jvm.dll+0x67754a]
V  [jvm.dll+0x834304]
V  [jvm.dll+0x835aae]
V  [jvm.dll+0x836113]
V  [jvm.dll+0x24696f]
V  [jvm.dll+0x83039b]
V  [jvm.dll+0x61c006]
V  [jvm.dll+0x1c169e]
V  [jvm.dll+0x61e961]
V  [jvm.dll+0x61c9a6]
V  [jvm.dll+0x23aeff]
V  [jvm.dll+0x626845]
V  [jvm.dll+0x1eb47b]
V  [jvm.dll+0x1eb9b5]
V  [jvm.dll+0x1ec3ef]
V  [jvm.dll+0x1e1891]
V  [jvm.dll+0x53ea50]
V  [jvm.dll+0x7afc28]
V  [jvm.dll+0x7afd14]
V  [jvm.dll+0x40de05]
V  [jvm.dll+0x413f58]
C  [java.dll+0x17ec]

Java frames: (J=compiled Java code, j=interpreted, Vv=VM code)
J 1050  java.lang.ClassLoader.defineClass1(Ljava/lang/ClassLoader;Ljava/lang/String;[BIILjava/security/ProtectionDomain;Ljava/lang/String;)Ljava/lang/Class; java.base@17.0.7 (0 bytes) @ 0x0000014d07b2e8db [0x0000014d07b2e820+0x00000000000000bb]
J 1633 c1 java.lang.ClassLoader.defineClass(Ljava/lang/String;[BIILjava/security/ProtectionDomain;)Ljava/lang/Class; java.base@17.0.7 (43 bytes) @ 0x0000014d002f2a54 [0x0000014d002f2700+0x0000000000000354]
J 1933 c1 org.eclipse.osgi.internal.loader.ModuleClassLoader.defineClass(Ljava/lang/String;[BLorg/eclipse/osgi/internal/loader/classpath/ClasspathEntry;)Lorg/eclipse/osgi/internal/loader/ModuleClassLoader$DefineClassResult; (138 bytes) @ 0x0000014d003ae89c [0x0000014d003ae640+0x000000000000025c]
J 1700 c1 org.eclipse.osgi.internal.loader.classpath.ClasspathManager.defineClass(Ljava/lang/String;[BLorg/eclipse/osgi/internal/loader/classpath/ClasspathEntry;Lorg/eclipse/osgi/storage/bundlefile/BundleEntry;Ljava/util/List;)Ljava/lang/Class; (636 bytes) @ 0x0000014d00325244 [0x0000014d00323860+0x00000000000019e4]
J 1919 c1 org.eclipse.osgi.internal.loader.classpath.ClasspathManager.findClassImpl(Ljava/lang/String;Lorg/eclipse/osgi/internal/loader/classpath/ClasspathEntry;Ljava/util/List;)Ljava/lang/Class; (308 bytes) @ 0x0000014d0039d9e4 [0x0000014d0039ac40+0x0000000000002da4]
J 1681 c1 org.eclipse.osgi.internal.loader.classpath.ClasspathManager.findLocalClassImpl(Ljava/lang/String;[Lorg/eclipse/osgi/internal/loader/classpath/ClasspathEntry;Ljava/util/List;)Ljava/lang/Class; (55 bytes) @ 0x0000014d0031b3cc [0x0000014d0031b240+0x000000000000018c]
J 1680 c1 org.eclipse.osgi.internal.loader.classpath.ClasspathManager.findLocalClassImpl(Ljava/lang/String;Ljava/util/List;)Ljava/lang/Class; (132 bytes) @ 0x0000014d0031a954 [0x0000014d0031a440+0x0000000000000514]
J 1771 c1 org.eclipse.osgi.internal.loader.classpath.ClasspathManager.findLocalClass(Ljava/lang/String;)Ljava/lang/Class; (210 bytes) @ 0x0000014d00343b3c [0x0000014d00342ea0+0x0000000000000c9c]
J 1671 c1 org.eclipse.osgi.internal.loader.BundleLoader.findLocalClass(Ljava/lang/String;)Ljava/lang/Class; (152 bytes) @ 0x0000014d0030f3ec [0x0000014d0030eba0+0x000000000000084c]
J 1799 c1 org.eclipse.osgi.internal.loader.sources.SingleSourcePackage.loadClass(Ljava/lang/String;)Ljava/lang/Class; (9 bytes) @ 0x0000014d0035493c [0x0000014d00354840+0x00000000000000fc]
J 1601 c1 org.eclipse.osgi.internal.loader.BundleLoader.findClass0(Ljava/lang/String;ZZ)Ljava/lang/Class; (466 bytes) @ 0x0000014d002e239c [0x0000014d002dfda0+0x00000000000025fc]
J 1600 c1 org.eclipse.osgi.internal.loader.BundleLoader.findClass(Ljava/lang/String;)Ljava/lang/Class; (8 bytes) @ 0x0000014d002df49c [0x0000014d002df420+0x000000000000007c]
J 1602 c1 org.eclipse.osgi.internal.loader.ModuleClassLoader.loadClass(Ljava/lang/String;Z)Ljava/lang/Class; (36 bytes) @ 0x0000014d002e54bc [0x0000014d002e52a0+0x000000000000021c]
J 794 c1 java.lang.ClassLoader.loadClass(Ljava/lang/String;)Ljava/lang/Class; java.base@17.0.7 (7 bytes) @ 0x0000014d00149abc [0x0000014d001499c0+0x00000000000000fc]
v  ~StubRoutines::call_stub
j  org.eclipse.jdt.internal.core.JavaModelManager$8.optionsChanged(Lorg/eclipse/osgi/service/debug/DebugOptions;)V+127
j  org.eclipse.osgi.internal.debug.FrameworkDebugOptions.addingService(Lorg/osgi/framework/ServiceReference;)Lorg/eclipse/osgi/service/debug/DebugOptionsListener;+16
j  org.eclipse.osgi.internal.debug.FrameworkDebugOptions.addingService(Lorg/osgi/framework/ServiceReference;)Ljava/lang/Object;+5
j  org.osgi.util.tracker.ServiceTracker$Tracked.customizerAdding(Lorg/osgi/framework/ServiceReference;Lorg/osgi/framework/ServiceEvent;)Ljava/lang/Object;+8
j  org.osgi.util.tracker.ServiceTracker$Tracked.customizerAdding(Ljava/lang/Object;Ljava/lang/Object;)Ljava/lang/Object;+9
j  org.osgi.util.tracker.AbstractTracked.trackAdding(Ljava/lang/Object;Ljava/lang/Object;)V+8
j  org.osgi.util.tracker.AbstractTracked.track(Ljava/lang/Object;Ljava/lang/Object;)V+83
j  org.osgi.util.tracker.ServiceTracker$Tracked.serviceChanged(Lorg/osgi/framework/ServiceEvent;)V+67
J 1478 c1 org.eclipse.osgi.internal.serviceregistry.FilteredServiceListener.serviceChanged(Lorg/osgi/framework/ServiceEvent;)V (284 bytes) @ 0x0000014d002b59b4 [0x0000014d002b36e0+0x00000000000022d4]
J 1462 c1 org.eclipse.osgi.internal.framework.BundleContextImpl.dispatchEvent(Ljava/lang/Object;Ljava/lang/Object;ILjava/lang/Object;)V (558 bytes) @ 0x0000014d002a5eec [0x0000014d002a2e20+0x00000000000030cc]
J 1897 c1 org.eclipse.osgi.framework.eventmgr.EventManager.dispatchEvent(Ljava/util/Set;Lorg/eclipse/osgi/framework/eventmgr/EventDispatcher;ILjava/lang/Object;)V (69 bytes) @ 0x0000014d0038d5f4 [0x0000014d0038d120+0x00000000000004d4]
j  org.eclipse.osgi.framework.eventmgr.ListenerQueue.dispatchEventSynchronous(ILjava/lang/Object;)V+67
j  org.eclipse.osgi.internal.serviceregistry.ServiceRegistry.publishServiceEventPrivileged(Lorg/osgi/framework/ServiceEvent;)V+320
j  org.eclipse.osgi.internal.serviceregistry.ServiceRegistry.publishServiceEvent(Lorg/osgi/framework/ServiceEvent;)V+8
j  org.eclipse.osgi.internal.serviceregistry.ServiceRegistrationImpl.register(Ljava/util/Dictionary;)V+128
j  org.eclipse.osgi.internal.serviceregistry.ServiceRegistry.registerService(Lorg/eclipse/osgi/internal/framework/BundleContextImpl;[Ljava/lang/String;Ljava/lang/Object;Ljava/util/Dictionary;)Lorg/eclipse/osgi/internal/serviceregistry/ServiceRegistrationImpl;+298
j  org.eclipse.osgi.internal.framework.BundleContextImpl.registerService([Ljava/lang/String;Ljava/lang/Object;Ljava/util/Dictionary;)Lorg/osgi/framework/ServiceRegistration;+15
j  org.eclipse.osgi.internal.framework.BundleContextImpl.registerService(Ljava/lang/String;Ljava/lang/Object;Ljava/util/Dictionary;)Lorg/osgi/framework/ServiceRegistration;+15
j  org.eclipse.osgi.internal.framework.BundleContextImpl.registerService(Ljava/lang/Class;Ljava/lang/Object;Ljava/util/Dictionary;)Lorg/osgi/framework/ServiceRegistration;+7
j  org.eclipse.jdt.internal.core.JavaModelManager.registerDebugOptionsListener(Lorg/osgi/framework/BundleContext;)V+32
j  org.eclipse.jdt.core.JavaCore.start(Lorg/osgi/framework/BundleContext;)V+6
j  org.eclipse.osgi.internal.framework.BundleContextImpl$2.run()Ljava/lang/Void;+23
j  org.eclipse.osgi.internal.framework.BundleContextImpl$2.run()Ljava/lang/Object;+1
j  java.security.AccessController.executePrivileged(Ljava/security/PrivilegedExceptionAction;Ljava/security/AccessControlContext;Ljava/lang/Class;)Ljava/lang/Object;+29 java.base@17.0.7
j  java.security.AccessController.doPrivileged(Ljava/security/PrivilegedExceptionAction;)Ljava/lang/Object;+9 java.base@17.0.7
j  org.eclipse.osgi.internal.framework.BundleContextImpl.startActivator(Lorg/osgi/framework/BundleActivator;)V+9
j  org.eclipse.osgi.internal.framework.BundleContextImpl.start()V+134
j  org.eclipse.osgi.internal.framework.EquinoxBundle.startWorker0()V+35
j  org.eclipse.osgi.internal.framework.EquinoxBundle$EquinoxModule.startWorker()V+4
j  org.eclipse.osgi.container.Module.doStart([Lorg/eclipse/osgi/container/Module$StartOptions;)Lorg/eclipse/osgi/container/ModuleContainerAdaptor$ModuleEvent;+190
j  org.eclipse.osgi.container.Module.start([Lorg/eclipse/osgi/container/Module$StartOptions;)V+460
j  org.eclipse.osgi.framework.util.SecureAction.start(Lorg/eclipse/osgi/container/Module;[Lorg/eclipse/osgi/container/Module$StartOptions;)V+8
J 1673 c1 org.eclipse.osgi.internal.hooks.EclipseLazyStarter.postFindLocalClass(Ljava/lang/String;Ljava/lang/Class;Lorg/eclipse/osgi/internal/loader/classpath/ClasspathManager;)V (394 bytes) @ 0x0000014d0031275c [0x0000014d003117e0+0x0000000000000f7c]
J 1771 c1 org.eclipse.osgi.internal.loader.classpath.ClasspathManager.findLocalClass(Ljava/lang/String;)Ljava/lang/Class; (210 bytes) @ 0x0000014d00343e54 [0x0000014d00342ea0+0x0000000000000fb4]
J 1671 c1 org.eclipse.osgi.internal.loader.BundleLoader.findLocalClass(Ljava/lang/String;)Ljava/lang/Class; (152 bytes) @ 0x0000014d0030f3ec [0x0000014d0030eba0+0x000000000000084c]
j  org.eclipse.osgi.internal.loader.sources.SingleSourcePackage.loadClass(Ljava/lang/String;)Ljava/lang/Class;+5
J 1601 c1 org.eclipse.osgi.internal.loader.BundleLoader.findClass0(Ljava/lang/String;ZZ)Ljava/lang/Class; (466 bytes) @ 0x0000014d002e239c [0x0000014d002dfda0+0x00000000000025fc]
J 1600 c1 org.eclipse.osgi.internal.loader.BundleLoader.findClass(Ljava/lang/String;)Ljava/lang/Class; (8 bytes) @ 0x0000014d002df49c [0x0000014d002df420+0x000000000000007c]
J 1602 c1 org.eclipse.osgi.internal.loader.ModuleClassLoader.loadClass(Ljava/lang/String;Z)Ljava/lang/Class; (36 bytes) @ 0x0000014d002e54bc [0x0000014d002e52a0+0x000000000000021c]
J 794 c1 java.lang.ClassLoader.loadClass(Ljava/lang/String;)Ljava/lang/Class; java.base@17.0.7 (7 bytes) @ 0x0000014d00149abc [0x0000014d001499c0+0x00000000000000fc]
v  ~StubRoutines::call_stub
j  java.lang.Class.getDeclaredConstructors0(Z)[Ljava/lang/reflect/Constructor;+0 java.base@17.0.7
j  java.lang.Class.privateGetDeclaredConstructors(Z)[Ljava/lang/reflect/Constructor;+52 java.base@17.0.7
j  java.lang.Class.getConstructor0([Ljava/lang/Class;I)Ljava/lang/reflect/Constructor;+14 java.base@17.0.7
j  java.lang.Class.getConstructor([Ljava/lang/Class;)Ljava/lang/reflect/Constructor;+24 java.base@17.0.7
j  org.eclipse.osgi.internal.framework.BundleContextImpl.loadBundleActivator()Lorg/osgi/framework/BundleActivator;+105
j  org.eclipse.osgi.internal.framework.BundleContextImpl.start()V+18
j  org.eclipse.osgi.internal.framework.EquinoxBundle.startWorker0()V+35
j  org.eclipse.osgi.internal.framework.EquinoxBundle$EquinoxModule.startWorker()V+4
j  org.eclipse.osgi.container.Module.doStart([Lorg/eclipse/osgi/container/Module$StartOptions;)Lorg/eclipse/osgi/container/ModuleContainerAdaptor$ModuleEvent;+190
j  org.eclipse.osgi.container.Module.start([Lorg/eclipse/osgi/container/Module$StartOptions;)V+460
j  org.eclipse.osgi.container.ModuleContainer$ContainerStartLevel$2.run()V+71
j  org.eclipse.osgi.internal.framework.EquinoxContainerAdaptor$1$1.execute(Ljava/lang/Runnable;)V+1
j  org.eclipse.osgi.container.ModuleContainer$ContainerStartLevel.incStartLevel(ILjava/util/List;Z)V+192
j  org.eclipse.osgi.container.ModuleContainer$ContainerStartLevel.incStartLevel(ILjava/util/List;Ljava/util/List;Ljava/util/List;Ljava/util/List;)V+19
j  org.eclipse.osgi.container.ModuleContainer$ContainerStartLevel.doContainerStartLevel(Lorg/eclipse/osgi/container/Module;I[Lorg/osgi/framework/FrameworkListener;)V+349
j  org.eclipse.osgi.container.ModuleContainer$ContainerStartLevel.dispatchEvent(Lorg/eclipse/osgi/container/Module;[Lorg/osgi/framework/FrameworkListener;ILjava/lang/Integer;)V+32
j  org.eclipse.osgi.container.ModuleContainer$ContainerStartLevel.dispatchEvent(Ljava/lang/Object;Ljava/lang/Object;ILjava/lang/Object;)V+15
j  org.eclipse.osgi.framework.eventmgr.EventManager.dispatchEvent(Ljava/util/Set;Lorg/eclipse/osgi/framework/eventmgr/EventDispatcher;ILjava/lang/Object;)V+48
j  org.eclipse.osgi.framework.eventmgr.EventManager$EventThread.run()V+26
v  ~StubRoutines::call_stub

---------------  P R O C E S S  ---------------

Threads class SMR info:
_java_thread_list=0x0000014d132bed40, length=20, elements={
0x0000014d78657b50, 0x0000014d7d4c3f00, 0x0000014d7d4c53f0, 0x0000014d7d4ccec0,
0x0000014d7d4cd980, 0x0000014d7d4ce440, 0x0000014d7e74c010, 0x0000014d7e74cc00,
0x0000014d7e7abf70, 0x0000014d7e7b08a0, 0x0000014d7e8c6330, 0x0000014d7ea21020,
0x0000014d7fb06020, 0x0000014d7fd05540, 0x0000014d7fd06af0, 0x0000014d7fda3820,
0x0000014d7fd873c0, 0x0000014d1332b5a0, 0x0000014d13373840, 0x0000014d132cc3a0
}

Java Threads: ( => current thread )
  0x0000014d78657b50 JavaThread "main" [_thread_blocked, id=23324, stack(0x000000400cc00000,0x000000400cd00000)]
  0x0000014d7d4c3f00 JavaThread "Reference Handler" daemon [_thread_blocked, id=10524, stack(0x000000400cf00000,0x000000400d000000)]
  0x0000014d7d4c53f0 JavaThread "Finalizer" daemon [_thread_blocked, id=15072, stack(0x000000400d000000,0x000000400d100000)]
  0x0000014d7d4ccec0 JavaThread "Signal Dispatcher" daemon [_thread_blocked, id=2252, stack(0x000000400d100000,0x000000400d200000)]
  0x0000014d7d4cd980 JavaThread "Attach Listener" daemon [_thread_blocked, id=8616, stack(0x000000400d200000,0x000000400d300000)]
  0x0000014d7d4ce440 JavaThread "Service Thread" daemon [_thread_blocked, id=23624, stack(0x000000400d300000,0x000000400d400000)]
  0x0000014d7e74c010 JavaThread "Monitor Deflation Thread" daemon [_thread_blocked, id=11684, stack(0x000000400d400000,0x000000400d500000)]
  0x0000014d7e74cc00 JavaThread "C2 CompilerThread0" daemon [_thread_blocked, id=13616, stack(0x000000400d500000,0x000000400d600000)]
  0x0000014d7e7abf70 JavaThread "C1 CompilerThread0" daemon [_thread_blocked, id=6880, stack(0x000000400d600000,0x000000400d700000)]
  0x0000014d7e7b08a0 JavaThread "Sweeper thread" daemon [_thread_blocked, id=10192, stack(0x000000400d700000,0x000000400d800000)]
  0x0000014d7e8c6330 JavaThread "Common-Cleaner" daemon [_thread_blocked, id=21932, stack(0x000000400d800000,0x000000400d900000)]
  0x0000014d7ea21020 JavaThread "Notification Thread" daemon [_thread_blocked, id=11664, stack(0x000000400d900000,0x000000400da00000)]
  0x0000014d7fb06020 JavaThread "Active Thread: Equinox Container: 4053a3fc-086f-4292-8860-479b9eaa1d88" [_thread_blocked, id=9636, stack(0x000000400e100000,0x000000400e200000)]
  0x0000014d7fd05540 JavaThread "Framework Event Dispatcher: Equinox Container: 4053a3fc-086f-4292-8860-479b9eaa1d88" daemon [_thread_blocked, id=21548, stack(0x000000400e200000,0x000000400e300000)]
=>0x0000014d7fd06af0 JavaThread "Start Level: Equinox Container: 4053a3fc-086f-4292-8860-479b9eaa1d88" daemon [_thread_in_vm, id=11008, stack(0x000000400e300000,0x000000400e400000)]
  0x0000014d7fda3820 JavaThread "SCR Component Actor" daemon [_thread_blocked, id=9808, stack(0x000000400e400000,0x000000400e500000)]
  0x0000014d7fd873c0 JavaThread "SCR Component Registry" daemon [_thread_blocked, id=11288, stack(0x000000400e600000,0x000000400e700000)]
  0x0000014d1332b5a0 JavaThread "Worker-JM" [_thread_blocked, id=2500, stack(0x000000400e700000,0x000000400e800000)]
  0x0000014d13373840 JavaThread "Worker-0" [_thread_blocked, id=10556, stack(0x000000400e800000,0x000000400e900000)]
  0x0000014d132cc3a0 JavaThread "Worker-1" [_thread_blocked, id=928, stack(0x000000400e900000,0x000000400ea00000)]

Other Threads:
  0x0000014d7e710c20 VMThread "VM Thread" [stack: 0x000000400ce00000,0x000000400cf00000] [id=17568]
  0x0000014d7ea214f0 WatcherThread [stack: 0x000000400da00000,0x000000400db00000] [id=14748]
  0x0000014d7866c9b0 GCTaskThread "GC Thread#0" [stack: 0x000000400cd00000,0x000000400ce00000] [id=15696]
  0x0000014d7fcb31f0 GCTaskThread "GC Thread#1" [stack: 0x000000400db00000,0x000000400dc00000] [id=18860]
  0x0000014d7faa4f00 GCTaskThread "GC Thread#2" [stack: 0x000000400dc00000,0x000000400dd00000] [id=3796]
  0x0000014d7faa51b0 GCTaskThread "GC Thread#3" [stack: 0x000000400dd00000,0x000000400de00000] [id=24736]
  0x0000014d7faa5460 GCTaskThread "GC Thread#4" [stack: 0x000000400de00000,0x000000400df00000] [id=10880]
  0x0000014d7faa5710 GCTaskThread "GC Thread#5" [stack: 0x000000400df00000,0x000000400e000000] [id=23912]
  0x0000014d7faa59c0 GCTaskThread "GC Thread#6" [stack: 0x000000400e000000,0x000000400e100000] [id=5248]
  0x0000014d7fdaed40 GCTaskThread "GC Thread#7" [stack: 0x000000400e500000,0x000000400e600000] [id=15612]

Threads with active compile tasks:

VM state: not at safepoint (normal execution)

VM Mutex/Monitor currently owned by a thread:  ([mutex/lock_event])
[0x0000014d786527e0] Metaspace_lock - owner thread: 0x0000014d7fd06af0

Heap address: 0x00000000c0000000, size: 1024 MB, Compressed Oops mode: 32-bit

CDS archive(s) not mapped
Compressed class space mapped at: 0x0000000100000000-0x0000000140000000, reserved size: 1073741824
Narrow klass base: 0x0000000000000000, Narrow klass shift: 3, Narrow klass range: 0x140000000

GC Precious Log:
 CPUs: 8 total, 8 available
 Memory: 6056M
 Large Page Support: Disabled
 NUMA Support: Disabled
 Compressed Oops: Enabled (32-bit)
 Alignments: Space 512K, Generation 512K, Heap 2M
 Heap Min Capacity: 100M
 Heap Initial Capacity: 100M
 Heap Max Capacity: 1G
 Pre-touch: Disabled
 Parallel Workers: 8

Heap:
 PSYoungGen      total 29696K, used 18142K [0x00000000eab00000, 0x00000000ecc00000, 0x0000000100000000)
  eden space 25600K, 70% used [0x00000000eab00000,0x00000000ebcb79a0,0x00000000ec400000)
  from space 4096K, 0% used [0x00000000ec800000,0x00000000ec800000,0x00000000ecc00000)
  to   space 4096K, 0% used [0x00000000ec400000,0x00000000ec400000,0x00000000ec800000)
 ParOldGen       total 68608K, used 7118K [0x00000000c0000000, 0x00000000c4300000, 0x00000000eab00000)
  object space 68608K, 10% used [0x00000000c0000000,0x00000000c06f38d0,0x00000000c4300000)
 Metaspace       used 23072K, committed 23424K, reserved 1114112K
  class space    used 2293K, committed 2432K, reserved 1048576K

Card table byte_map: [0x0000014d77ff0000,0x0000014d78200000] _byte_map_base: 0x0000014d779f0000

Marking Bits: (ParMarkBitMap*) 0x00007ffc0dff52c0
 Begin Bits: [0x0000014d7b2d0000, 0x0000014d7c2d0000)
 End Bits:   [0x0000014d7c2d0000, 0x0000014d7d2d0000)

Polling page: 0x0000014d765f0000

Metaspace:

Usage:
  Non-class:     20.29 MB used.
      Class:      2.24 MB used.
       Both:     22.53 MB used.

Virtual space:
  Non-class space:       64.00 MB reserved,      20.50 MB ( 32%) committed,  1 nodes.
      Class space:        1.00 GB reserved,       2.38 MB ( <1%) committed,  1 nodes.
             Both:        1.06 GB reserved,      22.88 MB (  2%) committed. 

Chunk freelists:
   Non-Class:  11.05 MB
       Class:  13.62 MB
        Both:  24.67 MB

MaxMetaspaceSize: unlimited
CompressedClassSpaceSize: 1.00 GB
Initial GC threshold: 21.00 MB
Current GC threshold: 35.00 MB
CDS: off
MetaspaceReclaimPolicy: balanced
 - commit_granule_bytes: 65536.
 - commit_granule_words: 8192.
 - virtual_space_node_default_size: 8388608.
 - enlarge_chunks_in_place: 1.
 - new_chunks_are_fully_committed: 0.
 - uncommit_free_chunks: 1.
 - use_allocation_guard: 0.
 - handle_deallocations: 1.


Internal statistics:

num_allocs_failed_limit: 3.
num_arena_births: 196.
num_arena_deaths: 14.
num_vsnodes_births: 2.
num_vsnodes_deaths: 0.
num_space_committed: 366.
num_space_uncommitted: 0.
num_chunks_returned_to_freelist: 17.
num_chunks_taken_from_freelist: 743.
num_chunk_merges: 7.
num_chunk_splits: 491.
num_chunks_enlarged: 349.
num_inconsistent_stats: 0.

CodeHeap 'non-profiled nmethods': size=120000Kb used=843Kb max_used=843Kb free=119156Kb
 bounds [0x0000014d07ad0000, 0x0000014d07d40000, 0x0000014d0f000000]
CodeHeap 'profiled nmethods': size=120000Kb used=4514Kb max_used=4514Kb free=115485Kb
 bounds [0x0000014d00000000, 0x0000014d00470000, 0x0000014d07530000]
CodeHeap 'non-nmethods': size=5760Kb used=1191Kb max_used=1211Kb free=4568Kb
 bounds [0x0000014d07530000, 0x0000014d077a0000, 0x0000014d07ad0000]
 total_blobs=2730 nmethods=2239 adapters=405
 compilation: enabled
              stopped_count=0, restarted_count=0
 full_count=0

Compilation events (20 events):
Event: 5.860 Thread 0x0000014d7e7abf70 nmethod 2235 0x0000014d0045ea90 code [0x0000014d0045ec20, 0x0000014d0045ed18]
Event: 5.860 Thread 0x0000014d7e7abf70 2237       1       java.util.concurrent.atomic.AtomicLong::get (5 bytes)
Event: 5.861 Thread 0x0000014d7e7abf70 nmethod 2237 0x0000014d07ba0690 code [0x0000014d07ba0820, 0x0000014d07ba08f8]
Event: 5.881 Thread 0x0000014d7e74cc00 nmethod 2230 0x0000014d07ba0990 code [0x0000014d07ba0b20, 0x0000014d07ba11b8]
Event: 5.881 Thread 0x0000014d7e74cc00 2239       4       org.objectweb.asm.SymbolTable$Entry::<init> (18 bytes)
Event: 5.882 Thread 0x0000014d7e74cc00 nmethod 2239 0x0000014d07ba1690 code [0x0000014d07ba1800, 0x0000014d07ba18b8]
Event: 5.882 Thread 0x0000014d7e74cc00 2238       4       org.objectweb.asm.SymbolTable::addConstantNameAndType (28 bytes)
Event: 5.884 Thread 0x0000014d7e7abf70 2240       3       java.lang.invoke.TypeConvertingMethodAdapter::convertType (299 bytes)
Event: 5.888 Thread 0x0000014d7e7abf70 nmethod 2240 0x0000014d0045ed90 code [0x0000014d0045f3c0, 0x0000014d004628c8]
Event: 5.888 Thread 0x0000014d7e7abf70 2241       3       java.lang.invoke.MethodType$ConcurrentWeakInternSet::get (47 bytes)
Event: 5.889 Thread 0x0000014d7e7abf70 nmethod 2241 0x0000014d00463a90 code [0x0000014d00463cc0, 0x0000014d004645f8]
Event: 5.896 Thread 0x0000014d7e74cc00 nmethod 2238 0x0000014d07ba1990 code [0x0000014d07ba1b20, 0x0000014d07ba2018]
Event: 5.896 Thread 0x0000014d7e74cc00 2211       4       java.lang.Character::charCount (12 bytes)
Event: 5.915 Thread 0x0000014d7e74cc00 nmethod 2211 0x0000014d07ba2390 code [0x0000014d07ba2500, 0x0000014d07ba2578]
Event: 5.916 Thread 0x0000014d7e74cc00 2215       4       java.util.regex.Pattern$BitClass::is (22 bytes)
Event: 5.917 Thread 0x0000014d7e74cc00 nmethod 2215 0x0000014d07ba2690 code [0x0000014d07ba2800, 0x0000014d07ba28d8]
Event: 5.953 Thread 0x0000014d7e7abf70 2242       3       org.objectweb.asm.SymbolTable::addConstant (330 bytes)
Event: 5.955 Thread 0x0000014d7e7abf70 nmethod 2242 0x0000014d00464910 code [0x0000014d00464ec0, 0x0000014d00468038]
Event: 5.955 Thread 0x0000014d7e7abf70 2243       1       lombok.patcher.scripts.AddFieldScript::access$0 (5 bytes)
Event: 5.956 Thread 0x0000014d7e7abf70 nmethod 2243 0x0000014d07ba2990 code [0x0000014d07ba2b20, 0x0000014d07ba2bd8]

GC Heap History (10 events):
Event: 2.425 GC heap before
{Heap before GC invocations=1 (full 0):
 PSYoungGen      total 29696K, used 25600K [0x00000000eab00000, 0x00000000ecc00000, 0x0000000100000000)
  eden space 25600K, 100% used [0x00000000eab00000,0x00000000ec400000,0x00000000ec400000)
  from space 4096K, 0% used [0x00000000ec800000,0x00000000ec800000,0x00000000ecc00000)
  to   space 4096K, 0% used [0x00000000ec400000,0x00000000ec400000,0x00000000ec800000)
 ParOldGen       total 68608K, used 0K [0x00000000c0000000, 0x00000000c4300000, 0x00000000eab00000)
  object space 68608K, 0% used [0x00000000c0000000,0x00000000c0000000,0x00000000c4300000)
 Metaspace       used 11191K, committed 11392K, reserved 1114112K
  class space    used 1120K, committed 1216K, reserved 1048576K
}
Event: 2.458 GC heap after
{Heap after GC invocations=1 (full 0):
 PSYoungGen      total 29696K, used 3208K [0x00000000eab00000, 0x00000000ecc00000, 0x0000000100000000)
  eden space 25600K, 0% used [0x00000000eab00000,0x00000000eab00000,0x00000000ec400000)
  from space 4096K, 78% used [0x00000000ec400000,0x00000000ec7223a8,0x00000000ec800000)
  to   space 4096K, 0% used [0x00000000ec800000,0x00000000ec800000,0x00000000ecc00000)
 ParOldGen       total 68608K, used 0K [0x00000000c0000000, 0x00000000c4300000, 0x00000000eab00000)
  object space 68608K, 0% used [0x00000000c0000000,0x00000000c0000000,0x00000000c4300000)
 Metaspace       used 11191K, committed 11392K, reserved 1114112K
  class space    used 1120K, committed 1216K, reserved 1048576K
}
Event: 3.982 GC heap before
{Heap before GC invocations=2 (full 0):
 PSYoungGen      total 29696K, used 28808K [0x00000000eab00000, 0x00000000ecc00000, 0x0000000100000000)
  eden space 25600K, 100% used [0x00000000eab00000,0x00000000ec400000,0x00000000ec400000)
  from space 4096K, 78% used [0x00000000ec400000,0x00000000ec7223a8,0x00000000ec800000)
  to   space 4096K, 0% used [0x00000000ec800000,0x00000000ec800000,0x00000000ecc00000)
 ParOldGen       total 68608K, used 0K [0x00000000c0000000, 0x00000000c4300000, 0x00000000eab00000)
  object space 68608K, 0% used [0x00000000c0000000,0x00000000c0000000,0x00000000c4300000)
 Metaspace       used 15354K, committed 15680K, reserved 1114112K
  class space    used 1570K, committed 1728K, reserved 1048576K
}
Event: 3.989 GC heap after
{Heap after GC invocations=2 (full 0):
 PSYoungGen      total 29696K, used 4088K [0x00000000eab00000, 0x00000000ecc00000, 0x0000000100000000)
  eden space 25600K, 0% used [0x00000000eab00000,0x00000000eab00000,0x00000000ec400000)
  from space 4096K, 99% used [0x00000000ec800000,0x00000000ecbfe070,0x00000000ecc00000)
  to   space 4096K, 0% used [0x00000000ec400000,0x00000000ec400000,0x00000000ec800000)
 ParOldGen       total 68608K, used 750K [0x00000000c0000000, 0x00000000c4300000, 0x00000000eab00000)
  object space 68608K, 1% used [0x00000000c0000000,0x00000000c00bb820,0x00000000c4300000)
 Metaspace       used 15354K, committed 15680K, reserved 1114112K
  class space    used 1570K, committed 1728K, reserved 1048576K
}
Event: 5.250 GC heap before
{Heap before GC invocations=3 (full 0):
 PSYoungGen      total 29696K, used 29688K [0x00000000eab00000, 0x00000000ecc00000, 0x0000000100000000)
  eden space 25600K, 100% used [0x00000000eab00000,0x00000000ec400000,0x00000000ec400000)
  from space 4096K, 99% used [0x00000000ec800000,0x00000000ecbfe070,0x00000000ecc00000)
  to   space 4096K, 0% used [0x00000000ec400000,0x00000000ec400000,0x00000000ec800000)
 ParOldGen       total 68608K, used 750K [0x00000000c0000000, 0x00000000c4300000, 0x00000000eab00000)
  object space 68608K, 1% used [0x00000000c0000000,0x00000000c00bb820,0x00000000c4300000)
 Metaspace       used 20446K, committed 20928K, reserved 1114112K
  class space    used 2075K, committed 2304K, reserved 1048576K
}
Event: 5.256 GC heap after
{Heap after GC invocations=3 (full 0):
 PSYoungGen      total 29696K, used 4095K [0x00000000eab00000, 0x00000000ecc00000, 0x0000000100000000)
  eden space 25600K, 0% used [0x00000000eab00000,0x00000000eab00000,0x00000000ec400000)
  from space 4096K, 99% used [0x00000000ec400000,0x00000000ec7ffe18,0x00000000ec800000)
  to   space 4096K, 0% used [0x00000000ec800000,0x00000000ec800000,0x00000000ecc00000)
 ParOldGen       total 68608K, used 3075K [0x00000000c0000000, 0x00000000c4300000, 0x00000000eab00000)
  object space 68608K, 4% used [0x00000000c0000000,0x00000000c0300e70,0x00000000c4300000)
 Metaspace       used 20446K, committed 20928K, reserved 1114112K
  class space    used 2075K, committed 2304K, reserved 1048576K
}
Event: 5.522 GC heap before
{Heap before GC invocations=4 (full 0):
 PSYoungGen      total 29696K, used 8375K [0x00000000eab00000, 0x00000000ecc00000, 0x0000000100000000)
  eden space 25600K, 16% used [0x00000000eab00000,0x00000000eaf2ddf0,0x00000000ec400000)
  from space 4096K, 99% used [0x00000000ec400000,0x00000000ec7ffe18,0x00000000ec800000)
  to   space 4096K, 0% used [0x00000000ec800000,0x00000000ec800000,0x00000000ecc00000)
 ParOldGen       total 68608K, used 3075K [0x00000000c0000000, 0x00000000c4300000, 0x00000000eab00000)
  object space 68608K, 4% used [0x00000000c0000000,0x00000000c0300e70,0x00000000c4300000)
 Metaspace       used 21077K, committed 21504K, reserved 1114112K
  class space    used 2150K, committed 2304K, reserved 1048576K
}
Event: 5.526 GC heap after
{Heap after GC invocations=4 (full 0):
 PSYoungGen      total 29696K, used 4069K [0x00000000eab00000, 0x00000000ecc00000, 0x0000000100000000)
  eden space 25600K, 0% used [0x00000000eab00000,0x00000000eab00000,0x00000000ec400000)
  from space 4096K, 99% used [0x00000000ec800000,0x00000000ecbf9648,0x00000000ecc00000)
  to   space 4096K, 0% used [0x00000000ec400000,0x00000000ec400000,0x00000000ec800000)
 ParOldGen       total 68608K, used 3312K [0x00000000c0000000, 0x00000000c4300000, 0x00000000eab00000)
  object space 68608K, 4% used [0x00000000c0000000,0x00000000c033c068,0x00000000c4300000)
 Metaspace       used 21077K, committed 21504K, reserved 1114112K
  class space    used 2150K, committed 2304K, reserved 1048576K
}
Event: 5.526 GC heap before
{Heap before GC invocations=5 (full 1):
 PSYoungGen      total 29696K, used 4069K [0x00000000eab00000, 0x00000000ecc00000, 0x0000000100000000)
  eden space 25600K, 0% used [0x00000000eab00000,0x00000000eab00000,0x00000000ec400000)
  from space 4096K, 99% used [0x00000000ec800000,0x00000000ecbf9648,0x00000000ecc00000)
  to   space 4096K, 0% used [0x00000000ec400000,0x00000000ec400000,0x00000000ec800000)
 ParOldGen       total 68608K, used 3312K [0x00000000c0000000, 0x00000000c4300000, 0x00000000eab00000)
  object space 68608K, 4% used [0x00000000c0000000,0x00000000c033c068,0x00000000c4300000)
 Metaspace       used 21077K, committed 21504K, reserved 1114112K
  class space    used 2150K, committed 2304K, reserved 1048576K
}
Event: 5.553 GC heap after
{Heap after GC invocations=5 (full 1):
 PSYoungGen      total 29696K, used 0K [0x00000000eab00000, 0x00000000ecc00000, 0x0000000100000000)
  eden space 25600K, 0% used [0x00000000eab00000,0x00000000eab00000,0x00000000ec400000)
  from space 4096K, 0% used [0x00000000ec800000,0x00000000ec800000,0x00000000ecc00000)
  to   space 4096K, 0% used [0x00000000ec400000,0x00000000ec400000,0x00000000ec800000)
 ParOldGen       total 68608K, used 7118K [0x00000000c0000000, 0x00000000c4300000, 0x00000000eab00000)
  object space 68608K, 10% used [0x00000000c0000000,0x00000000c06f38d0,0x00000000c4300000)
 Metaspace       used 21064K, committed 21504K, reserved 1114112K
  class space    used 2147K, committed 2304K, reserved 1048576K
}

Dll operation events (9 events):
Event: 0.034 Loaded shared library c:\Users\Lenovo X395\.vscode\extensions\redhat.java-1.19.0-win32-x64\jre\17.0.7-win32-x86_64\bin\java.dll
Event: 0.539 Loaded shared library c:\Users\Lenovo X395\.vscode\extensions\redhat.java-1.19.0-win32-x64\jre\17.0.7-win32-x86_64\bin\zip.dll
Event: 0.545 Loaded shared library C:\Users\Lenovo X395\.vscode\extensions\redhat.java-1.19.0-win32-x64\jre\17.0.7-win32-x86_64\bin\instrument.dll
Event: 0.613 Loaded shared library C:\Users\Lenovo X395\.vscode\extensions\redhat.java-1.19.0-win32-x64\jre\17.0.7-win32-x86_64\bin\net.dll
Event: 0.634 Loaded shared library C:\Users\Lenovo X395\.vscode\extensions\redhat.java-1.19.0-win32-x64\jre\17.0.7-win32-x86_64\bin\nio.dll
Event: 0.673 Loaded shared library C:\Users\Lenovo X395\.vscode\extensions\redhat.java-1.19.0-win32-x64\jre\17.0.7-win32-x86_64\bin\zip.dll
Event: 0.718 Loaded shared library C:\Users\Lenovo X395\.vscode\extensions\redhat.java-1.19.0-win32-x64\jre\17.0.7-win32-x86_64\bin\jimage.dll
Event: 0.957 Loaded shared library c:\Users\Lenovo X395\.vscode\extensions\redhat.java-1.19.0-win32-x64\jre\17.0.7-win32-x86_64\bin\verify.dll
Event: 3.641 Loaded shared library C:\Users\Lenovo X395\AppData\Roaming\Code\User\globalStorage\redhat.java\1.19.0\config_ss_win\org.eclipse.equinox.launcher\org.eclipse.equinox.launcher.win32.win32.x86_64_1.2.700.v20221108-1024\eclipse_11801.dll

Deoptimization events (20 events):
Event: 5.170 Thread 0x0000014d7fd06af0 Uncommon trap: trap_request=0xffffffc6 fr.pc=0x0000014d07b75a50 relative=0x00000000000019b0
Event: 5.170 Thread 0x0000014d7fd06af0 Uncommon trap: reason=bimorphic_or_optimized_type_check action=maybe_recompile pc=0x0000014d07b75a50 method=java.io.DataInputStream.readUnsignedShort()I @ 4 c2
Event: 5.170 Thread 0x0000014d7fd06af0 DEOPT PACKING pc=0x0000014d07b75a50 sp=0x000000400e3f4f80
Event: 5.170 Thread 0x0000014d7fd06af0 DEOPT UNPACKING pc=0x0000014d075866a3 sp=0x000000400e3f4ef8 mode 2
Event: 5.196 Thread 0x0000014d7fd06af0 Uncommon trap: trap_request=0xffffffc6 fr.pc=0x0000014d07b75a50 relative=0x00000000000019b0
Event: 5.196 Thread 0x0000014d7fd06af0 Uncommon trap: reason=bimorphic_or_optimized_type_check action=maybe_recompile pc=0x0000014d07b75a50 method=java.io.DataInputStream.readUnsignedShort()I @ 4 c2
Event: 5.196 Thread 0x0000014d7fd06af0 DEOPT PACKING pc=0x0000014d07b75a50 sp=0x000000400e3f4c30
Event: 5.196 Thread 0x0000014d7fd06af0 DEOPT UNPACKING pc=0x0000014d075866a3 sp=0x000000400e3f4ba8 mode 2
Event: 5.196 Thread 0x0000014d7fd06af0 Uncommon trap: trap_request=0xffffffc6 fr.pc=0x0000014d07b75a50 relative=0x00000000000019b0
Event: 5.196 Thread 0x0000014d7fd06af0 Uncommon trap: reason=bimorphic_or_optimized_type_check action=maybe_recompile pc=0x0000014d07b75a50 method=java.io.DataInputStream.readUnsignedShort()I @ 4 c2
Event: 5.196 Thread 0x0000014d7fd06af0 DEOPT PACKING pc=0x0000014d07b75a50 sp=0x000000400e3f4b80
Event: 5.196 Thread 0x0000014d7fd06af0 DEOPT UNPACKING pc=0x0000014d075866a3 sp=0x000000400e3f4af8 mode 2
Event: 5.198 Thread 0x0000014d7fd06af0 Uncommon trap: trap_request=0xffffffc6 fr.pc=0x0000014d07b75a50 relative=0x00000000000019b0
Event: 5.198 Thread 0x0000014d7fd06af0 Uncommon trap: reason=bimorphic_or_optimized_type_check action=maybe_recompile pc=0x0000014d07b75a50 method=java.io.DataInputStream.readUnsignedShort()I @ 4 c2
Event: 5.198 Thread 0x0000014d7fd06af0 DEOPT PACKING pc=0x0000014d07b75a50 sp=0x000000400e3f4ac0
Event: 5.198 Thread 0x0000014d7fd06af0 DEOPT UNPACKING pc=0x0000014d075866a3 sp=0x000000400e3f4a38 mode 2
Event: 5.325 Thread 0x0000014d7fd06af0 Uncommon trap: trap_request=0xffffff45 fr.pc=0x0000014d07b582c0 relative=0x0000000000000040
Event: 5.325 Thread 0x0000014d7fd06af0 Uncommon trap: reason=unstable_if action=reinterpret pc=0x0000014d07b582c0 method=sun.nio.fs.WindowsPathParser.isSlash(C)Z @ 9 c2
Event: 5.325 Thread 0x0000014d7fd06af0 DEOPT PACKING pc=0x0000014d07b582c0 sp=0x000000400e3f4960
Event: 5.325 Thread 0x0000014d7fd06af0 DEOPT UNPACKING pc=0x0000014d075866a3 sp=0x000000400e3f48e8 mode 2

Classes unloaded (7 events):
Event: 5.530 Thread 0x0000014d7e710c20 Unloading class 0x0000000100212400 'java/lang/invoke/LambdaForm$MH+0x0000000100212400'
Event: 5.530 Thread 0x0000014d7e710c20 Unloading class 0x0000000100212000 'java/lang/invoke/LambdaForm$MH+0x0000000100212000'
Event: 5.530 Thread 0x0000014d7e710c20 Unloading class 0x0000000100211c00 'java/lang/invoke/LambdaForm$MH+0x0000000100211c00'
Event: 5.530 Thread 0x0000014d7e710c20 Unloading class 0x0000000100211800 'java/lang/invoke/LambdaForm$MH+0x0000000100211800'
Event: 5.530 Thread 0x0000014d7e710c20 Unloading class 0x0000000100211000 'java/lang/invoke/LambdaForm$BMH+0x0000000100211000'
Event: 5.530 Thread 0x0000014d7e710c20 Unloading class 0x0000000100210c00 'java/lang/invoke/LambdaForm$DMH+0x0000000100210c00'
Event: 5.530 Thread 0x0000014d7e710c20 Unloading class 0x000000010020e000 'java/lang/invoke/LambdaForm$DMH+0x000000010020e000'

Classes redefined (0 events):
No events

Internal exceptions (20 events):
Event: 4.933 Thread 0x0000014d7fd06af0 Exception <a 'java/lang/NoSuchMethodError'{0x00000000ebebe250}: 'void java.lang.invoke.DelegatingMethodHandle$Holder.delegate(java.lang.Object, java.lang.Object, int, java.lang.Object)'> (0x00000000ebebe250) 
thrown [s\src\hotspot\share\interpreter\linkResolver.cpp, line 759]
Event: 4.934 Thread 0x0000014d7fd06af0 Exception <a 'java/lang/NoSuchMethodError'{0x00000000ebec28e0}: 'int java.lang.invoke.DirectMethodHandle$Holder.invokeSpecial(java.lang.Object, java.lang.Object, java.lang.Object)'> (0x00000000ebec28e0) 
thrown [s\src\hotspot\share\interpreter\linkResolver.cpp, line 759]
Event: 4.937 Thread 0x0000014d7fd06af0 Exception <a 'java/lang/NoSuchMethodError'{0x00000000ebed3208}: 'int java.lang.invoke.DirectMethodHandle$Holder.invokeStatic(java.lang.Object, java.lang.Object, int)'> (0x00000000ebed3208) 
thrown [s\src\hotspot\share\interpreter\linkResolver.cpp, line 759]
Event: 4.938 Thread 0x0000014d7fd06af0 Exception <a 'java/lang/NoSuchMethodError'{0x00000000ebed78d8}: 'int java.lang.invoke.DirectMethodHandle$Holder.invokeSpecial(java.lang.Object, java.lang.Object, java.lang.Object, int)'> (0x00000000ebed78d8) 
thrown [s\src\hotspot\share\interpreter\linkResolver.cpp, line 759]
Event: 4.941 Thread 0x0000014d7fd06af0 Exception <a 'java/lang/NoSuchMethodError'{0x00000000ebef2458}: 'java.lang.Object java.lang.invoke.DirectMethodHandle$Holder.invokeStatic(java.lang.Object, java.lang.Object, java.lang.Object, java.lang.Object, int)'> (0x00000000ebef2458) 
thrown [s\src\hotspot\share\interpreter\linkResolver.cpp, line 759]
Event: 4.944 Thread 0x0000014d7fd06af0 Exception <a 'java/lang/NoSuchMethodError'{0x00000000ebefe450}: 'java.lang.Object java.lang.invoke.DelegatingMethodHandle$Holder.reinvoke_L(java.lang.Object, java.lang.Object, java.lang.Object, java.lang.Object, int, int)'> (0x00000000ebefe450) 
thrown [s\src\hotspot\share\interpreter\linkResolver.cpp, line 759]
Event: 4.949 Thread 0x0000014d7fd06af0 Exception <a 'java/lang/NoSuchMethodError'{0x00000000ebf166c8}: 'java.lang.Object java.lang.invoke.Invokers$Holder.invokeExact_MT(java.lang.Object, java.lang.Object, java.lang.Object, java.lang.Object)'> (0x00000000ebf166c8) 
thrown [s\src\hotspot\share\interpreter\linkResolver.cpp, line 759]
Event: 5.200 Thread 0x0000014d7fd06af0 Exception <a 'java/lang/NoSuchMethodError'{0x00000000ec3302e8}: 'java.lang.Object java.lang.invoke.DirectMethodHandle$Holder.newInvokeSpecial(java.lang.Object, java.lang.Object, java.lang.Object, java.lang.Object, java.lang.Object)'> (0x00000000ec3302e8) 
thrown [s\src\hotspot\share\interpreter\linkResolver.cpp, line 759]
Event: 5.385 Thread 0x0000014d7fd06af0 Exception <a 'java/lang/NoSuchMethodError'{0x00000000ead50668}: 'java.lang.Object java.lang.invoke.DirectMethodHandle$Holder.invokeSpecial(java.lang.Object, java.lang.Object, java.lang.Object, long, java.lang.Object)'> (0x00000000ead50668) 
thrown [s\src\hotspot\share\interpreter\linkResolver.cpp, line 759]
Event: 5.386 Thread 0x0000014d7fd06af0 Exception <a 'java/lang/NoSuchMethodError'{0x00000000ead58820}: 'java.lang.Object java.lang.invoke.DirectMethodHandle$Holder.newInvokeSpecial(java.lang.Object, java.lang.Object, java.lang.Object, long)'> (0x00000000ead58820) 
thrown [s\src\hotspot\share\interpreter\linkResolver.cpp, line 759]
Event: 5.387 Thread 0x0000014d7fd06af0 Exception <a 'java/lang/NoSuchMethodError'{0x00000000ead5d348}: 'java.lang.Object java.lang.invoke.DirectMethodHandle$Holder.invokeSpecial(java.lang.Object, java.lang.Object, java.lang.Object, java.lang.Object, long)'> (0x00000000ead5d348) 
thrown [s\src\hotspot\share\interpreter\linkResolver.cpp, line 759]
Event: 5.442 Thread 0x0000014d7fd06af0 Exception <a 'java/lang/NoSuchMethodError'{0x00000000eadcb700}: 'int java.lang.invoke.DirectMethodHandle$Holder.invokeStaticInit(java.lang.Object, java.lang.Object, java.lang.Object)'> (0x00000000eadcb700) 
thrown [s\src\hotspot\share\interpreter\linkResolver.cpp, line 759]
Event: 5.453 Thread 0x0000014d7fd06af0 Exception <a 'java/lang/IncompatibleClassChangeError'{0x00000000eae52830}: Found class java.lang.Object, but interface was expected> (0x00000000eae52830) 
thrown [s\src\hotspot\share\interpreter\linkResolver.cpp, line 826]
Event: 5.469 Thread 0x0000014d7fd06af0 Exception <a 'java/lang/NoSuchMethodError'{0x00000000eae6e918}: 'java.lang.Object java.lang.invoke.DirectMethodHandle$Holder.invokeSpecial(java.lang.Object, java.lang.Object, java.lang.Object, int, java.lang.Object, java.lang.Object)'> (0x00000000eae6e918) 
thrown [s\src\hotspot\share\interpreter\linkResolver.cpp, line 759]
Event: 5.470 Thread 0x0000014d7fd06af0 Exception <a 'java/lang/NoSuchMethodError'{0x00000000eae770a0}: 'java.lang.Object java.lang.invoke.DirectMethodHandle$Holder.newInvokeSpecial(java.lang.Object, java.lang.Object, java.lang.Object, int, java.lang.Object)'> (0x00000000eae770a0) 
thrown [s\src\hotspot\share\interpreter\linkResolver.cpp, line 759]
Event: 5.471 Thread 0x0000014d7fd06af0 Exception <a 'java/lang/NoSuchMethodError'{0x00000000eae7b760}: 'java.lang.Object java.lang.invoke.DirectMethodHandle$Holder.invokeSpecial(java.lang.Object, java.lang.Object, java.lang.Object, java.lang.Object, int, java.lang.Object)'> (0x00000000eae7b760) 
thrown [s\src\hotspot\share\interpreter\linkResolver.cpp, line 759]
Event: 5.473 Thread 0x0000014d13373840 Exception <a 'java/lang/NoSuchMethodError'{0x00000000eae0dd40}: 'java.lang.Object java.lang.invoke.DirectMethodHandle$Holder.invokeSpecial(java.lang.Object, java.lang.Object, int, java.lang.Object, java.lang.Object)'> (0x00000000eae0dd40) 
thrown [s\src\hotspot\share\interpreter\linkResolver.cpp, line 759]
Event: 5.484 Thread 0x0000014d13373840 Exception <a 'java/lang/NoSuchMethodError'{0x00000000eae15410}: 'java.lang.Object java.lang.invoke.DirectMethodHandle$Holder.newInvokeSpecial(java.lang.Object, java.lang.Object, int, java.lang.Object)'> (0x00000000eae15410) 
thrown [s\src\hotspot\share\interpreter\linkResolver.cpp, line 759]
Event: 5.485 Thread 0x0000014d13373840 Exception <a 'java/lang/NoSuchMethodError'{0x00000000eae18f20}: 'java.lang.Object java.lang.invoke.DirectMethodHandle$Holder.invokeSpecial(java.lang.Object, java.lang.Object, java.lang.Object, int, java.lang.Object)'> (0x00000000eae18f20) 
thrown [s\src\hotspot\share\interpreter\linkResolver.cpp, line 759]
Event: 5.589 Thread 0x0000014d13373840 Exception <a 'java/io/FileNotFoundException'{0x00000000eac092a0}> (0x00000000eac092a0) 
thrown [s\src\hotspot\share\prims\jni.cpp, line 516]

VM Operations (20 events):
Event: 3.804 Executing VM operation: HandshakeAllThreads
Event: 3.804 Executing VM operation: HandshakeAllThreads done
Event: 3.804 Executing VM operation: Cleanup
Event: 3.806 Executing VM operation: Cleanup done
Event: 3.982 Executing VM operation: ParallelGCFailedAllocation
Event: 3.989 Executing VM operation: ParallelGCFailedAllocation done
Event: 4.570 Executing VM operation: HandshakeAllThreads
Event: 4.570 Executing VM operation: HandshakeAllThreads done
Event: 4.710 Executing VM operation: HandshakeAllThreads
Event: 4.710 Executing VM operation: HandshakeAllThreads done
Event: 4.715 Executing VM operation: HandshakeAllThreads
Event: 4.716 Executing VM operation: HandshakeAllThreads done
Event: 4.930 Executing VM operation: HandshakeAllThreads
Event: 4.930 Executing VM operation: HandshakeAllThreads done
Event: 5.250 Executing VM operation: ParallelGCFailedAllocation
Event: 5.257 Executing VM operation: ParallelGCFailedAllocation done
Event: 5.522 Executing VM operation: CollectForMetadataAllocation
Event: 5.554 Executing VM operation: CollectForMetadataAllocation done
Event: 5.571 Executing VM operation: HandshakeAllThreads
Event: 5.571 Executing VM operation: HandshakeAllThreads done

Events (20 events):
Event: 5.707 loading class java/util/zip/GZIPInputStream
Event: 5.708 loading class java/util/zip/GZIPInputStream done
Event: 5.711 loading class java/util/zip/GZIPOutputStream
Event: 5.711 loading class java/util/zip/DeflaterOutputStream
Event: 5.711 loading class java/util/zip/DeflaterOutputStream done
Event: 5.711 loading class java/util/zip/GZIPOutputStream done
Event: 5.715 loading class java/net/SocketTimeoutException
Event: 5.715 loading class java/io/InterruptedIOException
Event: 5.716 loading class java/io/InterruptedIOException done
Event: 5.716 loading class java/net/SocketTimeoutException done
Event: 5.716 loading class java/net/SocketException
Event: 5.716 loading class java/net/SocketException done
Event: 5.716 loading class java/net/UnknownHostException
Event: 5.716 loading class java/net/UnknownHostException done
Event: 5.716 loading class java/net/ProtocolException
Event: 5.716 loading class java/net/ProtocolException done
Event: 5.771 loading class java/io/FileWriter
Event: 5.771 loading class java/io/FileWriter done
Event: 5.772 loading class java/lang/NegativeArraySizeException
Event: 5.772 loading class java/lang/NegativeArraySizeException done


Dynamic libraries:
0x00007ff7edcb0000 - 0x00007ff7edcbe000 	c:\Users\Lenovo X395\.vscode\extensions\redhat.java-1.19.0-win32-x64\jre\17.0.7-win32-x86_64\bin\java.exe
0x00007ffca0bb0000 - 0x00007ffca0dc4000 	C:\WINDOWS\SYSTEM32\ntdll.dll
0x00007ffc57ca0000 - 0x00007ffc57cb9000 	C:\Program Files\Avast Software\Avast\aswhook.dll
0x00007ffca0540000 - 0x00007ffca0602000 	C:\WINDOWS\System32\KERNEL32.DLL
0x00007ffc9e320000 - 0x00007ffc9e6c3000 	C:\WINDOWS\System32\KERNELBASE.dll
0x00007ffc9e860000 - 0x00007ffc9e971000 	C:\WINDOWS\System32\ucrtbase.dll
0x00007ffc88700000 - 0x00007ffc88717000 	c:\Users\Lenovo X395\.vscode\extensions\redhat.java-1.19.0-win32-x64\jre\17.0.7-win32-x86_64\bin\jli.dll
0x00007ffca0940000 - 0x00007ffca0aeb000 	C:\WINDOWS\System32\USER32.dll
0x00007ffc9e980000 - 0x00007ffc9e9a6000 	C:\WINDOWS\System32\win32u.dll
0x00007ffc9fe80000 - 0x00007ffc9fea9000 	C:\WINDOWS\System32\GDI32.dll
0x00007ffc9e740000 - 0x00007ffc9e858000 	C:\WINDOWS\System32\gdi32full.dll
0x00007ffc9e1c0000 - 0x00007ffc9e25a000 	C:\WINDOWS\System32\msvcp_win.dll
0x00007ffc88430000 - 0x00007ffc88449000 	c:\Users\Lenovo X395\.vscode\extensions\redhat.java-1.19.0-win32-x64\jre\17.0.7-win32-x86_64\bin\VCRUNTIME140.dll
0x00007ffc845e0000 - 0x00007ffc8486e000 	C:\WINDOWS\WinSxS\amd64_microsoft.windows.common-controls_6595b64144ccf1df_6.0.22621.1635_none_270f70857386168e\COMCTL32.dll
0x00007ffc9ebd0000 - 0x00007ffc9ec77000 	C:\WINDOWS\System32\msvcrt.dll
0x00007ffca0900000 - 0x00007ffca0931000 	C:\WINDOWS\System32\IMM32.DLL
0x00007ffc91cb0000 - 0x00007ffc91cbc000 	c:\Users\Lenovo X395\.vscode\extensions\redhat.java-1.19.0-win32-x64\jre\17.0.7-win32-x86_64\bin\vcruntime140_1.dll
0x00007ffc68610000 - 0x00007ffc686a1000 	c:\Users\Lenovo X395\.vscode\extensions\redhat.java-1.19.0-win32-x64\jre\17.0.7-win32-x86_64\bin\msvcp140.dll
0x00007ffc0d470000 - 0x00007ffc0e0b8000 	c:\Users\Lenovo X395\.vscode\extensions\redhat.java-1.19.0-win32-x64\jre\17.0.7-win32-x86_64\bin\server\jvm.dll
0x00007ffca0690000 - 0x00007ffca073e000 	C:\WINDOWS\System32\ADVAPI32.dll
0x00007ffc9ef40000 - 0x00007ffc9efe4000 	C:\WINDOWS\System32\sechost.dll
0x00007ffc9eab0000 - 0x00007ffc9ebc7000 	C:\WINDOWS\System32\RPCRT4.dll
0x00007ffc95080000 - 0x00007ffc950b4000 	C:\WINDOWS\SYSTEM32\WINMM.dll
0x00007ffc94030000 - 0x00007ffc9403a000 	C:\WINDOWS\SYSTEM32\VERSION.dll
0x00007ffc8b0d0000 - 0x00007ffc8b0d9000 	C:\WINDOWS\SYSTEM32\WSOCK32.dll
0x00007ffca0af0000 - 0x00007ffca0b61000 	C:\WINDOWS\System32\WS2_32.dll
0x00007ffc9d020000 - 0x00007ffc9d038000 	C:\WINDOWS\SYSTEM32\kernel.appcore.dll
0x00007ffc91c80000 - 0x00007ffc91c8a000 	c:\Users\Lenovo X395\.vscode\extensions\redhat.java-1.19.0-win32-x64\jre\17.0.7-win32-x86_64\bin\jimage.dll
0x00007ffc9b890000 - 0x00007ffc9babe000 	C:\WINDOWS\SYSTEM32\DBGHELP.DLL
0x00007ffc9fec0000 - 0x00007ffca0249000 	C:\WINDOWS\System32\combase.dll
0x00007ffca0460000 - 0x00007ffca0537000 	C:\WINDOWS\System32\OLEAUT32.dll
0x00007ffc927b0000 - 0x00007ffc927e2000 	C:\WINDOWS\SYSTEM32\dbgcore.DLL
0x00007ffc9dfd0000 - 0x00007ffc9e04b000 	C:\WINDOWS\System32\bcryptPrimitives.dll
0x00007ffc91bf0000 - 0x00007ffc91bfe000 	c:\Users\Lenovo X395\.vscode\extensions\redhat.java-1.19.0-win32-x64\jre\17.0.7-win32-x86_64\bin\instrument.dll
0x00007ffc855c0000 - 0x00007ffc855e5000 	c:\Users\Lenovo X395\.vscode\extensions\redhat.java-1.19.0-win32-x64\jre\17.0.7-win32-x86_64\bin\java.dll
0x00007ffc87450000 - 0x00007ffc87468000 	c:\Users\Lenovo X395\.vscode\extensions\redhat.java-1.19.0-win32-x64\jre\17.0.7-win32-x86_64\bin\zip.dll
0x00007ffc9f680000 - 0x00007ffc9fe7a000 	C:\WINDOWS\System32\SHELL32.dll
0x00007ffc9bfd0000 - 0x00007ffc9c89e000 	C:\WINDOWS\SYSTEM32\windows.storage.dll
0x00007ffc9be90000 - 0x00007ffc9bfce000 	C:\WINDOWS\SYSTEM32\wintypes.dll
0x00007ffc9e9b0000 - 0x00007ffc9eaa1000 	C:\WINDOWS\System32\SHCORE.dll
0x00007ffc9f520000 - 0x00007ffc9f57e000 	C:\WINDOWS\System32\shlwapi.dll
0x00007ffc9df00000 - 0x00007ffc9df21000 	C:\WINDOWS\SYSTEM32\profapi.dll
0x00007ffc86880000 - 0x00007ffc86899000 	C:\Users\Lenovo X395\.vscode\extensions\redhat.java-1.19.0-win32-x64\jre\17.0.7-win32-x86_64\bin\net.dll
0x00007ffc957f0000 - 0x00007ffc95927000 	C:\WINDOWS\SYSTEM32\WINHTTP.dll
0x00007ffc9d490000 - 0x00007ffc9d4f9000 	C:\WINDOWS\system32\mswsock.dll
0x00007ffc85c70000 - 0x00007ffc85c85000 	C:\Users\Lenovo X395\.vscode\extensions\redhat.java-1.19.0-win32-x64\jre\17.0.7-win32-x86_64\bin\nio.dll
0x00007ffc8ac80000 - 0x00007ffc8ac90000 	c:\Users\Lenovo X395\.vscode\extensions\redhat.java-1.19.0-win32-x64\jre\17.0.7-win32-x86_64\bin\verify.dll
0x00007ffc69700000 - 0x00007ffc6973e000 	C:\Users\Lenovo X395\AppData\Roaming\Code\User\globalStorage\redhat.java\1.19.0\config_ss_win\org.eclipse.equinox.launcher\org.eclipse.equinox.launcher.win32.win32.x86_64_1.2.700.v20221108-1024\eclipse_11801.dll
0x00007ffc9eca0000 - 0x00007ffc9ee3c000 	C:\WINDOWS\System32\ole32.dll

dbghelp: loaded successfully - version: 4.0.5 - missing functions: none
symbol engine: initialized successfully - sym options: 0x614 - pdb path: .;c:\Users\Lenovo X395\.vscode\extensions\redhat.java-1.19.0-win32-x64\jre\17.0.7-win32-x86_64\bin;C:\WINDOWS\SYSTEM32;C:\Program Files\Avast Software\Avast;C:\WINDOWS\WinSxS\amd64_microsoft.windows.common-controls_6595b64144ccf1df_6.0.22621.1635_none_270f70857386168e;c:\Users\Lenovo X395\.vscode\extensions\redhat.java-1.19.0-win32-x64\jre\17.0.7-win32-x86_64\bin\server;C:\Users\Lenovo X395\AppData\Roaming\Code\User\globalStorage\redhat.java\1.19.0\config_ss_win\org.eclipse.equinox.launcher\org.eclipse.equinox.launcher.win32.win32.x86_64_1.2.700.v20221108-1024

VM Arguments:
jvm_args: --add-modules=ALL-SYSTEM --add-opens=java.base/java.util=ALL-UNNAMED --add-opens=java.base/java.lang=ALL-UNNAMED --add-opens=java.base/sun.nio.fs=ALL-UNNAMED -Declipse.application=org.eclipse.jdt.ls.core.id1 -Dosgi.bundles.defaultStartLevel=4 -Declipse.product=org.eclipse.jdt.ls.core.product -Djava.import.generatesMetadataFilesAtProjectRoot=false -Dfile.encoding=utf8 -XX:+UseParallelGC -XX:GCTimeRatio=4 -XX:AdaptiveSizePolicyWeight=90 -Dsun.zip.disableMemoryMapping=true -Xmx1G -Xms100m -Xlog:disable -javaagent:c:\Users\Lenovo X395\.vscode\extensions\redhat.java-1.19.0-win32-x64\lombok\lombok-1.18.28.jar 
java_command: c:\Users\Lenovo X395\.vscode\extensions\redhat.java-1.19.0-win32-x64\server\plugins\org.eclipse.equinox.launcher_1.6.400.v20210924-0641.jar -configuration c:\Users\Lenovo X395\AppData\Roaming\Code\User\globalStorage\redhat.java\1.19.0\config_ss_win -data c:\Users\Lenovo X395\AppData\Roaming\Code\User\workspaceStorage\285a490a55f3f95498b4f89d341d63b4\redhat.java\ss_ws
java_class_path (initial): c:\Users\Lenovo X395\.vscode\extensions\redhat.java-1.19.0-win32-x64\server\plugins\org.eclipse.equinox.launcher_1.6.400.v20210924-0641.jar
Launcher Type: SUN_STANDARD

[Global flags]
    uintx AdaptiveSizePolicyWeight                 = 90                                        {product} {command line}
     intx CICompilerCount                          = 4                                         {product} {ergonomic}
    uintx GCTimeRatio                              = 4                                         {product} {command line}
   size_t InitialHeapSize                          = 104857600                                 {product} {command line}
   size_t MaxHeapSize                              = 1073741824                                {product} {command line}
   size_t MaxNewSize                               = 357564416                                 {product} {ergonomic}
   size_t MinHeapDeltaBytes                        = 524288                                    {product} {ergonomic}
   size_t MinHeapSize                              = 104857600                                 {product} {command line}
   size_t NewSize                                  = 34603008                                  {product} {ergonomic}
    uintx NonNMethodCodeHeapSize                   = 5839372                                {pd product} {ergonomic}
    uintx NonProfiledCodeHeapSize                  = 122909434                              {pd product} {ergonomic}
   size_t OldSize                                  = 70254592                                  {product} {ergonomic}
    uintx ProfiledCodeHeapSize                     = 122909434                              {pd product} {ergonomic}
    uintx ReservedCodeCacheSize                    = 251658240                              {pd product} {ergonomic}
     bool SegmentedCodeCache                       = true                                      {product} {ergonomic}
   size_t SoftMaxHeapSize                          = 1073741824                             {manageable} {ergonomic}
     bool UseCompressedClassPointers               = true                           {product lp64_product} {ergonomic}
     bool UseCompressedOops                        = true                           {product lp64_product} {ergonomic}
     bool UseLargePagesIndividualAllocation        = false                                  {pd product} {ergonomic}
     bool UseParallelGC                            = true                                      {product} {command line}

Logging:
Log output configuration:
 #0: stdout all=off uptime,level,tags
 #1: stderr all=off uptime,level,tags

Environment Variables:
JAVA_HOME=C:\Program Files\Java\jdk1.8.0_251
PATH=C:\Program Files\Common Files\Oracle\Java\javapath;C:\Oracle\App\product\DBHome_19\bin;C:\Program Files (x86)\VMware\VMware Workstation\bin\;C:\Program Files (x86)\Common Files\Oracle\Java\javapath;C:\Windows\system32;C:\Windows;C:\Windows\System32\Wbem;C:\Windows\System32\WindowsPowerShell\v1.0\;C:\Windows\System32\OpenSSH\;C:\xampp\php;C:\Program Files\Microsoft SQL Server\150\Tools\Binn\;C:\Program Files\Microsoft SQL Server\Client SDK\ODBC\170\Tools\Binn\;C:\Program Files\Microsoft SQL Server\Client SDK\ODBC\130\Tools\Binn\;C:\Program Files (x86)\Microsoft SQL Server\130\Tools\Binn\;C:\Program Files\Microsoft SQL Server\130\Tools\Binn\;C:\Program Files\Microsoft SQL Server\130\DTS\Binn\;C:\Program Files (x86)\Microsoft SQL Server\Client SDK\ODBC\130\Tools\Binn\;C:\Program Files (x86)\Microsoft SQL Server\140\Tools\Binn\;C:\Program Files (x86)\Microsoft SQL Server\140\DTS\Binn\;C:\Program Files (x86)\Microsoft SQL Server\140\Tools\Binn\ManagementStudio\;C:\Program Files\dotnet\;C:\ProgramData\ComposerSetup\bin;C:\WINDOWS\system32;C:\WINDOWS;C:\WINDOWS\System32\Wbem;C:\WINDOWS\System32\WindowsPowerShell\v1.0\;C:\WINDOWS\System32\OpenSSH\;C:\Program Files\nodejs\;C:\ProgramData\chocolatey\bin;C:\Program Files (x86)\dotnet\;C:\Program Files\Git\cmd;C:\Python311\Scripts\;C:\Python311\;C:\Users\Lenovo X395\scoop\shims;C:\Users\Lenovo X395\AppData\Local\Microsoft\WindowsApps;C:\Users\Lenovo X395\AppData\Local\Programs\Microsoft VS Code\bin;C:\Users\Lenovo X395\AppData\Roaming\Composer\vendor\bin;C:\Program Files\Java\jdk1.8.0_251bin;C:\Users\Lenovo X395\Downloads\TPSSL\install;C:\OpenSSL\bin;C:\Users\Lenovo X395\.dotnet\tools;C:\src\flutter\bin;;C:\Users\Lenovo X395\AppData\Local\Microsoft\WindowsApps;C:\Users\Lenovo X395\AppData\Roaming\npm
USERNAME=Lenovo X395
OS=Windows_NT
PROCESSOR_IDENTIFIER=AMD64 Family 23 Model 24 Stepping 1, AuthenticAMD
TMP=C:\Users\LENOVO~1\AppData\Local\Temp
TEMP=C:\Users\LENOVO~1\AppData\Local\Temp



---------------  S Y S T E M  ---------------

OS:
 Windows 11 , 64 bit Build 22621 (10.0.22621.1635)
OS uptime: 0 days 15:55 hours

CPU: total 8 (initial active 8) (8 cores per cpu, 2 threads per core) family 23 model 24 stepping 1 microcode 0x0, cx8, cmov, fxsr, ht, mmx, 3dnowpref, sse, sse2, sse3, ssse3, sse4a, sse4.1, sse4.2, popcnt, lzcnt, tsc, tscinvbit, avx, avx2, aes, clmul, bmi1, bmi2, adx, sha, fma, vzeroupper, clflush, clflushopt

Memory: 4k page, system-wide physical 6056M (126M free)
TotalPageFile size 24488M (AvailPageFile size 3M)
current process WorkingSet (physical memory assigned to process): 111M, peak: 111M
current process commit charge ("private bytes"): 218M, peak: 218M

vm_info: OpenJDK 64-Bit Server VM (17.0.7+7) for windows-amd64 JRE (17.0.7+7), built on Apr 18 2023 22:10:42 by "temurin" with MS VC++ 16.7 (VS2019)

END.
