#
# There is insufficient memory for the Java Runtime Environment to continue.
# Native memory allocation (malloc) failed to allocate 597888 bytes for Chunk::new
# Possible reasons:
#   The system is out of physical RAM or swap space
#   The process is running with CompressedOops enabled, and the Java Heap may be blocking the growth of the native heap
# Possible solutions:
#   Reduce memory load on the system
#   Increase physical memory or swap space
#   Check if swap backing store is full
#   Decrease Java heap size (-Xmx/-Xms)
#   Decrease number of Java threads
#   Decrease Java thread stack sizes (-Xss)
#   Set larger code cache with -XX:ReservedCodeCacheSize=
#   JVM is running with Unscaled Compressed Oops mode in which the Java heap is
#     placed in the first 4GB address space. The Java Heap base address is the
#     maximum limit for the native heap growth. Please use -XX:HeapBaseMinAddress
#     to set the Java Heap base and to place the Java Heap above 4GB virtual address.
# This output file may be truncated or incomplete.
#
#  Out of Memory Error (arena.cpp:189), pid=3036, tid=2996
#
# JRE version: Java(TM) SE Runtime Environment (17.0.7+8) (build 17.0.7+8-LTS-224)
# Java VM: Java HotSpot(TM) 64-Bit Server VM (17.0.7+8-LTS-224, mixed mode, sharing, tiered, compressed oops, compressed class ptrs, g1 gc, windows-amd64)
# No core dump will be written. Minidumps are not enabled by default on client versions of Windows
#

---------------  S U M M A R Y ------------

Command Line: -javaagent:C:\Program Files\JetBrains\IntelliJ IDEA Community Edition 2023.1\lib\idea_rt.jar=61002:C:\Program Files\JetBrains\IntelliJ IDEA Community Edition 2023.1\bin -Dfile.encoding=UTF-8 ISM.ProjetSpringAngularFlutterApplication

Host: AMD Ryzen 5 PRO 3500U w/ Radeon Vega Mobile Gfx, 8 cores, 5G,  Windows 11 , 64 bit Build 22621 (10.0.22621.1635)
Time: Mon May 29 04:13:07 2023 Paris, Madrid (heure duild 22621 (10.0.22621.1635) elapsed time: 39.597340 seconds (0d 0h 0m 39s)

---------------  T H R E A D  ---------------

Current thread (0x0000021ae98b5c50):  JavaThread "C2 CompilerThread0" daemon [_thread_in_native, id=2996, stack(0x000000407ec00000,0x000000407ed00000)]


Current CompileTask:
C2:  39597 6077       4       org.springframework.beans.factory.support.AbstractBeanFactory::isTypeMatch (619 bytes)

Stack: [0x000000407ec00000,0x000000407ed00000]
Native frames: (J=compiled Java code, j=interpreted, Vv=VM code, C=native code)
V  [jvm.dll+0x676a4a]
V  [jvm.dll+0x7d74f4]
V  [jvm.dll+0x7d8c9e]
V  [jvm.dll+0x7d9303]
V  [jvm.dll+0x2452c5]
V  [jvm.dll+0xaaa2b]
V  [jvm.dll+0xaafcc]
V  [jvm.dll+0x36141e]
V  [jvm.dll+0x1bb36a]
V  [jvm.dll+0x217c27]
V  [jvm.dll+0x216f01]
V  [jvm.dll+0x1a35e0]
V  [jvm.dll+0x226a6e]
V  [jvm.dll+0x224e15]
V  [jvm.dll+0x78d05c]
V  [jvm.dll+0x78759a]
V  [jvm.dll+0x675875]
C  [ucrtbase.dll+0x29363]
C  [KERNEL32.DLL+0x126ad]
C  [ntdll.dll+0x5a9f8]


---------------  P R O C E S S  ---------------

Threads class SMR info:
_java_thread_list=0x0000021aee6e92a0, length=32, elements={
0x0000021ae9814fd0, 0x0000021ae9815a90, 0x0000021ae98ae060, 0x0000021ae98b0930,
0x0000021ae98b11f0, 0x0000021ae98b1ab0, 0x0000021ae98b5c50, 0x0000021ae98bee20,
0x0000021ae98d0ef0, 0x0000021ae9803ed0, 0x0000021aea7f7a50, 0x0000021aea7f3f60,
0x0000021aedebf4e0, 0x0000021aebeda610, 0x0000021aedd586f0, 0x0000021aebfe0c40,
0x0000021aebfe2920, 0x0000021aebfe1f80, 0x0000021aebfdfdd0, 0x0000021aebfe2450,
0x0000021aebfe3790, 0x0000021aef73e0a0, 0x0000021aef73e570, 0x0000021aef73ea40,
0x0000021aef739d40, 0x0000021aef73ef10, 0x0000021aef73b080, 0x0000021aef73f3e0,
0x0000021aef73f8b0, 0x0000021aef738060, 0x0000021aef738530, 0x0000021aef73cd60
}

Java Threads: ( => current thread )
  0x0000021ae9814fd0 JavaThread "Reference Handler" daemon [_thread_blocked, id=31124, stack(0x000000407e600000,0x000000407e700000)]
  0x0000021ae9815a90 JavaThread "Finalizer" daemon [_thread_blocked, id=16432, stack(0x000000407e700000,0x000000407e800000)]
  0x0000021ae98ae060 JavaThread "Signal Dispatcher" daemon [_thread_blocked, id=30840, stack(0x000000407e800000,0x000000407e900000)]
  0x0000021ae98b0930 JavaThread "Attach Listener" daemon [_thread_blocked, id=22012, stack(0x000000407e900000,0x000000407ea00000)]
  0x0000021ae98b11f0 JavaThread "Service Thread" daemon [_thread_blocked, id=5216, stack(0x000000407ea00000,0x000000407eb00000)]
  0x0000021ae98b1ab0 JavaThread "Monitor Deflation Thread" daemon [_thread_blocked, id=17728, stack(0x000000407eb00000,0x000000407ec00000)]
=>0x0000021ae98b5c50 JavaThread "C2 CompilerThread0" daemon [_thread_in_native, id=2996, stack(0x000000407ec00000,0x000000407ed00000)]
  0x0000021ae98bee20 JavaThread "C1 CompilerThread0" daemon [_thread_blocked, id=13324, stack(0x000000407ed00000,0x000000407ee00000)]
  0x0000021ae98d0ef0 JavaThread "Sweeper thread" daemon [_thread_blocked, id=10552, stack(0x000000407ee00000,0x000000407ef00000)]
  0x0000021ae9803ed0 JavaThread "Common-Cleaner" daemon [_thread_blocked, id=30456, stack(0x000000407ef00000,0x000000407f000000)]
  0x0000021aea7f7a50 JavaThread "Monitor Ctrl-Break" daemon [_thread_in_native, id=5272, stack(0x000000407f000000,0x000000407f100000)]
  0x0000021aea7f3f60 JavaThread "Notification Thread" daemon [_thread_blocked, id=28036, stack(0x000000407f100000,0x000000407f200000)]
  0x0000021aedebf4e0 JavaThread "Catalina-utility-1" [_thread_blocked, id=7848, stack(0x000000407fc00000,0x000000407fd00000)]
  0x0000021aebeda610 JavaThread "Catalina-utility-2" [_thread_blocked, id=30332, stack(0x000000407ff00000,0x0000004080000000)]
  0x0000021aedd586f0 JavaThread "container-0" [_thread_blocked, id=25364, stack(0x0000004000000000,0x0000004000100000)]
  0x0000021aebfe0c40 JavaThread "mysql-cj-abandoned-connection-cleanup" daemon [_thread_blocked, id=11520, stack(0x0000004000100000,0x0000004000200000)]
  0x0000021aebfe2920 JavaThread "HikariPool-1 housekeeper" daemon [_thread_blocked, id=30872, stack(0x0000004000300000,0x0000004000400000)]
  0x0000021aebfe1f80 JavaThread "File Watcher" daemon [_thread_blocked, id=5584, stack(0x0000004000500000,0x0000004000600000)]
  0x0000021aebfdfdd0 JavaThread "Live Reload Server" daemon [_thread_in_native, id=6364, stack(0x0000004000700000,0x0000004000800000)]
  0x0000021aebfe2450 JavaThread "http-nio-8080-exec-1" daemon [_thread_blocked, id=23028, stack(0x0000004000600000,0x0000004000700000)]
  0x0000021aebfe3790 JavaThread "http-nio-8080-exec-2" daemon [_thread_blocked, id=22048, stack(0x0000004000800000,0x0000004000900000)]
  0x0000021aef73e0a0 JavaThread "http-nio-8080-exec-3" daemon [_thread_blocked, id=8424, stack(0x0000004000900000,0x0000004000a00000)]
  0x0000021aef73e570 JavaThread "http-nio-8080-exec-4" daemon [_thread_blocked, id=22716, stack(0x0000004000a00000,0x0000004000b00000)]
  0x0000021aef73ea40 JavaThread "http-nio-8080-exec-5" daemon [_thread_blocked, id=29596, stack(0x0000004000b00000,0x0000004000c00000)]
  0x0000021aef739d40 JavaThread "http-nio-8080-exec-6" daemon [_thread_blocked, id=29092, stack(0x0000004000c00000,0x0000004000d00000)]
  0x0000021aef73ef10 JavaThread "http-nio-8080-exec-7" daemon [_thread_blocked, id=16312, stack(0x0000004000d00000,0x0000004000e00000)]
  0x0000021aef73b080 JavaThread "http-nio-8080-exec-8" daemon [_thread_blocked, id=30224, stack(0x0000004000e00000,0x0000004000f00000)]
  0x0000021aef73f3e0 JavaThread "http-nio-8080-exec-9" daemon [_thread_blocked, id=22832, stack(0x0000004000f00000,0x0000004001000000)]
  0x0000021aef73f8b0 JavaThread "http-nio-8080-exec-10" daemon [_thread_blocked, id=1208, stack(0x0000004001000000,0x0000004001100000)]
  0x0000021aef738060 JavaThread "http-nio-8080-Poller" daemon [_thread_in_native, id=26276, stack(0x0000004001100000,0x0000004001200000)]
  0x0000021aef738530 JavaThread "http-nio-8080-Acceptor" daemon [_thread_in_native, id=2052, stack(0x0000004001200000,0x0000004001300000)]
  0x0000021aef73cd60 JavaThread "DestroyJavaVM" [_thread_blocked, id=10524, stack(0x000000407df00000,0x000000407e000000)]

Other Threads:
  0x0000021ae9812230 VMThread "VM Thread" [stack: 0x000000407e500000,0x000000407e600000] [id=16132]
  0x0000021aca86cfb0 WatcherThread [stack: 0x000000407f200000,0x000000407f300000] [id=5000]
  0x0000021aca854670 GCTaskThread "GC Thread#0" [stack: 0x000000407e000000,0x000000407e100000] [id=30472]
  0x0000021aeb1c8240 GCTaskThread "GC Thread#1" [stack: 0x000000407f500000,0x000000407f600000] [id=25544]
  0x0000021aeb1cc560 GCTaskThread "GC Thread#2" [stack: 0x000000407f600000,0x000000407f700000] [id=28844]
  0x0000021aeb1fa510 GCTaskThread "GC Thread#3" [stack: 0x000000407f700000,0x000000407f800000] [id=29728]
  0x0000021aeb1fb460 GCTaskThread "GC Thread#4" [stack: 0x000000407f800000,0x000000407f900000] [id=31076]
  0x0000021aeb21b1d0 GCTaskThread "GC Thread#5" [stack: 0x000000407f900000,0x000000407fa00000] [id=30788]
  0x0000021aeb281bd0 GCTaskThread "GC Thread#6" [stack: 0x000000407fa00000,0x000000407fb00000] [id=29936]
  0x0000021aeb21c520 GCTaskThread "GC Thread#7" [stack: 0x000000407fd00000,0x000000407fe00000] [id=17308]
  0x0000021aca861470 ConcurrentGCThread "G1 Main Marker" [stack: 0x000000407e100000,0x000000407e200000] [id=25576]
  0x0000021aca862530 ConcurrentGCThread "G1 Conc#0" [stack: 0x000000407e200000,0x000000407e300000] [id=31300]
  0x0000021aeba11060 ConcurrentGCThread "G1 Conc#1" [stack: 0x000000407fe00000,0x000000407ff00000] [id=28452]
  0x0000021aca8a68e0 ConcurrentGCThread "G1 Refine#0" [stack: 0x000000407e300000,0x000000407e400000] [id=5188]
  0x0000021aeb273aa0 ConcurrentGCThread "G1 Refine#1" [stack: 0x000000407fb00000,0x000000407fc00000] [id=31460]
  0x0000021aca8a70b0 ConcurrentGCThread "G1 Service" [stack: 0x000000407e400000,0x000000407e500000] [id=7908]

Threads with active compile tasks:
C2 CompilerThread0    39643 6077       4       org.springframework.beans.factory.support.AbstractBeanFactory::isTypeMatch (619 bytes)

VM state: not at safepoint (normal execution)

VM Mutex/Monitor currently owned by a thread: None

Heap address: 0x00000000a1400000, size: 1516 MB, Compressed Oops mode: 32-bit

CDS archive(s) mapped at: [0x0000000800000000-0x0000000800bd0000-0x0000000800bd0000), size 12386304, SharedBaseAddress: 0x0000000800000000, ArchiveRelocationMode: 0.
Compressed class space mapped at: 0x0000000800c00000-0x0000000840c00000, reserved size: 1073741824
Narrow klass base: 0x0000000800000000, Narrow klass shift: 0, Narrow klass range: 0x100000000

GC Precious Log:
 CPUs: 8 total, 8 available
 Memory: 6056M
 Large Page Support: Disabled
 NUMA Support: Disabled
 Compressed Oops: Enabled (32-bit)
 Heap Region Size: 1M
 Heap Min Capacity: 8M
 Heap Initial Capacity: 96M
 Heap Max Capacity: 1516M
 Pre-touch: Disabled
 Parallel Workers: 8
 Concurrent Workers: 2
 Concurrent Refinement Workers: 8
 Periodic GC: Disabled

Heap:
 garbage-first heap   total 67584K, used 32630K [0x00000000a1400000, 0x0000000100000000)
  region size 1024K, 3 young (3072K), 1 survivors (1024K)
 Metaspace       used 63235K, committed 63808K, reserved 1105920K
  class space    used 8587K, committed 8832K, reserved 1048576K

Heap Regions: E=young(eden), S=young(survivor), O=old, HS=humongous(starts), HC=humongous(continues), CS=collection set, F=free, OA=open archive, CA=closed archive, TAMS=top-at-mark-start (previous, next)
|   0|0x00000000a1400000, 0x00000000a1500000, 0x00000000a1500000|100%|HS|  |TAMS 0x00000000a1500000, 0x00000000a1400000| Complete 
|   1|0x00000000a1500000, 0x00000000a1600000, 0x00000000a1600000|100%| O|  |TAMS 0x00000000a1600000, 0x00000000a1500000| Untracked 
|   2|0x00000000a1600000, 0x00000000a1700000, 0x00000000a1700000|100%| O|  |TAMS 0x00000000a1700000, 0x00000000a1600000| Untracked 
|   3|0x00000000a1700000, 0x00000000a1800000, 0x00000000a1800000|100%| O|  |TAMS 0x00000000a1800000, 0x00000000a1700000| Untracked 
|   4|0x00000000a1800000, 0x00000000a1900000, 0x00000000a1900000|100%| O|  |TAMS 0x00000000a1900000, 0x00000000a1800000| Untracked 
|   5|0x00000000a1900000, 0x00000000a1a00000, 0x00000000a1a00000|100%| O|  |TAMS 0x00000000a1a00000, 0x00000000a1900000| Untracked 
|   6|0x00000000a1a00000, 0x00000000a1b00000, 0x00000000a1b00000|100%| O|  |TAMS 0x00000000a1b00000, 0x00000000a1a00000| Untracked 
|   7|0x00000000a1b00000, 0x00000000a1baba00, 0x00000000a1c00000| 67%| O|  |TAMS 0x00000000a1baba00, 0x00000000a1b00000| Untracked 
|   8|0x00000000a1c00000, 0x00000000a1d00000, 0x00000000a1d00000|100%| O|  |TAMS 0x00000000a1d00000, 0x00000000a1c00000| Untracked 
|   9|0x00000000a1d00000, 0x00000000a1e00000, 0x00000000a1e00000|100%| O|  |TAMS 0x00000000a1e00000, 0x00000000a1d00000| Untracked 
|  10|0x00000000a1e00000, 0x00000000a1f00000, 0x00000000a1f00000|100%| O|  |TAMS 0x00000000a1f00000, 0x00000000a1e00000| Untracked 
|  11|0x00000000a1f00000, 0x00000000a2000000, 0x00000000a2000000|100%| O|  |TAMS 0x00000000a2000000, 0x00000000a1f00000| Untracked 
|  12|0x00000000a2000000, 0x00000000a2100000, 0x00000000a2100000|100%| O|  |TAMS 0x00000000a2100000, 0x00000000a2000000| Untracked 
|  13|0x00000000a2100000, 0x00000000a2200000, 0x00000000a2200000|100%| O|  |TAMS 0x00000000a2200000, 0x00000000a2100000| Untracked 
|  14|0x00000000a2200000, 0x00000000a2300000, 0x00000000a2300000|100%| O|  |TAMS 0x00000000a2300000, 0x00000000a2200000| Untracked 
|  15|0x00000000a2300000, 0x00000000a2400000, 0x00000000a2400000|100%| O|  |TAMS 0x00000000a2400000, 0x00000000a2300000| Untracked 
|  16|0x00000000a2400000, 0x00000000a2500000, 0x00000000a2500000|100%| O|  |TAMS 0x00000000a2500000, 0x00000000a2400000| Untracked 
|  17|0x00000000a2500000, 0x00000000a2600000, 0x00000000a2600000|100%| O|  |TAMS 0x00000000a2600000, 0x00000000a2500000| Untracked 
|  18|0x00000000a2600000, 0x00000000a2700000, 0x00000000a2700000|100%| O|  |TAMS 0x00000000a2700000, 0x00000000a2600000| Untracked 
|  19|0x00000000a2700000, 0x00000000a2800000, 0x00000000a2800000|100%| O|  |TAMS 0x00000000a2800000, 0x00000000a2700000| Untracked 
|  20|0x00000000a2800000, 0x00000000a2900000, 0x00000000a2900000|100%| O|  |TAMS 0x00000000a2900000, 0x00000000a2800000| Untracked 
|  21|0x00000000a2900000, 0x00000000a2a00000, 0x00000000a2a00000|100%| O|  |TAMS 0x00000000a2a00000, 0x00000000a2900000| Untracked 
|  22|0x00000000a2a00000, 0x00000000a2b00000, 0x00000000a2b00000|100%| O|  |TAMS 0x00000000a2b00000, 0x00000000a2a00000| Untracked 
|  23|0x00000000a2b00000, 0x00000000a2c00000, 0x00000000a2c00000|100%| O|  |TAMS 0x00000000a2c00000, 0x00000000a2b00000| Untracked 
|  24|0x00000000a2c00000, 0x00000000a2d00000, 0x00000000a2d00000|100%| O|  |TAMS 0x00000000a2d00000, 0x00000000a2c00000| Untracked 
|  25|0x00000000a2d00000, 0x00000000a2e00000, 0x00000000a2e00000|100%| O|  |TAMS 0x00000000a2e00000, 0x00000000a2d00000| Untracked 
|  26|0x00000000a2e00000, 0x00000000a2f00000, 0x00000000a2f00000|100%| O|  |TAMS 0x00000000a2f00000, 0x00000000a2e00000| Untracked 
|  27|0x00000000a2f00000, 0x00000000a3000000, 0x00000000a3000000|100%| O|  |TAMS 0x00000000a2f38800, 0x00000000a2f00000| Untracked 
|  28|0x00000000a3000000, 0x00000000a3100000, 0x00000000a3100000|100%| O|  |TAMS 0x00000000a3000000, 0x00000000a3000000| Untracked 
|  29|0x00000000a3100000, 0x00000000a3200000, 0x00000000a3200000|100%| O|  |TAMS 0x00000000a3100000, 0x00000000a3100000| Untracked 
|  30|0x00000000a3200000, 0x00000000a328a000, 0x00000000a3300000| 53%| O|  |TAMS 0x00000000a3200000, 0x00000000a3200000| Untracked 
|  31|0x00000000a3300000, 0x00000000a3300000, 0x00000000a3400000|  0%| F|  |TAMS 0x00000000a3300000, 0x00000000a3300000| Untracked 
|  32|0x00000000a3400000, 0x00000000a3400000, 0x00000000a3500000|  0%| F|  |TAMS 0x00000000a3400000, 0x00000000a3400000| Untracked 
|  33|0x00000000a3500000, 0x00000000a3500000, 0x00000000a3600000|  0%| F|  |TAMS 0x00000000a3500000, 0x00000000a3500000| Untracked 
|  34|0x00000000a3600000, 0x00000000a3600000, 0x00000000a3700000|  0%| F|  |TAMS 0x00000000a3600000, 0x00000000a3600000| Untracked 
|  35|0x00000000a3700000, 0x00000000a3700000, 0x00000000a3800000|  0%| F|  |TAMS 0x00000000a3700000, 0x00000000a3700000| Untracked 
|  36|0x00000000a3800000, 0x00000000a3800000, 0x00000000a3900000|  0%| F|  |TAMS 0x00000000a3800000, 0x00000000a3800000| Untracked 
|  37|0x00000000a3900000, 0x00000000a3900000, 0x00000000a3a00000|  0%| F|  |TAMS 0x00000000a3900000, 0x00000000a3900000| Untracked 
|  38|0x00000000a3a00000, 0x00000000a3a00000, 0x00000000a3b00000|  0%| F|  |TAMS 0x00000000a3a00000, 0x00000000a3a00000| Untracked 
|  39|0x00000000a3b00000, 0x00000000a3b00000, 0x00000000a3c00000|  0%| F|  |TAMS 0x00000000a3b00000, 0x00000000a3b00000| Untracked 
|  40|0x00000000a3c00000, 0x00000000a3c00000, 0x00000000a3d00000|  0%| F|  |TAMS 0x00000000a3c00000, 0x00000000a3c00000| Untracked 
|  41|0x00000000a3d00000, 0x00000000a3d00000, 0x00000000a3e00000|  0%| F|  |TAMS 0x00000000a3d00000, 0x00000000a3d00000| Untracked 
|  42|0x00000000a3e00000, 0x00000000a3e00000, 0x00000000a3f00000|  0%| F|  |TAMS 0x00000000a3e00000, 0x00000000a3e00000| Untracked 
|  43|0x00000000a3f00000, 0x00000000a3f00000, 0x00000000a4000000|  0%| F|  |TAMS 0x00000000a3f00000, 0x00000000a3f00000| Untracked 
|  44|0x00000000a4000000, 0x00000000a40a8140, 0x00000000a4100000| 65%| S|CS|TAMS 0x00000000a4000000, 0x00000000a4000000| Complete 
|  45|0x00000000a4100000, 0x00000000a4100000, 0x00000000a4200000|  0%| F|  |TAMS 0x00000000a4100000, 0x00000000a4100000| Untracked 
|  46|0x00000000a4200000, 0x00000000a4200000, 0x00000000a4300000|  0%| F|  |TAMS 0x00000000a4200000, 0x00000000a4200000| Untracked 
|  47|0x00000000a4300000, 0x00000000a4300000, 0x00000000a4400000|  0%| F|  |TAMS 0x00000000a4300000, 0x00000000a4300000| Untracked 
|  48|0x00000000a4400000, 0x00000000a4400000, 0x00000000a4500000|  0%| F|  |TAMS 0x00000000a4400000, 0x00000000a4400000| Untracked 
|  49|0x00000000a4500000, 0x00000000a4500000, 0x00000000a4600000|  0%| F|  |TAMS 0x00000000a4500000, 0x00000000a4500000| Untracked 
|  50|0x00000000a4600000, 0x00000000a4600000, 0x00000000a4700000|  0%| F|  |TAMS 0x00000000a4600000, 0x00000000a4600000| Untracked 
|  51|0x00000000a4700000, 0x00000000a4700000, 0x00000000a4800000|  0%| F|  |TAMS 0x00000000a4700000, 0x00000000a4700000| Untracked 
|  52|0x00000000a4800000, 0x00000000a4800000, 0x00000000a4900000|  0%| F|  |TAMS 0x00000000a4800000, 0x00000000a4800000| Untracked 
|  53|0x00000000a4900000, 0x00000000a4900000, 0x00000000a4a00000|  0%| F|  |TAMS 0x00000000a4900000, 0x00000000a4900000| Untracked 
|  54|0x00000000a4a00000, 0x00000000a4a00000, 0x00000000a4b00000|  0%| F|  |TAMS 0x00000000a4a00000, 0x00000000a4a00000| Untracked 
|  55|0x00000000a4b00000, 0x00000000a4b00000, 0x00000000a4c00000|  0%| F|  |TAMS 0x00000000a4b00000, 0x00000000a4b00000| Untracked 
|  56|0x00000000a4c00000, 0x00000000a4c00000, 0x00000000a4d00000|  0%| F|  |TAMS 0x00000000a4c00000, 0x00000000a4c00000| Untracked 
|  57|0x00000000a4d00000, 0x00000000a4d00000, 0x00000000a4e00000|  0%| F|  |TAMS 0x00000000a4d00000, 0x00000000a4d00000| Untracked 
|  58|0x00000000a4e00000, 0x00000000a4e00000, 0x00000000a4f00000|  0%| F|  |TAMS 0x00000000a4e00000, 0x00000000a4e00000| Untracked 
|  59|0x00000000a4f00000, 0x00000000a4f00000, 0x00000000a5000000|  0%| F|  |TAMS 0x00000000a4f00000, 0x00000000a4f00000| Untracked 
|  60|0x00000000a5000000, 0x00000000a5000000, 0x00000000a5100000|  0%| F|  |TAMS 0x00000000a5000000, 0x00000000a5000000| Untracked 
|  61|0x00000000a5100000, 0x00000000a5100000, 0x00000000a5200000|  0%| F|  |TAMS 0x00000000a5100000, 0x00000000a5100000| Untracked 
|  62|0x00000000a5200000, 0x00000000a5200000, 0x00000000a5300000|  0%| F|  |TAMS 0x00000000a5200000, 0x00000000a5200000| Untracked 
|  63|0x00000000a5300000, 0x00000000a5300000, 0x00000000a5400000|  0%| F|  |TAMS 0x00000000a5300000, 0x00000000a5300000| Untracked 
|  64|0x00000000a5400000, 0x00000000a549bab8, 0x00000000a5500000| 60%| E|  |TAMS 0x00000000a5400000, 0x00000000a5400000| Complete 
|  95|0x00000000a7300000, 0x00000000a7400000, 0x00000000a7400000|100%| E|CS|TAMS 0x00000000a7300000, 0x00000000a7300000| Complete 

Card table byte_map: [0x0000021ae3910000,0x0000021ae3c10000] _byte_map_base: 0x0000021ae3406000

Marking Bits (Prev, Next): (CMBitMap*) 0x0000021aca854b90, (CMBitMap*) 0x0000021aca854bd0
 Prev Bits: [0x0000021ae3f10000, 0x0000021ae56c0000)
 Next Bits: [0x0000021ae56c0000, 0x0000021ae6e70000)

Polling page: 0x0000021acc2d0000

Metaspace:

Usage:
  Non-class:     53.37 MB used.
      Class:      8.39 MB used.
       Both:     61.75 MB used.

Virtual space:
  Non-class space:       56.00 MB reserved,      53.69 MB ( 96%) committed,  7 nodes.
      Class space:        1.00 GB reserved,       8.62 MB ( <1%) committed,  1 nodes.
             Both:        1.05 GB reserved,      62.31 MB (  6%) committed. 

Chunk freelists:
   Non-Class:  1.92 MB
       Class:  3.39 MB
        Both:  5.31 MB

MaxMetaspaceSize: unlimited
CompressedClassSpaceSize: 1.00 GB
Initial GC threshold: 21.00 MB
Current GC threshold: 101.25 MB
CDS: on
MetaspaceReclaimPolicy: balanced
 - commit_granule_bytes: 65536.
 - commit_granule_words: 8192.
 - virtual_space_node_default_size: 1048576.
 - enlarge_chunks_in_place: 1.
 - new_chunks_are_fully_committed: 0.
 - uncommit_free_chunks: 1.
 - use_allocation_guard: 0.
 - handle_deallocations: 1.


Internal statistics:

num_allocs_failed_limit: 8.
num_arena_births: 698.
num_arena_deaths: 0.
num_vsnodes_births: 8.
num_vsnodes_deaths: 0.
num_space_committed: 997.
num_space_uncommitted: 0.
num_chunks_returned_to_freelist: 8.
num_chunks_taken_from_freelist: 3010.
num_chunk_merges: 8.
num_chunk_splits: 2198.
num_chunks_enlarged: 1730.
num_purges: 0.
num_inconsistent_stats: 0.

CodeHeap 'non-profiled nmethods': size=120000Kb used=2429Kb max_used=2990Kb free=117570Kb
 bounds [0x0000021adbdb0000, 0x0000021adc0a0000, 0x0000021ae32e0000]
CodeHeap 'profiled nmethods': size=120000Kb used=9248Kb max_used=11720Kb free=110751Kb
 bounds [0x0000021ad42e0000, 0x0000021ad4e60000, 0x0000021adb810000]
CodeHeap 'non-nmethods': size=5760Kb used=1666Kb max_used=1708Kb free=4094Kb
 bounds [0x0000021adb810000, 0x0000021adba80000, 0x0000021adbdb0000]
 total_blobs=5906 nmethods=5156 adapters=662
 compilation: enabled
              stopped_count=0, restarted_count=0
 full_count=0

Compilation events (20 events):
Event: 39.469 Thread 0x0000021ae98bee20 6102       3       java.util.Hashtable::addEntry (87 bytes)
Event: 39.470 Thread 0x0000021ae98bee20 nmethod 6102 0x0000021ad44f6210 code [0x0000021ad44f6400, 0x0000021ad44f6b58]
Event: 39.471 Thread 0x0000021ae98bee20 6103       3       java.lang.Character::<init> (10 bytes)
Event: 39.471 Thread 0x0000021ae98bee20 nmethod 6103 0x0000021ad43bfa10 code [0x0000021ad43bfba0, 0x0000021ad43bfd18]
Event: 39.471 Thread 0x0000021ae98bee20 6104       3       java.util.Hashtable$Enumerator::hasMoreElements (53 bytes)
Event: 39.472 Thread 0x0000021ae98bee20 nmethod 6104 0x0000021ad4343810 code [0x0000021ad43439c0, 0x0000021ad4343c98]
Event: 39.472 Thread 0x0000021ae98bee20 6105       3       java.util.Hashtable$Enumerator::nextElement (111 bytes)
Event: 39.472 Thread 0x0000021ae98bee20 nmethod 6105 0x0000021ad4301690 code [0x0000021ad4301860, 0x0000021ad4301d88]
Event: 39.472 Thread 0x0000021ae98bee20 6106       3       java.lang.Character::valueOf (21 bytes)
Event: 39.472 Thread 0x0000021ae98bee20 nmethod 6106 0x0000021ad440ed10 code [0x0000021ad440eec0, 0x0000021ad440f158]
Event: 39.474 Thread 0x0000021ae98bee20 6107       3       org.apache.tomcat.util.buf.MessageBytes::equalsIgnoreCase (78 bytes)
Event: 39.474 Thread 0x0000021ae98bee20 nmethod 6107 0x0000021ad4308990 code [0x0000021ad4308b80, 0x0000021ad4308f08]
Event: 39.474 Thread 0x0000021ae98bee20 6108       3       org.apache.tomcat.util.buf.Ascii::toLower (14 bytes)
Event: 39.474 Thread 0x0000021ae98bee20 nmethod 6108 0x0000021ad433e810 code [0x0000021ad433e9a0, 0x0000021ad433eab8]
Event: 39.474 Thread 0x0000021ae98bee20 6109   !   3       org.apache.tomcat.util.http.parser.HttpParser::isToken (9 bytes)
Event: 39.474 Thread 0x0000021ae98bee20 nmethod 6109 0x0000021ad43dbc90 code [0x0000021ad43dbe20, 0x0000021ad43dbf98]
Event: 39.474 Thread 0x0000021ae98bee20 6110       3       java.lang.invoke.MethodHandles::foldArgumentsWithCombiner (9 bytes)
Event: 39.474 Thread 0x0000021ae98bee20 nmethod 6110 0x0000021ad4357c10 code [0x0000021ad4357da0, 0x0000021ad4357ee8]
Event: 39.475 Thread 0x0000021ae98bee20 6111       3       org.apache.tomcat.util.buf.AbstractChunk::getLength (10 bytes)
Event: 39.475 Thread 0x0000021ae98bee20 nmethod 6111 0x0000021ad4383090 code [0x0000021ad4383220, 0x0000021ad4383338]

GC Heap History (20 events):
Event: 16.239 GC heap before
{Heap before GC invocations=10 (full 0):
 garbage-first heap   total 51200K, used 38482K [0x00000000a1400000, 0x0000000100000000)
  region size 1024K, 20 young (20480K), 2 survivors (2048K)
 Metaspace       used 40930K, committed 41408K, reserved 1089536K
  class space    used 5333K, committed 5568K, reserved 1048576K
}
Event: 16.243 GC heap after
{Heap after GC invocations=11 (full 0):
 garbage-first heap   total 51200K, used 22754K [0x00000000a1400000, 0x0000000100000000)
  region size 1024K, 3 young (3072K), 3 survivors (3072K)
 Metaspace       used 40930K, committed 41408K, reserved 1089536K
  class space    used 5333K, committed 5568K, reserved 1048576K
}
Event: 16.726 GC heap before
{Heap before GC invocations=11 (full 0):
 garbage-first heap   total 51200K, used 38114K [0x00000000a1400000, 0x0000000100000000)
  region size 1024K, 19 young (19456K), 3 survivors (3072K)
 Metaspace       used 44708K, committed 45184K, reserved 1089536K
  class space    used 5865K, committed 6080K, reserved 1048576K
}
Event: 16.729 GC heap after
{Heap after GC invocations=12 (full 0):
 garbage-first heap   total 51200K, used 24408K [0x00000000a1400000, 0x0000000100000000)
  region size 1024K, 2 young (2048K), 2 survivors (2048K)
 Metaspace       used 44708K, committed 45184K, reserved 1089536K
  class space    used 5865K, committed 6080K, reserved 1048576K
}
Event: 17.152 GC heap before
{Heap before GC invocations=12 (full 0):
 garbage-first heap   total 51200K, used 39768K [0x00000000a1400000, 0x0000000100000000)
  region size 1024K, 17 young (17408K), 2 survivors (2048K)
 Metaspace       used 49194K, committed 49600K, reserved 1097728K
  class space    used 6519K, committed 6720K, reserved 1048576K
}
Event: 17.155 GC heap after
{Heap after GC invocations=13 (full 0):
 garbage-first heap   total 51200K, used 25139K [0x00000000a1400000, 0x0000000100000000)
  region size 1024K, 1 young (1024K), 1 survivors (1024K)
 Metaspace       used 49194K, committed 49600K, reserved 1097728K
  class space    used 6519K, committed 6720K, reserved 1048576K
}
Event: 17.543 GC heap before
{Heap before GC invocations=14 (full 0):
 garbage-first heap   total 51200K, used 39475K [0x00000000a1400000, 0x0000000100000000)
  region size 1024K, 16 young (16384K), 1 survivors (1024K)
 Metaspace       used 51546K, committed 52032K, reserved 1097728K
  class space    used 7007K, committed 7232K, reserved 1048576K
}
Event: 17.545 GC heap after
{Heap after GC invocations=15 (full 0):
 garbage-first heap   total 51200K, used 25652K [0x00000000a1400000, 0x0000000100000000)
  region size 1024K, 2 young (2048K), 2 survivors (2048K)
 Metaspace       used 51546K, committed 52032K, reserved 1097728K
  class space    used 7007K, committed 7232K, reserved 1048576K
}
Event: 18.175 GC heap before
{Heap before GC invocations=15 (full 0):
 garbage-first heap   total 51200K, used 41012K [0x00000000a1400000, 0x0000000100000000)
  region size 1024K, 17 young (17408K), 2 survivors (2048K)
 Metaspace       used 54650K, committed 55168K, reserved 1097728K
  class space    used 7434K, committed 7680K, reserved 1048576K
}
Event: 18.178 GC heap after
{Heap after GC invocations=16 (full 0):
 garbage-first heap   total 51200K, used 26197K [0x00000000a1400000, 0x0000000100000000)
  region size 1024K, 2 young (2048K), 2 survivors (2048K)
 Metaspace       used 54650K, committed 55168K, reserved 1097728K
  class space    used 7434K, committed 7680K, reserved 1048576K
}
Event: 18.509 GC heap before
{Heap before GC invocations=17 (full 0):
 garbage-first heap   total 51200K, used 41557K [0x00000000a1400000, 0x0000000100000000)
  region size 1024K, 17 young (17408K), 2 survivors (2048K)
 Metaspace       used 57222K, committed 57728K, reserved 1105920K
  class space    used 7774K, committed 8000K, reserved 1048576K
}
Event: 18.513 GC heap after
{Heap after GC invocations=18 (full 0):
 garbage-first heap   total 51200K, used 27620K [0x00000000a1400000, 0x0000000100000000)
  region size 1024K, 3 young (3072K), 3 survivors (3072K)
 Metaspace       used 57222K, committed 57728K, reserved 1105920K
  class space    used 7774K, committed 8000K, reserved 1048576K
}
Event: 18.739 GC heap before
{Heap before GC invocations=18 (full 0):
 garbage-first heap   total 51200K, used 41956K [0x00000000a1400000, 0x0000000100000000)
  region size 1024K, 17 young (17408K), 3 survivors (3072K)
 Metaspace       used 58607K, committed 59136K, reserved 1105920K
  class space    used 7964K, committed 8192K, reserved 1048576K
}
Event: 18.743 GC heap after
{Heap after GC invocations=19 (full 0):
 garbage-first heap   total 51200K, used 28460K [0x00000000a1400000, 0x0000000100000000)
  region size 1024K, 3 young (3072K), 3 survivors (3072K)
 Metaspace       used 58607K, committed 59136K, reserved 1105920K
  class space    used 7964K, committed 8192K, reserved 1048576K
}
Event: 19.012 GC heap before
{Heap before GC invocations=20 (full 0):
 garbage-first heap   total 51200K, used 41772K [0x00000000a1400000, 0x0000000100000000)
  region size 1024K, 16 young (16384K), 3 survivors (3072K)
 Metaspace       used 60216K, committed 60672K, reserved 1105920K
  class space    used 8196K, committed 8384K, reserved 1048576K
}
Event: 19.016 GC heap after
{Heap after GC invocations=21 (full 0):
 garbage-first heap   total 51200K, used 29584K [0x00000000a1400000, 0x0000000100000000)
  region size 1024K, 2 young (2048K), 2 survivors (2048K)
 Metaspace       used 60216K, committed 60672K, reserved 1105920K
  class space    used 8196K, committed 8384K, reserved 1048576K
}
Event: 19.385 GC heap before
{Heap before GC invocations=21 (full 0):
 garbage-first heap   total 51200K, used 41872K [0x00000000a1400000, 0x0000000100000000)
  region size 1024K, 14 young (14336K), 2 survivors (2048K)
 Metaspace       used 61456K, committed 62016K, reserved 1105920K
  class space    used 8362K, committed 8640K, reserved 1048576K
}
Event: 19.388 GC heap after
{Heap after GC invocations=22 (full 0):
 garbage-first heap   total 51200K, used 31066K [0x00000000a1400000, 0x0000000100000000)
  region size 1024K, 2 young (2048K), 2 survivors (2048K)
 Metaspace       used 61456K, committed 62016K, reserved 1105920K
  class space    used 8362K, committed 8640K, reserved 1048576K
}
Event: 39.397 GC heap before
{Heap before GC invocations=23 (full 0):
 garbage-first heap   total 56320K, used 40282K [0x00000000a1400000, 0x0000000100000000)
  region size 1024K, 12 young (12288K), 2 survivors (2048K)
 Metaspace       used 63012K, committed 63616K, reserved 1105920K
  class space    used 8553K, committed 8832K, reserved 1048576K
}
Event: 39.401 GC heap after
{Heap after GC invocations=24 (full 0):
 garbage-first heap   total 67584K, used 31606K [0x00000000a1400000, 0x0000000100000000)
  region size 1024K, 1 young (1024K), 1 survivors (1024K)
 Metaspace       used 63012K, committed 63616K, reserved 1105920K
  class space    used 8553K, committed 8832K, reserved 1048576K
}

Deoptimization events (20 events):
Event: 19.030 Thread 0x0000021aeae0de40 Uncommon trap: trap_request=0xffffff45 fr.pc=0x0000021adbe78428 relative=0x0000000000001068
Event: 19.030 Thread 0x0000021aeae0de40 Uncommon trap: reason=unstable_if action=reinterpret pc=0x0000021adbe78428 method=java.util.concurrent.ConcurrentHashMap.transfer([Ljava/util/concurrent/ConcurrentHashMap$Node;[Ljava/util/concurrent/ConcurrentHashMap$Node;)V @ 352 c2
Event: 19.030 Thread 0x0000021aeae0de40 DEOPT PACKING pc=0x0000021adbe78428 sp=0x000000407f4fdaf0
Event: 19.030 Thread 0x0000021aeae0de40 DEOPT UNPACKING pc=0x0000021adb8623a3 sp=0x000000407f4fda58 mode 2
Event: 19.125 Thread 0x0000021aeae0de40 Uncommon trap: trap_request=0xffffff45 fr.pc=0x0000021adc018bd0 relative=0x0000000000000050
Event: 19.125 Thread 0x0000021aeae0de40 Uncommon trap: reason=unstable_if action=reinterpret pc=0x0000021adc018bd0 method=java.util.stream.StreamOpFlag.fromCharacteristics(Ljava/util/Spliterator;)I @ 10 c2
Event: 19.125 Thread 0x0000021aeae0de40 DEOPT PACKING pc=0x0000021adc018bd0 sp=0x000000407f4fa6f0
Event: 19.125 Thread 0x0000021aeae0de40 DEOPT UNPACKING pc=0x0000021adb8623a3 sp=0x000000407f4fa688 mode 2
Event: 19.194 Thread 0x0000021aeae0de40 Uncommon trap: trap_request=0xfffffff4 fr.pc=0x0000021adbedc1bc relative=0x000000000000021c
Event: 19.194 Thread 0x0000021aeae0de40 Uncommon trap: reason=null_check action=make_not_entrant pc=0x0000021adbedc1bc method=org.springframework.util.ClassUtils.isAssignable(Ljava/lang/Class;Ljava/lang/Class;)Z @ 14 c2
Event: 19.194 Thread 0x0000021aeae0de40 DEOPT PACKING pc=0x0000021adbedc1bc sp=0x000000407f4fe070
Event: 19.194 Thread 0x0000021aeae0de40 DEOPT UNPACKING pc=0x0000021adb8623a3 sp=0x000000407f4fe000 mode 2
Event: 19.428 Thread 0x0000021aeae0de40 Uncommon trap: trap_request=0xffffff45 fr.pc=0x0000021adbe1be60 relative=0x0000000000000060
Event: 19.428 Thread 0x0000021aeae0de40 Uncommon trap: reason=unstable_if action=reinterpret pc=0x0000021adbe1be60 method=org.springframework.util.ConcurrentReferenceHashMap$Segment.clear()V @ 7 c2
Event: 19.428 Thread 0x0000021aeae0de40 DEOPT PACKING pc=0x0000021adbe1be60 sp=0x000000407f4fe6a0
Event: 19.428 Thread 0x0000021aeae0de40 DEOPT UNPACKING pc=0x0000021adb8623a3 sp=0x000000407f4fe630 mode 2
Event: 19.431 Thread 0x0000021aeae0de40 Uncommon trap: trap_request=0xffffff54 fr.pc=0x0000021adbe5487c relative=0x000000000000033c
Event: 19.431 Thread 0x0000021aeae0de40 Uncommon trap: reason=speculate_null_assert action=make_not_entrant pc=0x0000021adbe5487c method=org.springframework.util.ConcurrentReferenceHashMap$Segment.restructureIfNecessary(Z)V @ 41 c2
Event: 19.431 Thread 0x0000021aeae0de40 DEOPT PACKING pc=0x0000021adbe5487c sp=0x000000407f4fe6f0
Event: 19.431 Thread 0x0000021aeae0de40 DEOPT UNPACKING pc=0x0000021adb8623a3 sp=0x000000407f4fe6b8 mode 2

Classes unloaded (0 events):
No events

Classes redefined (0 events):
No events

Internal exceptions (20 events):
Event: 18.715 Thread 0x0000021aeae0de40 Exception <a 'java/lang/NoSuchMethodError'{0x00000000a3811e98}: 'java.lang.Object java.lang.invoke.DirectMethodHandle$Holder.invokeInterface(java.lang.Object, java.lang.Object, java.lang.Object, java.lang.Object)'> (0x00000000a3811e98) 
thrown [s\open\src\hotspot\share\interpreter\linkResolver.cpp, line 759]
Event: 18.906 Thread 0x0000021aeae0de40 Exception <a 'java/lang/NoSuchMethodError'{0x00000000a3d37378}: 'void java.lang.invoke.DirectMethodHandle$Holder.invokeVirtual(java.lang.Object, java.lang.Object, int)'> (0x00000000a3d37378) 
thrown [s\open\src\hotspot\share\interpreter\linkResolver.cpp, line 759]
Event: 18.908 Thread 0x0000021aeae0de40 Exception <a 'java/lang/NoSuchMethodError'{0x00000000a3d51f88}: 'void java.lang.invoke.DirectMethodHandle$Holder.invokeVirtual(java.lang.Object, java.lang.Object, long)'> (0x00000000a3d51f88) 
thrown [s\open\src\hotspot\share\interpreter\linkResolver.cpp, line 759]
Event: 19.038 Thread 0x0000021aeae0de40 Exception <a 'java/lang/IncompatibleClassChangeError'{0x00000000a4a78a88}: Found class java.lang.Object, but interface was expected> (0x00000000a4a78a88) 
thrown [s\open\src\hotspot\share\interpreter\linkResolver.cpp, line 826]
Event: 19.135 Thread 0x0000021aeae0de40 Exception <a 'java/lang/ClassNotFoundException'{0x00000000a47dc7e0}: nz/net/ultraq/thymeleaf/layoutdialect/decorators/strategies/AppendingStrategyBeanInfo> (0x00000000a47dc7e0) 
thrown [s\open\src\hotspot\share\classfile\systemDictionary.cpp, line 256]
Event: 19.135 Thread 0x0000021aeae0de40 Exception <a 'java/lang/ClassNotFoundException'{0x00000000a47e2778}: nz/net/ultraq/thymeleaf/layoutdialect/decorators/strategies/AppendingStrategyCustomizer> (0x00000000a47e2778) 
thrown [s\open\src\hotspot\share\classfile\systemDictionary.cpp, line 256]
Event: 19.146 Thread 0x0000021aeae0de40 Exception <a 'java/lang/ClassNotFoundException'{0x00000000a463d3d0}: nz/net/ultraq/thymeleaf/layoutdialect/LayoutDialectBeanInfo> (0x00000000a463d3d0) 
thrown [s\open\src\hotspot\share\classfile\systemDictionary.cpp, line 256]
Event: 19.147 Thread 0x0000021aeae0de40 Exception <a 'java/lang/ClassNotFoundException'{0x00000000a46429b8}: org/thymeleaf/dialect/AbstractProcessorDialectBeanInfo> (0x00000000a46429b8) 
thrown [s\open\src\hotspot\share\classfile\systemDictionary.cpp, line 256]
Event: 19.147 Thread 0x0000021aeae0de40 Exception <a 'java/lang/ClassNotFoundException'{0x00000000a4647de8}: org/thymeleaf/dialect/AbstractDialectBeanInfo> (0x00000000a4647de8) 
thrown [s\open\src\hotspot\share\classfile\systemDictionary.cpp, line 256]
Event: 19.147 Thread 0x0000021aeae0de40 Exception <a 'java/lang/ClassNotFoundException'{0x00000000a464d2a0}: org/thymeleaf/dialect/AbstractDialectCustomizer> (0x00000000a464d2a0) 
thrown [s\open\src\hotspot\share\classfile\systemDictionary.cpp, line 256]
Event: 19.148 Thread 0x0000021aeae0de40 Exception <a 'java/lang/ClassNotFoundException'{0x00000000a4654e10}: org/thymeleaf/dialect/AbstractProcessorDialectCustomizer> (0x00000000a4654e10) 
thrown [s\open\src\hotspot\share\classfile\systemDictionary.cpp, line 256]
Event: 19.149 Thread 0x0000021aeae0de40 Exception <a 'java/lang/ClassNotFoundException'{0x00000000a465db70}: nz/net/ultraq/thymeleaf/layoutdialect/LayoutDialectCustomizer> (0x00000000a465db70) 
thrown [s\open\src\hotspot\share\classfile\systemDictionary.cpp, line 256]
Event: 19.194 Thread 0x0000021aeae0de40 Implicit null exception at 0x0000021adbedbfba to 0x0000021adbedc1a8
Event: 19.370 Thread 0x0000021aeae0de40 Exception <a 'java/lang/NoSuchMethodError'{0x00000000a3a1b028}: 'java.lang.Object java.lang.invoke.DirectMethodHandle$Holder.newInvokeSpecial(java.lang.Object, java.lang.Object, int, java.lang.Object, java.lang.Object)'> (0x00000000a3a1b028) 
thrown [s\open\src\hotspot\share\interpreter\linkResolver.cpp, line 759]
Event: 19.371 Thread 0x0000021aeae0de40 Exception <a 'java/lang/NoSuchMethodError'{0x00000000a3a263b8}: 'java.lang.Object java.lang.invoke.DirectMethodHandle$Holder.invokeSpecial(java.lang.Object, java.lang.Object, int, java.lang.Object, int, java.lang.Object)'> (0x00000000a3a263b8) 
thrown [s\open\src\hotspot\share\interpreter\linkResolver.cpp, line 759]
Event: 19.372 Thread 0x0000021aeae0de40 Exception <a 'java/lang/NoSuchMethodError'{0x00000000a3a2e3d8}: 'java.lang.Object java.lang.invoke.DirectMethodHandle$Holder.newInvokeSpecial(java.lang.Object, java.lang.Object, int, java.lang.Object, int)'> (0x00000000a3a2e3d8) 
thrown [s\open\src\hotspot\share\interpreter\linkResolver.cpp, line 759]
Event: 19.372 Thread 0x0000021aeae0de40 Exception <a 'java/lang/NoSuchMethodError'{0x00000000a3a324d8}: 'java.lang.Object java.lang.invoke.DirectMethodHandle$Holder.invokeSpecial(java.lang.Object, java.lang.Object, java.lang.Object, int, java.lang.Object, int)'> (0x00000000a3a324d8) 
thrown [s\open\src\hotspot\share\interpreter\linkResolver.cpp, line 759]
Event: 39.269 Thread 0x0000021aebfe2450 Exception <a 'java/lang/NoSuchMethodError'{0x00000000a43280c8}: 'java.lang.Object java.lang.invoke.DirectMethodHandle$Holder.invokeSpecial(java.lang.Object, java.lang.Object, java.lang.Object, java.lang.Object, java.lang.Object, long)'> (0x00000000a43280c8) 
thrown [s\open\src\hotspot\share\interpreter\linkResolver.cpp, line 759]
Event: 39.269 Thread 0x0000021aebfe2450 Exception <a 'java/lang/NoSuchMethodError'{0x00000000a432bb08}: 'java.lang.Object java.lang.invoke.Invokers$Holder.linkToTargetMethod(java.lang.Object, java.lang.Object, java.lang.Object, long, java.lang.Object)'> (0x00000000a432bb08) 
thrown [s\open\src\hotspot\share\interpreter\linkResolver.cpp, line 759]
Event: 39.364 Thread 0x0000021aebfe2450 Exception <a 'java/lang/NoSuchMethodError'{0x00000000a413d1c0}: 'java.lang.Object java.lang.invoke.DirectMethodHandle$Holder.invokeStatic(java.lang.Object, int, int)'> (0x00000000a413d1c0) 
thrown [s\open\src\hotspot\share\interpreter\linkResolver.cpp, line 759]

VM Operations (20 events):
Event: 33.552 Executing VM operation: Cleanup
Event: 33.552 Executing VM operation: Cleanup done
Event: 39.302 Executing VM operation: HandshakeAllThreads
Event: 39.302 Executing VM operation: HandshakeAllThreads done
Event: 39.302 Executing VM operation: Cleanup
Event: 39.302 Executing VM operation: Cleanup done
Event: 39.302 Executing VM operation: HandshakeAllThreads
Event: 39.302 Executing VM operation: HandshakeAllThreads done
Event: 39.357 Executing VM operation: HandshakeAllThreads
Event: 39.357 Executing VM operation: HandshakeAllThreads done
Event: 39.396 Executing VM operation: G1CollectForAllocation
Event: 39.401 Executing VM operation: G1CollectForAllocation done
Event: 39.401 Executing VM operation: HandshakeAllThreads
Event: 39.401 Executing VM operation: HandshakeAllThreads done
Event: 39.415 Executing VM operation: HandshakeAllThreads
Event: 39.415 Executing VM operation: HandshakeAllThreads done
Event: 39.455 Executing VM operation: HandshakeAllThreads
Event: 39.455 Executing VM operation: HandshakeAllThreads done
Event: 39.464 Executing VM operation: HandshakeAllThreads
Event: 39.464 Executing VM operation: HandshakeAllThreads done

Events (20 events):
Event: 39.411 Thread 0x0000021ae98d0ef0 flushing nmethod 0x0000021ad4d9b990
Event: 39.411 Thread 0x0000021ae98d0ef0 flushing nmethod 0x0000021ad4dbe790
Event: 39.411 Thread 0x0000021ae98d0ef0 flushing nmethod 0x0000021ad4dda590
Event: 39.411 Thread 0x0000021ae98d0ef0 flushing nmethod 0x0000021ad4de3990
Event: 39.411 Thread 0x0000021ae98d0ef0 flushing nmethod 0x0000021ad4de3d10
Event: 39.411 Thread 0x0000021ae98d0ef0 flushing nmethod 0x0000021ad4de4110
Event: 39.411 Thread 0x0000021ae98d0ef0 flushing nmethod 0x0000021ad4de4910
Event: 39.411 Thread 0x0000021ae98d0ef0 flushing nmethod 0x0000021ad4de4d10
Event: 39.411 Thread 0x0000021ae98d0ef0 flushing nmethod 0x0000021ad4e2fa10
Event: 39.411 Thread 0x0000021ae98d0ef0 flushing nmethod 0x0000021ad4e2ff10
Event: 39.411 Thread 0x0000021ae98d0ef0 flushing nmethod 0x0000021ad4e30410
Event: 39.411 Thread 0x0000021ae98d0ef0 flushing nmethod 0x0000021ad4e30710
Event: 39.411 Thread 0x0000021ae98d0ef0 flushing nmethod 0x0000021ad4e38290
Event: 39.411 Thread 0x0000021ae98d0ef0 flushing nmethod 0x0000021ad4e38710
Event: 39.411 Thread 0x0000021ae98d0ef0 flushing nmethod 0x0000021ad4e39090
Event: 39.411 Thread 0x0000021ae98d0ef0 flushing nmethod 0x0000021ad4e39690
Event: 39.411 Thread 0x0000021ae98d0ef0 flushing nmethod 0x0000021ad4e42a10
Event: 39.411 Thread 0x0000021ae98d0ef0 flushing nmethod 0x0000021ad4e43c90
Event: 39.411 Thread 0x0000021ae98d0ef0 flushing nmethod 0x0000021ad4e46290
Event: 39.411 Thread 0x0000021ae98d0ef0 flushing nmethod 0x0000021ad4e47290


Dynamic libraries:
0x00007ff70c840000 - 0x00007ff70c850000 	C:\Program Files\Java\jdk-17\bin\java.exe
0x00007ff8294f0000 - 0x00007ff829704000 	C:\WINDOWS\SYSTEM32\ntdll.dll
0x00007fffd7aa0000 - 0x00007fffd7ab9000 	C:\Program Files\Avast Software\Avast\aswhook.dll
0x00007ff828e50000 - 0x00007ff828f12000 	C:\WINDOWS\System32\KERNEL32.DLL
0x00007ff826cb0000 - 0x00007ff827053000 	C:\WINDOWS\System32\KERNELBASE.dll
0x00007ff826af0000 - 0x00007ff826c01000 	C:\WINDOWS\System32\ucrtbase.dll
0x00007ff802210000 - 0x00007ff80222b000 	C:\Program Files\Java\jdk-17\bin\VCRUNTIME140.dll
0x00007ff80be10000 - 0x00007ff80be29000 	C:\Program Files\Java\jdk-17\bin\jli.dll
0x00007ff827fc0000 - 0x00007ff82806e000 	C:\WINDOWS\System32\ADVAPI32.dll
0x00007ff827f10000 - 0x00007ff827fb7000 	C:\WINDOWS\System32\msvcrt.dll
0x00007ff827380000 - 0x00007ff827424000 	C:\WINDOWS\System32\sechost.dll
0x00007ff8291f0000 - 0x00007ff829307000 	C:\WINDOWS\System32\RPCRT4.dll
0x00007ff8279d0000 - 0x00007ff827b7b000 	C:\WINDOWS\System32\USER32.dll
0x00007ff805400000 - 0x00007ff80568e000 	C:\WINDOWS\WinSxS\amd64_microsoft.windows.common-controls_6595b64144ccf1df_6.0.22621.1635_none_270f70857386168e\COMCTL32.dll
0x00007ff8269d0000 - 0x00007ff8269f6000 	C:\WINDOWS\System32\win32u.dll
0x00007ff828180000 - 0x00007ff8281a9000 	C:\WINDOWS\System32\GDI32.dll
0x00007ff8271d0000 - 0x00007ff8272e8000 	C:\WINDOWS\System32\gdi32full.dll
0x00007ff826c10000 - 0x00007ff826caa000 	C:\WINDOWS\System32\msvcp_win.dll
0x00007ff81b9a0000 - 0x00007ff81b9aa000 	C:\WINDOWS\SYSTEM32\VERSION.dll
0x00007ff828070000 - 0x00007ff8280a1000 	C:\WINDOWS\System32\IMM32.DLL
0x00007ff80d060000 - 0x00007ff80d06c000 	C:\Program Files\Java\jdk-17\bin\vcruntime140_1.dll
0x00007fffd7d40000 - 0x00007fffd7dce000 	C:\Program Files\Java\jdk-17\bin\msvcp140.dll
0x00007fff49390000 - 0x00007fff49f6d000 	C:\Program Files\Java\jdk-17\bin\server\jvm.dll
0x00007ff829040000 - 0x00007ff829048000 	C:\WINDOWS\System32\PSAPI.DLL
0x00007ff81dd10000 - 0x00007ff81dd44000 	C:\WINDOWS\SYSTEM32\WINMM.dll
0x00007ff8140d0000 - 0x00007ff8140d9000 	C:\WINDOWS\SYSTEM32\WSOCK32.dll
0x00007ff829330000 - 0x00007ff8293a1000 	C:\WINDOWS\System32\WS2_32.dll
0x00007ff825960000 - 0x00007ff825978000 	C:\WINDOWS\SYSTEM32\kernel.appcore.dll
0x00007ff80c6f0000 - 0x00007ff80c6fa000 	C:\Program Files\Java\jdk-17\bin\jimage.dll
0x000000006d2f0000 - 0x000000006d486000 	C:\Program Files\Microsoft SQL Server\130\Shared\DBGHELP.DLL
0x00007ff8033e0000 - 0x00007ff8033ee000 	C:\Program Files\Java\jdk-17\bin\instrument.dll
0x00007ff800000000 - 0x00007ff800025000 	C:\Program Files\Java\jdk-17\bin\java.dll
0x00007fffd79c0000 - 0x00007fffd7a97000 	C:\Program Files\Java\jdk-17\bin\jsvml.dll
0x00007ff828480000 - 0x00007ff828c7a000 	C:\WINDOWS\System32\SHELL32.dll
0x00007ff824910000 - 0x00007ff8251de000 	C:\WINDOWS\SYSTEM32\windows.storage.dll
0x00007ff827b80000 - 0x00007ff827f09000 	C:\WINDOWS\System32\combase.dll
0x00007ff8247d0000 - 0x00007ff82490e000 	C:\WINDOWS\SYSTEM32\wintypes.dll
0x00007ff8293b0000 - 0x00007ff8294a1000 	C:\WINDOWS\System32\SHCORE.dll
0x00007ff8290b0000 - 0x00007ff82910e000 	C:\WINDOWS\System32\shlwapi.dll
0x00007ff826840000 - 0x00007ff826861000 	C:\WINDOWS\SYSTEM32\profapi.dll
0x00007ffffeda0000 - 0x00007ffffedb8000 	C:\Program Files\Java\jdk-17\bin\zip.dll
0x00007ff800820000 - 0x00007ff800839000 	C:\Program Files\Java\jdk-17\bin\net.dll
0x00007ff81ddc0000 - 0x00007ff81def7000 	C:\WINDOWS\SYSTEM32\WINHTTP.dll
0x00007ff825dd0000 - 0x00007ff825e39000 	C:\WINDOWS\system32\mswsock.dll
0x00007ffffedc0000 - 0x00007ffffedd6000 	C:\Program Files\Java\jdk-17\bin\nio.dll
0x00007fffe5bf0000 - 0x00007fffe5c0a000 	C:\Program Files\JetBrains\IntelliJ IDEA Community Edition 2023.1\bin\breakgen64.dll
0x00007ff803340000 - 0x00007ff80334a000 	C:\Program Files\Java\jdk-17\bin\management.dll
0x00007ff803060000 - 0x00007ff80306b000 	C:\Program Files\Java\jdk-17\bin\management_ext.dll
0x00007ff806f60000 - 0x00007ff806f70000 	C:\Program Files\Java\jdk-17\bin\verify.dll
0x00007ff826030000 - 0x00007ff82604b000 	C:\WINDOWS\SYSTEM32\CRYPTSP.dll
0x00007ff8258d0000 - 0x00007ff825905000 	C:\WINDOWS\system32\rsaenh.dll
0x00007ff825ed0000 - 0x00007ff825ef8000 	C:\WINDOWS\SYSTEM32\USERENV.dll
0x00007ff8261f0000 - 0x00007ff826218000 	C:\WINDOWS\SYSTEM32\bcrypt.dll
0x00007ff826a00000 - 0x00007ff826a7b000 	C:\WINDOWS\System32\bcryptprimitives.dll
0x00007ff826050000 - 0x00007ff82605c000 	C:\WINDOWS\SYSTEM32\CRYPTBASE.dll
0x00007ff825440000 - 0x00007ff82546d000 	C:\WINDOWS\SYSTEM32\IPHLPAPI.DLL
0x00007ff8281b0000 - 0x00007ff8281b9000 	C:\WINDOWS\System32\NSI.dll
0x00007ff81dd50000 - 0x00007ff81dd69000 	C:\WINDOWS\SYSTEM32\dhcpcsvc6.DLL
0x00007ff81dcc0000 - 0x00007ff81dcdf000 	C:\WINDOWS\SYSTEM32\dhcpcsvc.DLL
0x00007ff8254b0000 - 0x00007ff8255a3000 	C:\WINDOWS\SYSTEM32\DNSAPI.dll
0x00007ff800e60000 - 0x00007ff800e6d000 	C:\Program Files\Java\jdk-17\bin\sunmscapi.dll
0x00007ff827060000 - 0x00007ff8271c7000 	C:\WINDOWS\System32\CRYPT32.dll
0x00007ff8261c0000 - 0x00007ff8261ee000 	C:\WINDOWS\SYSTEM32\ncrypt.dll
0x00007ff826180000 - 0x00007ff8261b7000 	C:\WINDOWS\SYSTEM32\NTASN1.dll
0x000000006f530000 - 0x000000006f556000 	C:\Program Files\Bonjour\mdnsNSP.dll
0x00007ff81a420000 - 0x00007ff81a42a000 	C:\Windows\System32\rasadhlp.dll
0x00007ff81b8a0000 - 0x00007ff81b924000 	C:\WINDOWS\System32\fwpuclnt.dll
0x00007ff815e40000 - 0x00007ff815e48000 	C:\WINDOWS\system32\wshunix.dll

dbghelp: loaded successfully - version: 4.0.5 - missing functions: none
symbol engine: initialized successfully - sym options: 0x614 - pdb path: .;C:\Program Files\Java\jdk-17\bin;C:\WINDOWS\SYSTEM32;C:\Program Files\Avast Software\Avast;C:\WINDOWS\WinSxS\amd64_microsoft.windows.common-controls_6595b64144ccf1df_6.0.22621.1635_none_270f70857386168e;C:\Program Files\Java\jdk-17\bin\server;C:\Program Files\Microsoft SQL Server\130\Shared;C:\Program Files\JetBrains\IntelliJ IDEA Community Edition 2023.1\bin;C:\Program Files\Bonjour

VM Arguments:
jvm_args: -javaagent:C:\Program Files\JetBrains\IntelliJ IDEA Community Edition 2023.1\lib\idea_rt.jar=61002:C:\Program Files\JetBrains\IntelliJ IDEA Community Edition 2023.1\bin -Dfile.encoding=UTF-8 
java_command: ISM.ProjetSpringAngularFlutterApplication
java_class_path (initial): C:\Users\Lenovo X395\Desktop\ProjetSpring\target\classes;C:\Users\Lenovo X395\.m2\repository\org\springframework\boot\spring-boot-starter-data-jpa\3.0.2\spring-boot-starter-data-jpa-3.0.2.jar;C:\Users\Lenovo X395\.m2\repository\org\springframework\boot\spring-boot-starter-aop\3.0.2\spring-boot-starter-aop-3.0.2.jar;C:\Users\Lenovo X395\.m2\repository\org\springframework\spring-aop\6.0.4\spring-aop-6.0.4.jar;C:\Users\Lenovo X395\.m2\repository\org\aspectj\aspectjweaver\1.9.19\aspectjweaver-1.9.19.jar;C:\Users\Lenovo X395\.m2\repository\org\springframework\boot\spring-boot-starter-jdbc\3.0.2\spring-boot-starter-jdbc-3.0.2.jar;C:\Users\Lenovo X395\.m2\repository\com\zaxxer\HikariCP\5.0.1\HikariCP-5.0.1.jar;C:\Users\Lenovo X395\.m2\repository\org\springframework\spring-jdbc\6.0.4\spring-jdbc-6.0.4.jar;C:\Users\Lenovo X395\.m2\repository\org\hibernate\orm\hibernate-core\6.1.6.Final\hibernate-core-6.1.6.Final.jar;C:\Users\Lenovo X395\.m2\repository\jakarta\persistence\jakarta.persistence-api\3.1.0\jakarta.persistence-api-3.1.0.jar;C:\Users\Lenovo X395\.m2\repository\jakarta\transaction\jakarta.transaction-api\2.0.1\jakarta.transaction-api-2.0.1.jar;C:\Users\Lenovo X395\.m2\repository\org\jboss\logging\jboss-logging\3.5.0.Final\jboss-logging-3.5.0.Final.jar;C:\Users\Lenovo X395\.m2\repository\org\hibernate\common\hibernate-commons-annotations\6.0.2.Final\hibernate-commons-annotations-6.0.2.Final.jar;C:\Users\Lenovo X395\.m2\repository\org\jboss\jandex\2.4.2.Final\jandex-2.4.2.Final.jar;C:\Users\Lenovo X395\.m2\repository\com\fasterxml\classmate\1.5.1\classmate-1.5.1.jar;C:\Users\Lenovo X395\.m2\repository\net\bytebuddy\byte-buddy\1.12.22\byte-buddy-1.12.22.jar;C:\Users\Lenovo X395\.m2\repository\org\glassfish\jaxb\jaxb-runtime\4.0.1\jaxb-runtime-4.0.1.jar;C:\Users\Lenovo X395\.m2\repository\org\glassfish\jaxb\jaxb-core\4.0.1\jaxb-core-4.0.1.jar;C:\Users\Lenovo X395\.m2\repository\org\eclipse\angus\angus-activation\1.0.0\angus-activation-1.0.0.j
Launcher Type: SUN_STANDARD

[Global flags]
     intx CICompilerCount                          = 4                                         {product} {ergonomic}
     uint ConcGCThreads                            = 2                                         {product} {ergonomic}
     uint G1ConcRefinementThreads                  = 8                                         {product} {ergonomic}
   size_t G1HeapRegionSize                         = 1048576                                   {product} {ergonomic}
    uintx GCDrainStackTargetSize                   = 64                                        {product} {ergonomic}
   size_t InitialHeapSize                          = 100663296                                 {product} {ergonomic}
   size_t MarkStackSize                            = 4194304                                   {product} {ergonomic}
   size_t MaxHeapSize                              = 1589641216                                {product} {ergonomic}
   size_t MaxNewSize                               = 953155584                                 {product} {ergonomic}
   size_t MinHeapDeltaBytes                        = 1048576                                   {product} {ergonomic}
   size_t MinHeapSize                              = 8388608                                   {product} {ergonomic}
    uintx NonNMethodCodeHeapSize                   = 5839372                                {pd product} {ergonomic}
    uintx NonProfiledCodeHeapSize                  = 122909434                              {pd product} {ergonomic}
    uintx ProfiledCodeHeapSize                     = 122909434                              {pd product} {ergonomic}
    uintx ReservedCodeCacheSize                    = 251658240                              {pd product} {ergonomic}
     bool SegmentedCodeCache                       = true                                      {product} {ergonomic}
   size_t SoftMaxHeapSize                          = 1589641216                             {manageable} {ergonomic}
     bool UseCompressedClassPointers               = true                           {product lp64_product} {ergonomic}
     bool UseCompressedOops                        = true                           {product lp64_product} {ergonomic}
     bool UseG1GC                                  = true                                      {product} {ergonomic}
     bool UseLargePagesIndividualAllocation        = false                                  {pd product} {ergonomic}

Logging:
Log output configuration:
 #0: stdout all=warning uptime,level,tags
 #1: stderr all=off uptime,level,tags

Environment Variables:
JAVA_HOME=C:\Program Files\Java\jdk1.8.0_251
PATH=C:\Program Files\Common Files\Oracle\Java\javapath;C:\Oracle\App\product\DBHome_19\bin;C:\Program Files (x86)\VMware\VMware Workstation\bin\;C:\Program Files (x86)\Common Files\Oracle\Java\javapath;C:\Windows\system32;C:\Windows;C:\Windows\System32\Wbem;C:\Windows\System32\WindowsPowerShell\v1.0\;C:\Windows\System32\OpenSSH\;C:\xampp\php;C:\Program Files\Microsoft SQL Server\150\Tools\Binn\;C:\Program Files\Microsoft SQL Server\Client SDK\ODBC\170\Tools\Binn\;C:\Program Files\Microsoft SQL Server\Client SDK\ODBC\130\Tools\Binn\;C:\Program Files (x86)\Microsoft SQL Server\130\Tools\Binn\;C:\Program Files\Microsoft SQL Server\130\Tools\Binn\;C:\Program Files\Microsoft SQL Server\130\DTS\Binn\;C:\Program Files (x86)\Microsoft SQL Server\Client SDK\ODBC\130\Tools\Binn\;C:\Program Files (x86)\Microsoft SQL Server\140\Tools\Binn\;C:\Program Files (x86)\Microsoft SQL Server\140\DTS\Binn\;C:\Program Files (x86)\Microsoft SQL Server\140\Tools\Binn\ManagementStudio\;C:\Program Files\dotnet\;C:\ProgramData\ComposerSetup\bin;C:\Program Files\Git\cmd;C:\WINDOWS\system32;C:\WINDOWS;C:\WINDOWS\System32\Wbem;C:\WINDOWS\System32\WindowsPowerShell\v1.0\;C:\WINDOWS\System32\OpenSSH\;C:\Program Files\nodejs\;C:\ProgramData\chocolatey\bin;C:\Program Files (x86)\dotnet\;C:\Python311\Scripts\;C:\Python311\;C:\Users\Lenovo X395\scoop\shims;C:\Users\Lenovo X395\AppData\Local\Microsoft\WindowsApps;C:\Users\Lenovo X395\AppData\Local\Programs\Microsoft VS Code\bin;C:\Users\Lenovo X395\AppData\Roaming\Composer\vendor\bin;C:\Program Files\Java\jdk1.8.0_251bin;C:\Users\Lenovo X395\Downloads\TPSSL\install;C:\OpenSSL\bin;C:\Users\Lenovo X395\.dotnet\tools;C:\src\flutter\bin;;C:\Users\Lenovo X395\AppData\Local\Microsoft\WindowsApps;C:\Users\Lenovo X395\AppData\Roaming\npm
USERNAME=Lenovo X395
OS=Windows_NT
PROCESSOR_IDENTIFIER=AMD64 Family 23 Model 24 Stepping 1, AuthenticAMD



---------------  S Y S T E M  ---------------

OS:
 Windows 11 , 64 bit Build 22621 (10.0.22621.1635)
OS uptime: 1 days 13:58 hours

CPU: total 8 (initial active 8) (8 cores per cpu, 2 threads per core) family 23 model 24 stepping 1 microcode 0x0, cx8, cmov, fxsr, ht, mmx, 3dnowpref, sse, sse2, sse3, ssse3, sse4a, sse4.1, sse4.2, popcnt, lzcnt, tsc, tscinvbit, avx, avx2, aes, clmul, bmi1, bmi2, adx, sha, fma, vzeroupper, clflush, clflushopt

Memory: 4k page, system-wide physical 6056M (209M free)
TotalPageFile size 24488M (AvailPageFile size 92M)
current process WorkingSet (physical memory assigned to process): 217M, peak: 223M
current process commit charge ("private bytes"): 270M, peak: 271M

vm_info: Java HotSpot(TM) 64-Bit Server VM (17.0.7+8-LTS-224) for windows-amd64 JRE (17.0.7+8-LTS-224), built on Feb 28 2023 23:03:02 by "mach5one" with MS VC++ 17.1 (VS2022)

END.
